/home/runner/work/junit4/junit4/target/surefire/surefirebooter775964603887033463.jar
/home/runner/work/junit4/junit4/target/distro-javadoc-sources/hamcrest-core-1.3-sources/org/hamcrest/CoreMatchers.java
/home/runner/work/junit4/junit4/target/distro-javadoc-sources/hamcrest-core-1.3-sources/org/hamcrest/BaseDescription.java
/home/runner/work/junit4/junit4/target/distro-javadoc-sources/hamcrest-core-1.3-sources/org/hamcrest/core/IsInstanceOf.java
/home/runner/work/junit4/junit4/target/distro-javadoc-sources/hamcrest-core-1.3-sources/org/hamcrest/core/IsEqual.java
/home/runner/work/junit4/junit4/target/distro-javadoc-sources/hamcrest-core-1.3-sources/org/hamcrest/internal/ReflectiveTypeFinder.java
/home/runner/work/junit4/junit4/target/distro-javadoc-sources/hamcrest-core-1.3-sources/org/hamcrest/core/IsCollectionContaining.java
/home/runner/work/junit4/junit4/target/distro-javadoc-sources/hamcrest-core-1.3-sources/org/hamcrest/core/Is.java
/home/runner/work/junit4/junit4/target/distro-javadoc-sources/hamcrest-core-1.3-sources/org/hamcrest/core/IsNull.java
/home/runner/work/junit4/junit4/target/distro-javadoc-sources/hamcrest-core-1.3-sources/org/hamcrest/core/Every.java
/home/runner/work/junit4/junit4/target/distro-javadoc-sources/hamcrest-core-1.3-sources/org/hamcrest/Condition.java
/home/runner/work/junit4/junit4/target/distro-javadoc-sources/hamcrest-core-1.3-sources/org/hamcrest/core/IsNot.java
/home/runner/work/junit4/junit4/target/distro-javadoc-sources/hamcrest-core-1.3-sources/org/hamcrest/CustomMatcher.java
/home/runner/work/junit4/junit4/target/distro-javadoc-sources/hamcrest-core-1.3-sources/org/hamcrest/CustomTypeSafeMatcher.java
/home/runner/work/junit4/junit4/target/distro-javadoc-sources/hamcrest-core-1.3-sources/org/hamcrest/Description.java
/home/runner/work/junit4/junit4/target/distro-javadoc-sources/hamcrest-core-1.3-sources/org/hamcrest/TypeSafeMatcher.java
/home/runner/work/junit4/junit4/target/distro-javadoc-sources/hamcrest-core-1.3-sources/org/hamcrest/TypeSafeDiagnosingMatcher.java
/home/runner/work/junit4/junit4/target/distro-javadoc-sources/hamcrest-core-1.3-sources/org/hamcrest/core/DescribedAs.java
/home/runner/work/junit4/junit4/target/distro-javadoc-sources/hamcrest-core-1.3-sources/org/hamcrest/core/CombinableMatcher.java
/home/runner/work/junit4/junit4/target/distro-javadoc-sources/hamcrest-core-1.3-sources/org/hamcrest/core/AnyOf.java
/home/runner/work/junit4/junit4/target/distro-javadoc-sources/hamcrest-core-1.3-sources/org/hamcrest/core/AllOf.java
/home/runner/work/junit4/junit4/target/distro-javadoc-sources/hamcrest-core-1.3-sources/org/hamcrest/Matcher.java
/home/runner/work/junit4/junit4/target/distro-javadoc-sources/hamcrest-core-1.3-sources/org/hamcrest/FeatureMatcher.java
/home/runner/work/junit4/junit4/target/classes/org/junit/AssumptionViolatedException.class
/home/runner/work/junit4/junit4/target/test-classes/org/junit/tests/SampleJUnit4Tests$FakeClassUnderTest.class
/home/runner/work/junit4/junit4/target/classes/org/junit/rules/Timeout$1.class
/home/runner/work/junit4/junit4/target/classes/org/junit/rules/Timeout$Builder.class
/home/runner/work/junit4/junit4/target/classes/org/junit/rules/Timeout.class
/home/runner/work/junit4/junit4/target/classes/org/junit/rules/TestWatchman$1.class
/home/runner/work/junit4/junit4/target/classes/org/junit/rules/TestWatchman.class
/home/runner/work/junit4/junit4/target/classes/org/junit/internal/runners/MethodRoadie$1$1.class
/home/runner/work/junit4/junit4/target/test-classes/org/junit/tests/SampleJUnit4Tests$TestWithSuppressedException.class
/home/runner/work/junit4/junit4/target/classes/junit/textui/TestRunner.class
/home/runner/work/junit4/junit4/target/classes/org/junit/internal/builders/NullBuilder.class
/home/runner/work/junit4/junit4/target/classes/org/junit/Before.class
/home/runner/work/junit4/junit4/target/classes/org/junit/rules/Stopwatch.class
/home/runner/work/junit4/junit4/target/classes/org/junit/internal/runners/FailedBefore.class
/home/runner/work/junit4/junit4/target/classes/org/junit/internal/runners/ClassRoadie.class
/home/runner/work/junit4/junit4/target/classes/org/junit/runners/model/TestTimedOutException.class
/home/runner/work/junit4/junit4/target/classes/org/junit/experimental/theories/Theory.class
/home/runner/work/junit4/junit4/target/classes/org/junit/internal/runners/MethodRoadie$1.class
/home/runner/work/junit4/junit4/target/classes/org/junit/internal/runners/MethodRoadie$2.class
/home/runner/work/junit4/junit4/target/classes/org/junit/internal/runners/MethodRoadie.class
/home/runner/work/junit4/junit4/target/classes/junit/framework/ComparisonFailure.class
/home/runner/work/junit4/junit4/target/test-classes/org/junit/tests/SampleJUnit4Tests$TestWithThrowingMethodRule.class
/home/runner/work/junit4/junit4/target/classes/org/junit/rules/TestName.class
/home/runner/work/junit4/junit4/target/test-classes/org/junit/tests/SampleJUnit4Tests$ThrowingMethodRule.class
/home/runner/work/junit4/junit4/target/classes/org/junit/internal/runners/rules/ValidationError.class
/home/runner/work/junit4/junit4/target/classes/org/junit/rules/TestWatcher$1.class
/home/runner/work/junit4/junit4/target/classes/org/junit/rules/TestWatcher.class
/home/runner/work/junit4/junit4/target/classes/org/junit/runners/JUnit4.class
/home/runner/work/junit4/junit4/target/classes/org/junit/internal/requests/ClassRequest$CustomAllDefaultPossibilitiesBuilder.class
/home/runner/work/junit4/junit4/target/classes/org/junit/internal/management/ManagementFactory$RuntimeHolder.class
/home/runner/work/junit4/junit4/target/classes/org/junit/internal/requests/ClassRequest$CustomSuiteMethodBuilder.class
/home/runner/work/junit4/junit4/target/classes/org/junit/rules/Stopwatch$1.class
/home/runner/work/junit4/junit4/target/classes/org/junit/rules/Stopwatch$Clock.class
/home/runner/work/junit4/junit4/target/classes/org/junit/internal/requests/ClassRequest$1.class
/home/runner/work/junit4/junit4/target/classes/org/junit/internal/requests/ClassRequest.class
/home/runner/work/junit4/junit4/target/classes/org/junit/internal/builders/AllDefaultPossibilitiesBuilder.class
/home/runner/work/junit4/junit4/target/classes/org/junit/rules/Stopwatch$InternalWatcher.class
/home/runner/work/junit4/junit4/target/classes/org/junit/internal/builders/JUnit3Builder.class
/home/runner/work/junit4/junit4/target/classes/org/junit/internal/builders/IgnoredBuilder.class
/home/runner/work/junit4/junit4/target/classes/org/junit/validator/PublicClassValidator.class
/home/runner/work/junit4/junit4/target/classes/org/junit/experimental/results/FailureList.class
/home/runner/work/junit4/junit4/target/classes/org/junit/internal/requests/FilterRequest.class
/home/runner/work/junit4/junit4/target/classes/org/junit/internal/ExactComparisonCriteria.class
/home/runner/work/junit4/junit4/target/classes/junit/runner/Version.class
/home/runner/work/junit4/junit4/target/classes/org/junit/internal/management/ManagementFactory$FactoryHolder.class
/home/runner/work/junit4/junit4/target/classes/org/junit/internal/Throwables$State$3.class
/home/runner/work/junit4/junit4/target/classes/org/junit/internal/management/ManagementFactory$ThreadHolder.class
/home/runner/work/junit4/junit4/target/test-classes/org/junit/runners/parameterized/BlockJUnit4ClassRunnerWithParametersTest.class
/home/runner/work/junit4/junit4/target/test-classes/org/junit/tests/experimental/theories/runner/WhenNoParametersMatch.class
/home/runner/work/junit4/junit4/target/test-classes/org/junit/tests/validation/BadlyFormedClassesTest$FaultyConstructor.class
/home/runner/work/junit4/junit4/target/classes/org/junit/internal/requests/SortingRequest.class
/home/runner/work/junit4/junit4/target/classes/org/junit/internal/matchers/StacktracePrintingMatcher.class
/home/runner/work/junit4/junit4/target/classes/org/junit/internal/management/ReflectiveRuntimeMXBean.class
/home/runner/work/junit4/junit4/target/classes/org/junit/internal/management/ReflectiveRuntimeMXBean$Holder.class
/home/runner/work/junit4/junit4/target/classes/org/junit/experimental/theories/DataPoints.class
/home/runner/work/junit4/junit4/target/classes/org/junit/runner/manipulation/Alphanumeric.class
/home/runner/work/junit4/junit4/target/classes/org/junit/runner/manipulation/Alphanumeric$1.class
/home/runner/work/junit4/junit4/target/classes/org/junit/runners/AllTests.class
/home/runner/work/junit4/junit4/target/classes/org/junit/experimental/categories/Category.class
/home/runner/work/junit4/junit4/target/test-classes/org/junit/tests/SampleJUnit4Tests$TestWithOneThrowingTestMethodWithCause.class
/home/runner/work/junit4/junit4/target/classes/org/junit/experimental/theories/suppliers/TestedOnSupplier.class
/home/runner/work/junit4/junit4/target/classes/junit/extensions/RepeatedTest.class
/home/runner/work/junit4/junit4/target/classes/org/junit/internal/runners/model/ReflectiveCallable.class
/home/runner/work/junit4/junit4/target/test-classes/org/junit/tests/experimental/theories/runner/WhenNoParametersMatch$AssumptionsFail.class
/home/runner/work/junit4/junit4/target/test-classes/org/junit/runners/parameterized/BlockJUnit4ClassRunnerWithParametersTest$ClassWithPrivateParameter.class
/home/runner/work/junit4/junit4/target/classes/org/junit/internal/management/ManagementFactory.class
/home/runner/work/junit4/junit4/target/test-classes/org/junit/runners/parameterized/BlockJUnit4ClassRunnerWithParametersTest$DummyAnnotation.class
/home/runner/work/junit4/junit4/target/test-classes/junit/tests/framework/ThreeTestCases.class
/home/runner/work/junit4/junit4/target/test-classes/org/junit/tests/experimental/theories/PotentialAssignmentTest$1.class
/home/runner/work/junit4/junit4/target/test-classes/org/junit/tests/validation/AllValidationTests.class
/home/runner/work/junit4/junit4/target/test-classes/junit/tests/WasRun.class
/home/runner/work/junit4/junit4/target/test-classes/org/junit/rules/TemporaryFolderRuleAssuredDeletionTest.class
/home/runner/work/junit4/junit4/target/test-classes/org/junit/rules/TemporaryFolderRuleAssuredDeletionTest$TestClass.class
/home/runner/work/junit4/junit4/target/test-classes/org/junit/experimental/categories/CategoryFilterFactoryTest.class
/home/runner/work/junit4/junit4/target/test-classes/org/junit/tests/experimental/theories/PotentialAssignmentTest$2.class
/home/runner/work/junit4/junit4/target/test-classes/org/junit/tests/experimental/theories/PotentialAssignmentTest.class
/home/runner/work/junit4/junit4/target/test-classes/org/junit/tests/experimental/results/ResultMatchersTest.class
/home/runner/work/junit4/junit4/target/test-classes/org/junit/tests/SampleJUnit4Tests$TestWithOneThrowingTestMethod.class
/home/runner/work/junit4/junit4/target/test-classes/junit/tests/framework/Success.class
/home/runner/work/junit4/junit4/target/test-classes/org/junit/runners/parameterized/BlockJUnit4ClassRunnerWithParametersTest$ClassWithParameterizedAnnotation.class
/home/runner/work/junit4/junit4/target/classes/org/junit/internal/runners/MethodValidator.class
/home/runner/work/junit4/junit4/target/classes/org/junit/internal/runners/statements/InvokeMethod.class
/home/runner/work/junit4/junit4/target/classes/org/junit/runner/RunWith.class
/home/runner/work/junit4/junit4/target/classes/org/junit/experimental/theories/internal/EnumSupplier.class
/home/runner/work/junit4/junit4/target/classes/org/junit/Assume.class
/home/runner/work/junit4/junit4/target/test-classes/org/junit/tests/SampleJUnit4Tests$TestWithThrowingTestRule.class
/home/runner/work/junit4/junit4/target/classes/org/junit/runners/parameterized/BlockJUnit4ClassRunnerWithParametersFactory.class
/home/runner/work/junit4/junit4/target/classes/org/junit/internal/runners/ErrorReportingRunner.class
/home/runner/work/junit4/junit4/target/classes/org/junit/internal/Throwables.class
/home/runner/work/junit4/junit4/target/classes/org/junit/internal/Throwables$State.class
/home/runner/work/junit4/junit4/target/classes/org/junit/internal/Throwables$State$4.class
/home/runner/work/junit4/junit4/target/test-classes/org/junit/tests/SampleJUnit4Tests$TestWithThrowingClassRule.class
/home/runner/work/junit4/junit4/target/classes/org/junit/internal/Throwables$State$2.class
/home/runner/work/junit4/junit4/target/classes/org/junit/internal/Throwables$State$1.class
/home/runner/work/junit4/junit4/target/classes/org/junit/internal/Throwables$1.class
/home/runner/work/junit4/junit4/target/classes/org/junit/runner/FilterFactories.class
/home/runner/work/junit4/junit4/target/classes/org/junit/internal/matchers/TypeSafeMatcher.class
/home/runner/work/junit4/junit4/target/classes/org/junit/Rule.class
/home/runner/work/junit4/junit4/target/classes/org/junit/internal/management/ThreadMXBean.class
/home/runner/work/junit4/junit4/target/classes/junit/runner/TestRunListener.class
/home/runner/work/junit4/junit4/target/classes/org/junit/experimental/theories/suppliers/TestedOn.class
/home/runner/work/junit4/junit4/target/test-classes/org/junit/runner/FilterOptionIntegrationTest$DummyTestClass.class
/home/runner/work/junit4/junit4/target/test-classes/org/junit/tests/validation/BadlyFormedClassesTest.class
/home/runner/work/junit4/junit4/target/classes/org/junit/experimental/theories/internal/AllMembersSupplier.class
/home/runner/work/junit4/junit4/target/classes/org/junit/experimental/theories/internal/AllMembersSupplier$1.class
/home/runner/work/junit4/junit4/target/classes/org/junit/experimental/theories/internal/AllMembersSupplier$MethodParameterValue.class
/home/runner/work/junit4/junit4/target/classes/org/junit/experimental/theories/internal/SpecificDataPointsSupplier.class
/home/runner/work/junit4/junit4/target/test-classes/org/junit/tests/validation/BadlyFormedClassesTest$BadBeforeMethodWithLegacyRunner.class
/home/runner/work/junit4/junit4/target/classes/junit/framework/ComparisonCompactor.class
/home/runner/work/junit4/junit4/target/test-classes/junit/tests/extensions/ActiveTestTest$SuccessTest.class
/home/runner/work/junit4/junit4/target/classes/org/junit/internal/management/FakeThreadMXBean.class
/home/runner/work/junit4/junit4/target/test-classes/junit/tests/extensions/ActiveTestTest.class
/home/runner/work/junit4/junit4/target/test-classes/org/junit/runner/FilterOptionIntegrationTest$TestListener.class
/home/runner/work/junit4/junit4/target/classes/org/junit/Ignore.class
/home/runner/work/junit4/junit4/target/test-classes/org/junit/tests/SampleJUnit4Tests$TestWithThrowingBeforeMethod.class
/home/runner/work/junit4/junit4/target/test-classes/org/junit/tests/SampleJUnit4Tests$ThrowingTestRule.class
/home/runner/work/junit4/junit4/target/classes/org/junit/runner/JUnitCore.class
/home/runner/work/junit4/junit4/target/test-classes/org/junit/tests/validation/BadlyFormedClassesTest$NoTests.class
/home/runner/work/junit4/junit4/target/classes/org/junit/experimental/theories/ParametersSuppliedBy.class
/home/runner/work/junit4/junit4/target/classes/org/junit/experimental/runners/Enclosed.class
/home/runner/work/junit4/junit4/target/classes/org/junit/runners/parameterized/ParametersRunnerFactory.class
/home/runner/work/junit4/junit4/target/classes/org/junit/runners/parameterized/TestWithParameters.class
/home/runner/work/junit4/junit4/target/classes/org/junit/runners/Suite.class
/home/runner/work/junit4/junit4/target/classes/org/junit/runners/Suite$SuiteClasses.class
/home/runner/work/junit4/junit4/target/classes/org/junit/runners/parameterized/BlockJUnit4ClassRunnerWithParameters.class
/home/runner/work/junit4/junit4/target/classes/org/junit/runners/parameterized/BlockJUnit4ClassRunnerWithParameters$1.class
/home/runner/work/junit4/junit4/target/classes/org/junit/runners/parameterized/BlockJUnit4ClassRunnerWithParameters$RunAfterParams.class
/home/runner/work/junit4/junit4/target/classes/org/junit/runners/parameterized/BlockJUnit4ClassRunnerWithParameters$RunBeforeParams.class
/home/runner/work/junit4/junit4/target/classes/org/junit/runners/parameterized/BlockJUnit4ClassRunnerWithParameters$InjectionType.class
/home/runner/work/junit4/junit4/target/classes/org/junit/runners/Parameterized.class
/home/runner/work/junit4/junit4/target/classes/org/junit/runners/Parameterized$1.class
/home/runner/work/junit4/junit4/target/classes/org/junit/runners/Parameterized$RunnersFactory.class
/home/runner/work/junit4/junit4/target/classes/org/junit/runners/Parameterized$AssumptionViolationRunner.class
/home/runner/work/junit4/junit4/target/classes/org/junit/runners/Parameterized$AfterParam.class
/home/runner/work/junit4/junit4/target/classes/org/junit/runners/Parameterized$BeforeParam.class
/home/runner/work/junit4/junit4/target/classes/org/junit/runners/Parameterized$UseParametersRunnerFactory.class
/home/runner/work/junit4/junit4/target/classes/org/junit/runners/Parameterized$Parameter.class
/home/runner/work/junit4/junit4/target/classes/org/junit/runners/Parameterized$Parameters.class
/home/runner/work/junit4/junit4/target/classes/org/junit/internal/runners/statements/RunAfters.class
/home/runner/work/junit4/junit4/target/classes/org/junit/rules/ExternalResource.class
/home/runner/work/junit4/junit4/target/classes/org/junit/runners/model/InvalidTestClassError.class
/home/runner/work/junit4/junit4/target/classes/org/junit/internal/runners/statements/RunBefores.class
/home/runner/work/junit4/junit4/target/classes/org/junit/validator/AnnotationValidator.class
/home/runner/work/junit4/junit4/target/classes/org/junit/internal/runners/statements/FailOnTimeout$Builder.class
/home/runner/work/junit4/junit4/target/classes/org/junit/TestCouldNotBeSkippedException.class
/home/runner/work/junit4/junit4/target/classes/org/junit/internal/management/FakeRuntimeMXBean.class
/home/runner/work/junit4/junit4/target/classes/org/junit/internal/AssumptionViolatedException.class
/home/runner/work/junit4/junit4/target/classes/org/junit/internal/runners/model/EachTestNotifier.class
/home/runner/work/junit4/junit4/target/classes/junit/framework/JUnit4TestAdapterCache.class
/home/runner/work/junit4/junit4/target/classes/junit/framework/JUnit4TestAdapterCache$1.class
/home/runner/work/junit4/junit4/target/classes/junit/framework/JUnit4TestAdapter.class
/home/runner/work/junit4/junit4/target/classes/org/junit/internal/management/RuntimeMXBean.class
/home/runner/work/junit4/junit4/target/classes/org/junit/internal/runners/TestClass.class
/home/runner/work/junit4/junit4/target/classes/org/junit/rules/ExpectedExceptionMatcherBuilder.class
/home/runner/work/junit4/junit4/target/classes/org/junit/rules/ExpectedException.class
/home/runner/work/junit4/junit4/target/classes/org/junit/rules/ExpectedException$ExpectedExceptionStatement.class
/home/runner/work/junit4/junit4/target/classes/org/junit/internal/matchers/ThrowableMessageMatcher.class
/home/runner/work/junit4/junit4/target/classes/org/junit/internal/matchers/ThrowableCauseMatcher.class
/home/runner/work/junit4/junit4/target/classes/org/junit/internal/requests/MemoizingRequest.class
/home/runner/work/junit4/junit4/target/classes/org/junit/rules/DisableOnDebug.class
/home/runner/work/junit4/junit4/target/classes/org/junit/internal/runners/statements/FailOnTimeout.class
/home/runner/work/junit4/junit4/target/classes/org/junit/internal/runners/statements/FailOnTimeout$1.class
/home/runner/work/junit4/junit4/target/classes/org/junit/internal/runners/statements/FailOnTimeout$CallableStatement.class
/home/runner/work/junit4/junit4/target/classes/org/junit/rules/ExternalResource$1.class
/home/runner/work/junit4/junit4/target/classes/org/junit/experimental/categories/CategoryValidator.class
/home/runner/work/junit4/junit4/target/classes/org/junit/AfterClass.class
/home/runner/work/junit4/junit4/target/classes/org/junit/runners/model/TestClass.class
/home/runner/work/junit4/junit4/target/classes/org/junit/runners/model/TestClass$FieldComparator.class
/home/runner/work/junit4/junit4/target/classes/org/junit/runners/model/TestClass$2.class
/home/runner/work/junit4/junit4/target/classes/org/junit/runners/model/TestClass$1.class
/home/runner/work/junit4/junit4/target/classes/org/junit/internal/MethodSorter.class
/home/runner/work/junit4/junit4/target/classes/org/junit/internal/MethodSorter$2.class
/home/runner/work/junit4/junit4/target/classes/org/junit/internal/MethodSorter$1.class
/home/runner/work/junit4/junit4/target/classes/org/junit/runners/model/Annotatable.class
/home/runner/work/junit4/junit4/target/classes/org/junit/runners/model/FrameworkMember.class
/home/runner/work/junit4/junit4/target/test-classes/org/junit/runner/FilterOptionIntegrationTest.class
/home/runner/work/junit4/junit4/target/classes/org/junit/runners/model/FrameworkMethod$1.class
/home/runner/work/junit4/junit4/target/classes/org/junit/runner/manipulation/Sortable.class
/home/runner/work/junit4/junit4/target/classes/org/junit/runner/manipulation/Orderable.class
/home/runner/work/junit4/junit4/target/classes/org/junit/runner/manipulation/Filterable.class
/home/runner/work/junit4/junit4/target/classes/org/junit/runners/ParentRunner.class
/home/runner/work/junit4/junit4/target/classes/org/junit/runners/ParentRunner$ClassRuleCollector.class
/home/runner/work/junit4/junit4/target/classes/org/junit/runners/ParentRunner$5.class
/home/runner/work/junit4/junit4/target/classes/org/junit/runners/ParentRunner$4.class
/home/runner/work/junit4/junit4/target/classes/org/junit/runners/ParentRunner$3.class
/home/runner/work/junit4/junit4/target/classes/org/junit/runners/model/TestClass$MethodComparator.class
/home/runner/work/junit4/junit4/target/classes/org/junit/runners/model/Statement.class
/home/runner/work/junit4/junit4/target/classes/org/junit/function/ThrowingRunnable.class
/home/runner/work/junit4/junit4/target/classes/org/junit/rules/MethodRule.class
/home/runner/work/junit4/junit4/target/classes/org/junit/internal/ArrayComparisonFailure.class
/home/runner/work/junit4/junit4/target/classes/org/junit/Assert.class
/home/runner/work/junit4/junit4/target/classes/org/junit/runners/model/MultipleFailureException.class
/home/runner/work/junit4/junit4/target/classes/org/junit/internal/runners/model/MultipleFailureException.class
/home/runner/work/junit4/junit4/target/classes/org/junit/internal/runners/statements/Fail.class
/home/runner/work/junit4/junit4/target/classes/org/junit/matchers/JUnitMatchers.class
/home/runner/work/junit4/junit4/target/classes/org/junit/rules/RunRules.class
/home/runner/work/junit4/junit4/target/classes/org/junit/runner/manipulation/Orderer.class
/home/runner/work/junit4/junit4/target/classes/org/junit/runner/manipulation/Sorter.class
/home/runner/work/junit4/junit4/target/classes/org/junit/runner/manipulation/Sorter$1.class
/home/runner/work/junit4/junit4/target/classes/org/junit/runners/model/RunnerScheduler.class
/home/runner/work/junit4/junit4/target/classes/org/junit/runners/MethodSorters.class
/home/runner/work/junit4/junit4/target/classes/org/junit/FixMethodOrder.class
/home/runner/work/junit4/junit4/target/classes/org/junit/runners/model/MemberValueConsumer.class
/home/runner/work/junit4/junit4/target/classes/org/junit/runners/model/FrameworkField.class
/home/runner/work/junit4/junit4/target/classes/org/junit/runners/RuleContainer.class
/home/runner/work/junit4/junit4/target/classes/org/junit/runners/RuleContainer$RuleEntry.class
/home/runner/work/junit4/junit4/target/classes/org/junit/runners/RuleContainer$1.class
/home/runner/work/junit4/junit4/target/classes/org/junit/rules/TestRule.class
/home/runner/work/junit4/junit4/target/classes/org/junit/internal/runners/statements/ExpectException.class
/home/runner/work/junit4/junit4/target/classes/org/junit/validator/AnnotationValidatorFactory.class
/home/runner/work/junit4/junit4/target/classes/org/junit/validator/ValidateWith.class
/home/runner/work/junit4/junit4/target/classes/org/junit/validator/AnnotationsValidator$FieldValidator.class
/home/runner/work/junit4/junit4/target/classes/org/junit/validator/AnnotationsValidator$ClassValidator.class
/home/runner/work/junit4/junit4/target/classes/org/junit/validator/AnnotationsValidator$AnnotatableValidator.class
/home/runner/work/junit4/junit4/target/classes/org/junit/experimental/categories/IncludeCategories.class
/home/runner/work/junit4/junit4/target/classes/org/junit/experimental/categories/IncludeCategories$IncludesAny.class
/home/runner/work/junit4/junit4/target/classes/org/junit/experimental/max/MaxHistory.class
/home/runner/work/junit4/junit4/target/classes/org/junit/experimental/max/MaxHistory$1.class
/home/runner/work/junit4/junit4/target/classes/org/junit/experimental/max/MaxHistory$TestComparator.class
/home/runner/work/junit4/junit4/target/classes/org/junit/experimental/max/MaxHistory$RememberingListener.class
/home/runner/work/junit4/junit4/target/classes/org/junit/internal/SerializableValueDescription.class
/home/runner/work/junit4/junit4/target/classes/org/junit/internal/runners/TestMethod.class
/home/runner/work/junit4/junit4/target/classes/org/junit/internal/runners/JUnit4ClassRunner.class
/home/runner/work/junit4/junit4/target/classes/org/junit/internal/runners/JUnit4ClassRunner$2.class
/home/runner/work/junit4/junit4/target/classes/org/junit/internal/runners/JUnit4ClassRunner$1.class
/home/runner/work/junit4/junit4/target/classes/junit/textui/ResultPrinter.class
/home/runner/work/junit4/junit4/target/classes/org/junit/runner/OrderWith.class
/home/runner/work/junit4/junit4/target/classes/org/junit/internal/runners/InitializationError.class
/home/runner/work/junit4/junit4/target/classes/org/junit/internal/builders/SuiteMethodBuilder.class
/home/runner/work/junit4/junit4/target/classes/org/junit/runner/JUnitCommandLineParseResult.class
/home/runner/work/junit4/junit4/target/classes/org/junit/runner/JUnitCommandLineParseResult$CommandLineParserError.class
/home/runner/work/junit4/junit4/target/classes/org/junit/validator/AnnotationsValidator$MethodValidator.class
/home/runner/work/junit4/junit4/target/classes/org/junit/validator/AnnotationsValidator$1.class
/home/runner/work/junit4/junit4/target/classes/junit/runner/BaseTestRunner.class
/home/runner/work/junit4/junit4/target/classes/org/junit/validator/AnnotationsValidator.class
/home/runner/work/junit4/junit4/target/classes/org/junit/internal/Classes.class
/home/runner/work/junit4/junit4/target/classes/org/junit/internal/ComparisonCriteria.class
/home/runner/work/junit4/junit4/target/classes/org/junit/internal/ComparisonCriteria$1.class
/home/runner/work/junit4/junit4/target/classes/org/junit/internal/InexactComparisonCriteria.class
/home/runner/work/junit4/junit4/target/classes/org/junit/internal/builders/IgnoredClassRunner.class
/home/runner/work/junit4/junit4/target/classes/org/junit/runners/model/NoGenericTypeParametersValidator.class
/home/runner/work/junit4/junit4/target/test-classes/org/junit/runner/FilterOptionIntegrationTest$DummyTestClass0.class
/home/runner/work/junit4/junit4/target/test-classes/org/junit/runner/FilterOptionIntegrationTest$DummyTestClass1.class
/home/runner/work/junit4/junit4/target/test-classes/org/junit/runner/FilterOptionIntegrationTest$DummyTestClass01.class
/home/runner/work/junit4/junit4/target/test-classes/org/junit/runner/FilterOptionIntegrationTest$DummyTestClass0TestMethod1.class
/home/runner/work/junit4/junit4/target/test-classes/org/junit/runner/FilterOptionIntegrationTest$DummyCategory0.class
/home/runner/work/junit4/junit4/target/test-classes/org/junit/tests/SampleJUnit4Tests.class
/home/runner/work/junit4/junit4/target/classes/org/junit/experimental/theories/Theories.class
/home/runner/work/junit4/junit4/target/classes/org/junit/experimental/theories/Theories$TheoryAnchor.class
/home/runner/work/junit4/junit4/target/classes/org/junit/experimental/theories/Theories$TheoryAnchor$2.class
/home/runner/work/junit4/junit4/target/classes/org/junit/experimental/theories/Theories$TheoryAnchor$1.class
/home/runner/work/junit4/junit4/target/classes/org/junit/experimental/theories/Theories$TheoryAnchor$1$1.class
/home/runner/work/junit4/junit4/target/classes/junit/extensions/ActiveTestSuite.class
/home/runner/work/junit4/junit4/target/classes/junit/extensions/ActiveTestSuite$1.class
/home/runner/work/junit4/junit4/target/classes/org/junit/internal/SerializableMatcherDescription.class
/home/runner/work/junit4/junit4/target/classes/org/junit/internal/builders/AnnotatedBuilder.class
/home/runner/work/junit4/junit4/target/classes/org/junit/experimental/theories/internal/ParameterizedAssertionError.class
/home/runner/work/junit4/junit4/target/classes/org/junit/experimental/results/ResultMatchers.class
/home/runner/work/junit4/junit4/target/classes/org/junit/experimental/categories/Categories.class
/home/runner/work/junit4/junit4/target/classes/org/junit/experimental/categories/Categories$CategoryFilter.class
/home/runner/work/junit4/junit4/target/classes/org/junit/experimental/categories/Categories$ExcludeCategory.class
/home/runner/work/junit4/junit4/target/classes/org/junit/experimental/categories/Categories$IncludeCategory.class
/home/runner/work/junit4/junit4/target/classes/org/junit/experimental/ParallelComputer.class
/home/runner/work/junit4/junit4/target/classes/org/junit/experimental/ParallelComputer$1.class
/home/runner/work/junit4/junit4/target/classes/org/junit/After.class
/home/runner/work/junit4/junit4/target/classes/junit/extensions/TestDecorator.class
/home/runner/work/junit4/junit4/target/classes/junit/extensions/TestSetup.class
/home/runner/work/junit4/junit4/target/classes/junit/extensions/TestSetup$1.class
/home/runner/work/junit4/junit4/target/classes/org/junit/rules/TemporaryFolder.class
/home/runner/work/junit4/junit4/target/classes/org/junit/rules/TemporaryFolder$Builder.class
/home/runner/work/junit4/junit4/target/classes/org/junit/experimental/max/CouldNotReadCoreException.class
/home/runner/work/junit4/junit4/target/classes/org/junit/ComparisonFailure.class
/home/runner/work/junit4/junit4/target/classes/org/junit/ComparisonFailure$1.class
/home/runner/work/junit4/junit4/target/classes/org/junit/ComparisonFailure$ComparisonCompactor.class
/home/runner/work/junit4/junit4/target/classes/org/junit/ComparisonFailure$ComparisonCompactor$DiffExtractor.class
/home/runner/work/junit4/junit4/target/classes/org/junit/rules/RuleChain.class
/home/runner/work/junit4/junit4/target/classes/org/junit/experimental/theories/internal/Assignments.class
/home/runner/work/junit4/junit4/target/classes/org/junit/experimental/categories/ExcludeCategories$ExcludesAny.class
/home/runner/work/junit4/junit4/target/classes/org/junit/experimental/categories/ExcludeCategories.class
/home/runner/work/junit4/junit4/target/classes/org/junit/experimental/categories/CategoryFilterFactory.class
/home/runner/work/junit4/junit4/target/classes/org/junit/internal/runners/JUnit38ClassRunner$OldTestClassAdaptingListener.class
/home/runner/work/junit4/junit4/target/classes/org/junit/experimental/results/ResultMatchers$4.class
/home/runner/work/junit4/junit4/target/classes/org/junit/experimental/results/ResultMatchers$3.class
/home/runner/work/junit4/junit4/target/classes/org/junit/experimental/results/ResultMatchers$2.class
/home/runner/work/junit4/junit4/target/classes/org/junit/experimental/results/ResultMatchers$1.class
/home/runner/work/junit4/junit4/target/classes/junit/framework/TestSuite.class
/home/runner/work/junit4/junit4/target/classes/junit/framework/TestSuite$1.class
/home/runner/work/junit4/junit4/target/classes/org/junit/internal/runners/JUnit38ClassRunner.class
/home/runner/work/junit4/junit4/target/classes/org/junit/internal/runners/JUnit38ClassRunner$1.class
/home/runner/work/junit4/junit4/target/classes/org/junit/internal/runners/SuiteMethod.class
/home/runner/work/junit4/junit4/target/classes/org/junit/runner/FilterFactory$FilterNotCreatedException.class
/home/runner/work/junit4/junit4/target/classes/org/junit/ClassRule.class
/home/runner/work/junit4/junit4/target/classes/org/junit/internal/RealSystem.class
/home/runner/work/junit4/junit4/target/classes/org/junit/experimental/theories/DataPoint.class
/home/runner/work/junit4/junit4/target/classes/org/junit/internal/requests/OrderingRequest.class
/home/runner/work/junit4/junit4/target/classes/org/junit/BeforeClass.class
/home/runner/work/junit4/junit4/target/classes/org/junit/runner/OrderWithValidator.class
/home/runner/work/junit4/junit4/target/classes/org/junit/runner/FilterFactoryParams.class
/home/runner/work/junit4/junit4/target/classes/org/junit/runner/FilterFactory.class
/home/runner/work/junit4/junit4/target/test-classes/org/junit/runner/FilterOptionIntegrationTest$DummyCategory1.class
/home/runner/work/junit4/junit4/target/test-classes/org/junit/tests/running/classes/ParameterizedTestTest$TestWithUseParametersRunnerFactoryAnnotation.class
/home/runner/work/junit4/junit4/target/test-classes/org/junit/tests/experimental/theories/internal/ParameterizedAssertionErrorTest$1.class
/home/runner/work/junit4/junit4/target/test-classes/org/junit/tests/experimental/theories/internal/SpecificDataPointsSupplierTest$TestClassWithNamedDataPoints.class
/home/runner/work/junit4/junit4/target/test-classes/org/junit/internal/builders/AnnotatedBuilderTest$OuterClass$InnerClassWithoutOwnRunWith$MostInnerClass.class
/home/runner/work/junit4/junit4/target/test-classes/org/junit/internal/builders/AnnotatedBuilderTest$OuterClass$InnerClassWithoutOwnRunWith.class
/home/runner/work/junit4/junit4/target/test-classes/org/junit/internal/builders/AnnotatedBuilderTest$OuterClass$InnerClassWithOwnRunWith$MostInnerClass.class
/home/runner/work/junit4/junit4/target/test-classes/org/junit/internal/builders/AnnotatedBuilderTest$OuterClass$InnerClassWithOwnRunWith.class
/home/runner/work/junit4/junit4/target/test-classes/org/junit/internal/builders/AnnotatedBuilderTest$OuterClass.class
/home/runner/work/junit4/junit4/target/test-classes/org/junit/internal/builders/AnnotatedBuilderTest$InnerRunner.class
/home/runner/work/junit4/junit4/target/test-classes/org/junit/internal/builders/AnnotatedBuilderTest.class
/home/runner/work/junit4/junit4/target/test-classes/org/junit/runner/RunnerSpy.class
/home/runner/work/junit4/junit4/target/test-classes/org/junit/tests/experimental/theories/runner/WithParameterSupplier$SimplePotentialAssignment.class
/home/runner/work/junit4/junit4/target/test-classes/org/junit/tests/experimental/parallel/ParallelMethodTest$Example.class
/home/runner/work/junit4/junit4/target/test-classes/org/junit/tests/experimental/parallel/AllParallelTests.class
/home/runner/work/junit4/junit4/target/test-classes/org/junit/tests/running/methods/AllMethodsTests.class
/home/runner/work/junit4/junit4/target/test-classes/junit/tests/extensions/ExtensionTest.class
/home/runner/work/junit4/junit4/target/test-classes/junit/tests/extensions/ExtensionTest$5.class
/home/runner/work/junit4/junit4/target/test-classes/junit/tests/extensions/ExtensionTest$4.class
/home/runner/work/junit4/junit4/target/test-classes/junit/tests/extensions/ExtensionTest$3.class
/home/runner/work/junit4/junit4/target/test-classes/junit/tests/extensions/ExtensionTest$2.class
/home/runner/work/junit4/junit4/target/test-classes/org/junit/tests/experimental/theories/internal/SpecificDataPointsSupplierTest.class
/home/runner/work/junit4/junit4/target/test-classes/junit/tests/extensions/ExtensionTest$TornDown.class
/home/runner/work/junit4/junit4/target/test-classes/org/junit/tests/experimental/theories/runner/SuccessfulWithDataPointFields.class
/home/runner/work/junit4/junit4/target/test-classes/org/junit/rules/RuleMemberValidatorTest$NonPublicTestWithClassRule.class
/home/runner/work/junit4/junit4/target/test-classes/org/junit/rules/RuleMemberValidatorTest$TestWithStaticClassAndTestRule.class
/home/runner/work/junit4/junit4/target/test-classes/org/junit/rules/RuleMemberValidatorTest$TestWithNonStaticClassRule.class
/home/runner/work/junit4/junit4/target/test-classes/org/junit/rules/RuleMemberValidatorTest$TestWithProtectedClassRule.class
/home/runner/work/junit4/junit4/target/test-classes/org/junit/tests/running/methods/ParameterizedTestMethodTest.class
/home/runner/work/junit4/junit4/target/test-classes/org/junit/tests/running/methods/ParameterizedTestMethodTest$SubShadows.class
/home/runner/work/junit4/junit4/target/test-classes/org/junit/tests/running/methods/ParameterizedTestMethodTest$SubWrong.class
/home/runner/work/junit4/junit4/target/test-classes/org/junit/tests/running/methods/ParameterizedTestMethodTest$SuperWrong.class
/home/runner/work/junit4/junit4/target/test-classes/org/junit/tests/running/methods/ParameterizedTestMethodTest$EverythingWrong.class
/home/runner/work/junit4/junit4/target/test-classes/org/junit/tests/junit3compatibility/InitializationErrorForwardCompatibilityTest.class
/home/runner/work/junit4/junit4/target/test-classes/org/junit/tests/junit3compatibility/InitializationErrorForwardCompatibilityTest$ErrorRememberingListener.class
/home/runner/work/junit4/junit4/target/test-classes/org/junit/tests/junit3compatibility/InitializationErrorForwardCompatibilityTest$CantInitializeTests.class
/home/runner/work/junit4/junit4/target/test-classes/org/junit/tests/junit3compatibility/InitializationErrorForwardCompatibilityTest$CantInitialize.class
/home/runner/work/junit4/junit4/target/test-classes/org/junit/tests/experimental/theories/runner/SuccessfulWithDataPointFields$StaticPublicNonDataPoints.class
/home/runner/work/junit4/junit4/target/test-classes/junit/tests/extensions/ExtensionTest$1.class
/home/runner/work/junit4/junit4/target/test-classes/org/junit/rules/ClassRulesTest.class
/home/runner/work/junit4/junit4/target/test-classes/org/junit/tests/experimental/theories/internal/ParameterizedAssertionErrorTest.class
/home/runner/work/junit4/junit4/target/test-classes/org/junit/rules/ClassRulesTest$Counter.class
/home/runner/work/junit4/junit4/target/test-classes/org/junit/tests/experimental/theories/runner/WithParameterSupplier$SimpleSupplier.class
/home/runner/work/junit4/junit4/target/test-classes/org/junit/tests/experimental/theories/runner/WithParameterSupplier$TestClassUsingParameterSupplier.class
/home/runner/work/junit4/junit4/target/test-classes/org/junit/tests/experimental/theories/runner/WithParameterSupplier$SupplierWithUnknownConstructor.class
/home/runner/work/junit4/junit4/target/test-classes/org/junit/tests/experimental/theories/runner/WithParameterSupplier$TestClassUsingSupplierWithUnknownConstructor.class
/home/runner/work/junit4/junit4/target/test-classes/org/junit/experimental/categories/JavadocTest$A.class
/home/runner/work/junit4/junit4/target/test-classes/org/junit/tests/experimental/theories/runner/WithParameterSupplier$SupplierWithTwoConstructors.class
/home/runner/work/junit4/junit4/target/test-classes/org/junit/experimental/categories/JavadocTest$SlowTests.class
/home/runner/work/junit4/junit4/target/test-classes/org/junit/tests/experimental/theories/runner/WithParameterSupplier$TestClassUsingSupplierWithTwoConstructors.class
/home/runner/work/junit4/junit4/target/test-classes/org/junit/tests/junit3compatibility/JUnit38ClassRunnerTest.class
/home/runner/work/junit4/junit4/target/test-classes/org/junit/tests/junit3compatibility/JUnit38ClassRunnerTest$RejectAllTestsFilter.class
/home/runner/work/junit4/junit4/target/test-classes/org/junit/tests/junit3compatibility/JUnit38ClassRunnerTest$DerivedAnnotatedMethod.class
/home/runner/work/junit4/junit4/target/test-classes/org/junit/tests/junit3compatibility/JUnit38ClassRunnerTest$JUnit3ClassWithAnnotatedMethod.class
/home/runner/work/junit4/junit4/target/test-classes/org/junit/tests/junit3compatibility/JUnit38ClassRunnerTest$MyAnnotation.class
/home/runner/work/junit4/junit4/target/test-classes/org/junit/tests/junit3compatibility/JUnit38ClassRunnerTest$ClassWithInvalidMethod.class
/home/runner/work/junit4/junit4/target/test-classes/org/junit/tests/junit3compatibility/JUnit38ClassRunnerTest$1.class
/home/runner/work/junit4/junit4/target/test-classes/org/junit/tests/experimental/theories/runner/WithParameterSupplier$SupplierWithTestClassConstructor.class
/home/runner/work/junit4/junit4/target/test-classes/org/junit/tests/junit3compatibility/JUnit38ClassRunnerTest$AnnotatedTest.class
/home/runner/work/junit4/junit4/target/test-classes/org/junit/rules/LoggingTestRule.class
/home/runner/work/junit4/junit4/target/test-classes/org/junit/rules/ClassRulesTest$ExampleTestWithClassRule.class
/home/runner/work/junit4/junit4/target/test-classes/org/junit/rules/ClassRulesTest$SubclassOfTestWithClassRule.class
/home/runner/work/junit4/junit4/target/test-classes/org/junit/rules/ClassRulesTest$ClassRulesModifiableList.class
/home/runner/work/junit4/junit4/target/test-classes/org/junit/rules/ClassRulesTest$ClassRulesModifiableListEmpty.class
/home/runner/work/junit4/junit4/target/test-classes/org/junit/rules/ClassRulesTest$RunnerWithClassRuleAddedProgrammatically.class
/home/runner/work/junit4/junit4/target/test-classes/org/junit/rules/ClassRulesTest$ClassRuleOrderingDefault.class
/home/runner/work/junit4/junit4/target/test-classes/org/junit/rules/ClassRulesTest$ClassRuleOrdering.class
/home/runner/work/junit4/junit4/target/test-classes/org/junit/rules/ClassRulesTest$CallMethodOnlyOnceRule.class
/home/runner/work/junit4/junit4/target/test-classes/org/junit/rules/ClassRulesTest$CallMethodOnlyOnceRule$Dummy.class
/home/runner/work/junit4/junit4/target/test-classes/org/junit/rules/ClassRulesTest$CallMethodOnlyOnceRule$Dummy$1.class
/home/runner/work/junit4/junit4/target/test-classes/org/junit/rules/ClassRulesTest$MethodExampleTestWithCustomClassRule.class
/home/runner/work/junit4/junit4/target/test-classes/org/junit/rules/ClassRulesTest$MethodSubclassOfTestWithClassRule.class
/home/runner/work/junit4/junit4/target/test-classes/org/junit/rules/ClassRulesTest$MethodExampleTestWithClassRule.class
/home/runner/work/junit4/junit4/target/test-classes/org/junit/rules/ClassRulesTest$UsesFieldAndMethodRule.class
/home/runner/work/junit4/junit4/target/test-classes/org/junit/rules/ClassRulesTest$OrderTestRule.class
/home/runner/work/junit4/junit4/target/test-classes/org/junit/rules/ClassRulesTest$OrderTestRule$1.class
/home/runner/work/junit4/junit4/target/test-classes/org/junit/rules/ClassRulesTest$ExampleTestWithCustomClassRule.class
/home/runner/work/junit4/junit4/target/test-classes/org/junit/rules/ClassRulesTest$CustomCounter.class
/home/runner/work/junit4/junit4/target/test-classes/org/junit/rules/ClassRulesTest$CustomCounter$1.class
/home/runner/work/junit4/junit4/target/test-classes/org/junit/rules/RuleMemberValidatorTest$TestWithClassRuleIsImplementationOfMethodRule.class
/home/runner/work/junit4/junit4/target/test-classes/org/junit/runners/model/TestClassTest$PublicClass.class
/home/runner/work/junit4/junit4/target/test-classes/org/junit/runners/model/TestClassTest$DummyClass.class
/home/runner/work/junit4/junit4/target/test-classes/org/junit/runners/model/TestClassTest$MethodsAnnotated.class
/home/runner/work/junit4/junit4/target/test-classes/org/junit/runners/model/TestClassTest$FieldAnnotated.class
/home/runner/work/junit4/junit4/target/test-classes/org/junit/runners/model/TestClassTest$SimpleClass.class
/home/runner/work/junit4/junit4/target/test-classes/org/junit/runners/model/TestClassTest$OuterClass2.class
/home/runner/work/junit4/junit4/target/test-classes/org/junit/runners/model/TestClassTest$OuterClass2$StaticInnerClass.class
/home/runner/work/junit4/junit4/target/test-classes/org/junit/runners/model/TestClassTest$OuterClass.class
/home/runner/work/junit4/junit4/target/test-classes/org/junit/runners/model/TestClassTest$OuterClass$NonStaticInnerClass.class
/home/runner/work/junit4/junit4/target/test-classes/org/junit/runners/model/TestClassTest$SubclassWithField.class
/home/runner/work/junit4/junit4/target/test-classes/org/junit/runners/model/TestClassTest$SuperclassWithField.class
/home/runner/work/junit4/junit4/target/test-classes/org/junit/runners/model/TestClassTest$TwoConstructors.class
/home/runner/work/junit4/junit4/target/test-classes/org/junit/tests/experimental/theories/runner/WithNamedDataPoints.class
/home/runner/work/junit4/junit4/target/test-classes/org/junit/tests/experimental/theories/runner/WithNamedDataPoints$HasSpecificDatapointsParameters.class
/home/runner/work/junit4/junit4/target/test-classes/org/junit/internal/AllInternalTests.class
/home/runner/work/junit4/junit4/target/test-classes/junit/tests/framework/ComparisonCompactorTest.class
/home/runner/work/junit4/junit4/target/test-classes/org/junit/tests/running/classes/RunWithTest.class
/home/runner/work/junit4/junit4/target/test-classes/org/junit/tests/running/classes/RunWithTest$Empty.class
/home/runner/work/junit4/junit4/target/test-classes/org/junit/runners/model/TestClassTest$AnotherDummyClass.class
/home/runner/work/junit4/junit4/target/test-classes/org/junit/runners/model/TestClassTest$NonPublicClass.class
/home/runner/work/junit4/junit4/target/test-classes/org/junit/rules/RuleMemberValidatorTest$TestWithClassRuleMethodThatReturnsMethodRule.class
/home/runner/work/junit4/junit4/target/test-classes/org/junit/runners/model/TestClassTest$AnnotatedClass.class
/home/runner/work/junit4/junit4/target/test-classes/org/junit/tests/experimental/theories/runner/SuccessfulWithDataPointFields$DifferentTypesInConstructor.class
/home/runner/work/junit4/junit4/target/test-classes/org/junit/tests/experimental/theories/runner/SuccessfulWithDataPointFields$PositiveIntsWithMethodParams.class
/home/runner/work/junit4/junit4/target/test-classes/org/junit/tests/experimental/theories/runner/SuccessfulWithDataPointFields$PositiveIntsWithNegativeField.class
/home/runner/work/junit4/junit4/target/test-classes/org/junit/tests/experimental/theories/runner/SuccessfulWithDataPointFields$PositiveInts.class
/home/runner/work/junit4/junit4/target/test-classes/org/junit/tests/experimental/theories/runner/SuccessfulWithDataPointFields$NewObjectEachTime.class
/home/runner/work/junit4/junit4/target/test-classes/org/junit/tests/experimental/theories/runner/SuccessfulWithDataPointFields$BeforeAndAfterOnSameInstance.class
/home/runner/work/junit4/junit4/target/test-classes/org/junit/tests/experimental/theories/runner/SuccessfulWithDataPointFields$HasATwoParameterTheory.class
/home/runner/work/junit4/junit4/target/test-classes/org/junit/tests/experimental/theories/runner/FailingDataPointMethods.class
/home/runner/work/junit4/junit4/target/test-classes/org/junit/tests/experimental/theories/runner/FailingDataPointMethods$HasWronglyIgnoredFailingMultipleDataPointMethod.class
/home/runner/work/junit4/junit4/target/test-classes/org/junit/tests/experimental/theories/runner/FailingDataPointMethods$HasWronglyIgnoredFailingSingleDataPointMethod.class
/home/runner/work/junit4/junit4/target/test-classes/org/junit/tests/experimental/theories/runner/FailingDataPointMethods$HasIgnoredFailingMultipleDataPointMethod.class
/home/runner/work/junit4/junit4/target/test-classes/org/junit/tests/experimental/theories/runner/FailingDataPointMethods$HasIgnoredFailingSingleDataPointMethod.class
/home/runner/work/junit4/junit4/target/test-classes/org/junit/tests/experimental/theories/runner/FailingDataPointMethods$HasFailingDataPointArrayMethod.class
/home/runner/work/junit4/junit4/target/test-classes/org/junit/tests/manipulation/FilterTest.class
/home/runner/work/junit4/junit4/target/test-classes/org/junit/tests/manipulation/FilterTest$NamedFilter.class
/home/runner/work/junit4/junit4/target/test-classes/org/junit/runners/model/TestClassTest.class
/home/runner/work/junit4/junit4/target/test-classes/org/junit/tests/running/classes/RunWithTest$BadRunner.class
/home/runner/work/junit4/junit4/target/test-classes/org/junit/tests/running/classes/RunWithTest$SubExampleTest.class
/home/runner/work/junit4/junit4/target/test-classes/org/junit/tests/running/classes/RunWithTest$ExampleTest.class
/home/runner/work/junit4/junit4/target/test-classes/org/junit/tests/running/classes/RunWithTest$ExampleRunner.class
/home/runner/work/junit4/junit4/target/test-classes/org/junit/rules/RuleMemberValidatorTest$MethodTestWithArbitraryObjectWithRuleAnnotation.class
/home/runner/work/junit4/junit4/target/test-classes/org/junit/rules/RuleMemberValidatorTest$MethodTestWithMethodRule.class
/home/runner/work/junit4/junit4/target/test-classes/org/junit/rules/RuleMemberValidatorTest$TestMethodWithStaticMethodRule.class
/home/runner/work/junit4/junit4/target/test-classes/org/junit/rules/RuleMemberValidatorTest$TestMethodWithStaticTestRule.class
/home/runner/work/junit4/junit4/target/test-classes/org/junit/rules/RuleMemberValidatorTest$TestMethodWithNonStaticTestRule.class
/home/runner/work/junit4/junit4/target/test-classes/org/junit/rules/RuleMemberValidatorTest$MethodTestWithStaticClassAndTestRule.class
/home/runner/work/junit4/junit4/target/test-classes/org/junit/rules/RuleMemberValidatorTest$MethodTestWithNonStaticClassRule.class
/home/runner/work/junit4/junit4/target/test-classes/org/junit/rules/RuleMemberValidatorTest$MethodTestWithProtectedClassRule.class
/home/runner/work/junit4/junit4/target/test-classes/org/junit/rules/RuleMemberValidatorTest$TestWithArbitraryObjectWithRuleAnnotation.class
/home/runner/work/junit4/junit4/target/test-classes/org/junit/rules/RuleMemberValidatorTest$TestWithMethodRule.class
/home/runner/work/junit4/junit4/target/test-classes/org/junit/rules/RuleMemberValidatorTest$TestWithStaticMethodRule.class
/home/runner/work/junit4/junit4/target/test-classes/org/junit/rules/RuleMemberValidatorTest$TestWithStaticTestRule.class
/home/runner/work/junit4/junit4/target/test-classes/org/junit/rules/RuleMemberValidatorTest$TestWithNonStaticTestRule.class
/home/runner/work/junit4/junit4/target/test-classes/org/junit/rules/RuleMemberValidatorTest$TestWithClassRuleMethodReturnsAnArbitraryObject.class
/home/runner/work/junit4/junit4/target/test-classes/org/junit/rules/RuleMemberValidatorTest$TestWithClassRuleIsAnArbitraryObject.class
/home/runner/work/junit4/junit4/target/test-classes/org/junit/rules/RuleMemberValidatorTest.class
/home/runner/work/junit4/junit4/target/test-classes/org/junit/tests/running/classes/ParentRunnerTest$CountingRunListener.class
/home/runner/work/junit4/junit4/target/test-classes/org/junit/tests/experimental/theories/ParameterSignatureTest.class
/home/runner/work/junit4/junit4/target/test-classes/org/junit/internal/runners/ErrorReportingRunnerTest.class
/home/runner/work/junit4/junit4/target/test-classes/org/junit/internal/runners/ErrorReportingRunnerTest$TestClassWithErrors.class
/home/runner/work/junit4/junit4/target/test-classes/org/junit/internal/runners/ErrorReportingRunnerTest$1.class
/home/runner/work/junit4/junit4/target/test-classes/org/junit/tests/experimental/theories/extendingwithstubs/Correspondent.class
/home/runner/work/junit4/junit4/target/test-classes/org/junit/tests/experimental/theories/extendingwithstubs/StubbedTheoriesTest.class
/home/runner/work/junit4/junit4/target/test-classes/org/junit/tests/running/classes/ParentRunnerTest.class
/home/runner/work/junit4/junit4/target/test-classes/org/junit/tests/running/classes/ParentRunnerTest$TestTest.class
/home/runner/work/junit4/junit4/target/test-classes/org/junit/tests/running/classes/ParentRunnerTest$FruitTest.class
/home/runner/work/junit4/junit4/target/test-classes/org/junit/tests/running/classes/ParentRunnerTest$AssumptionViolatedAtParentLevelTest.class
/home/runner/work/junit4/junit4/target/test-classes/org/junit/tests/running/classes/ParentRunnerTest$AssertionErrorAtParentLevelTest.class
/home/runner/work/junit4/junit4/target/test-classes/org/junit/tests/running/classes/ParentRunnerTest$NonPublicTestClass.class
/home/runner/work/junit4/junit4/target/test-classes/org/junit/tests/running/classes/ParentRunnerTest$ExampleTest.class
/home/runner/work/junit4/junit4/target/test-classes/org/junit/tests/running/classes/ParentRunnerTest$Exclude.class
/home/runner/work/junit4/junit4/target/test-classes/org/junit/tests/running/classes/ParentRunnerTest$2.class
/home/runner/work/junit4/junit4/target/test-classes/org/junit/tests/running/classes/ParentRunnerTest$1.class
/home/runner/work/junit4/junit4/target/test-classes/org/junit/tests/junit3compatibility/JUnit38ClassRunnerTest$MyTest.class
/home/runner/work/junit4/junit4/target/test-classes/org/junit/tests/manipulation/Comparators.class
/home/runner/work/junit4/junit4/target/test-classes/org/junit/tests/experimental/theories/runner/WithParameterSupplier$TestClassUsingSupplierWithTestClassConstructor.class
/home/runner/work/junit4/junit4/target/test-classes/org/junit/tests/manipulation/SortableTest$TestClassRunnerIsSortable$Enclosing$A.class
/home/runner/work/junit4/junit4/target/test-classes/org/junit/tests/running/classes/ParentRunnerFilteringTest$1.class
/home/runner/work/junit4/junit4/target/test-classes/org/junit/tests/running/classes/ParentRunnerFilteringTest$CountingFilter.class
/home/runner/work/junit4/junit4/target/test-classes/org/junit/tests/running/classes/ParentRunnerFilteringTest$ExampleTest.class
/home/runner/work/junit4/junit4/target/test-classes/org/junit/tests/junit3compatibility/AllJUnit3CompatibilityTests.class
/home/runner/work/junit4/junit4/target/test-classes/org/junit/tests/running/classes/ParentRunnerFilteringTest$ExampleSuite.class
/home/runner/work/junit4/junit4/target/test-classes/org/junit/tests/junit3compatibility/AllTestsTest$BadSuiteMethod.class
/home/runner/work/junit4/junit4/target/test-classes/org/junit/tests/junit3compatibility/AllTestsTest$AllJUnit4.class
/home/runner/work/junit4/junit4/target/test-classes/org/junit/tests/junit3compatibility/AllTestsTest$JUnit4Test.class
/home/runner/work/junit4/junit4/target/test-classes/org/junit/tests/junit3compatibility/AllTestsTest$All.class
/home/runner/work/junit4/junit4/target/test-classes/org/junit/tests/running/classes/ParentRunnerFilteringTest$SuiteWithUnmodifiableChildList.class
/home/runner/work/junit4/junit4/target/test-classes/org/junit/tests/running/classes/ParentRunnerFilteringTest$ExampleSuiteWithUnmodifiableChildList.class
/home/runner/work/junit4/junit4/target/test-classes/org/junit/tests/running/classes/ParentRunnerFilteringTest.class
/home/runner/work/junit4/junit4/target/test-classes/org/junit/experimental/categories/CategoryFilterFactoryTest$CategoryFilterFactoryStub.class
/home/runner/work/junit4/junit4/target/test-classes/org/junit/experimental/categories/CategoryFilterFactoryTest$DummyFilter.class
/home/runner/work/junit4/junit4/target/test-classes/org/junit/tests/manipulation/OrderableTest$TestClassRunnerIsOrderableWithSuiteMethod.class
/home/runner/work/junit4/junit4/target/test-classes/org/junit/tests/manipulation/OrderableTest$TestClassRunnerIsOrderableWithSuiteMethod$OrderMe.class
/home/runner/work/junit4/junit4/target/test-classes/org/junit/tests/manipulation/OrderableTest$TestOrderableClassRunnerIsSortable.class
/home/runner/work/junit4/junit4/target/test-classes/org/junit/tests/manipulation/SortableTest$TestClassRunnerIsSortable$DoNotSortMe.class
/home/runner/work/junit4/junit4/target/test-classes/org/junit/tests/manipulation/SortableTest$TestClassRunnerIsSortable$Enclosing$B.class
/home/runner/work/junit4/junit4/target/test-classes/org/junit/rules/TestWatcherTest$CallbackArguments$Succeeded.class
/home/runner/work/junit4/junit4/target/test-classes/org/junit/tests/manipulation/SortableTest$TestClassRunnerIsSortable$Enclosing.class
/home/runner/work/junit4/junit4/target/test-classes/junit/tests/runner/TextFeedbackTest$1.class
/home/runner/work/junit4/junit4/target/test-classes/org/junit/rules/TestWatcherTest$Callbacks$ViolatedAssumptionTest.class
/home/runner/work/junit4/junit4/target/test-classes/junit/tests/runner/TextFeedbackTest$2.class
/home/runner/work/junit4/junit4/target/test-classes/junit/tests/runner/TextFeedbackTest$3.class
/home/runner/work/junit4/junit4/target/test-classes/org/junit/rules/TestWatcherTest$Callbacks$FailingTest.class
/home/runner/work/junit4/junit4/target/test-classes/junit/tests/runner/TextFeedbackTest$4.class
/home/runner/work/junit4/junit4/target/test-classes/junit/tests/runner/TextFeedbackTest$5.class
/home/runner/work/junit4/junit4/target/test-classes/org/junit/tests/manipulation/SortableTest.class
/home/runner/work/junit4/junit4/target/test-classes/junit/tests/runner/TextFeedbackTest$6.class
/home/runner/work/junit4/junit4/target/test-classes/junit/tests/runner/TextFeedbackTest$7.class
/home/runner/work/junit4/junit4/target/test-classes/org/junit/tests/manipulation/SortableTest$TestOnlySortableClassRunnerIsSortable$SortableRunner.class
/home/runner/work/junit4/junit4/target/test-classes/org/junit/tests/manipulation/SortableTest$UnsortableRunnersAreHandledWithoutCrashing.class
/home/runner/work/junit4/junit4/target/test-classes/org/junit/tests/manipulation/SortableTest$UnsortableRunnersAreHandledWithoutCrashing$Unsortable.class
/home/runner/work/junit4/junit4/target/test-classes/junit/tests/runner/TextFeedbackTest.class
/home/runner/work/junit4/junit4/target/test-classes/org/junit/tests/manipulation/SortableTest$TestClassRunnerIsSortableWithSuiteMethod.class
/home/runner/work/junit4/junit4/target/test-classes/org/junit/tests/manipulation/SortableTest$TestClassRunnerIsSortableWithSuiteMethod$SortMe.class
/home/runner/work/junit4/junit4/target/test-classes/org/junit/tests/manipulation/SortableTest$TestClassRunnerIsSortable.class
/home/runner/work/junit4/junit4/target/test-classes/org/junit/tests/manipulation/OrderableTest$TestOrderableClassRunnerIsSortable$OrderMe.class
/home/runner/work/junit4/junit4/target/test-classes/org/junit/tests/manipulation/OrderableTest$TestOrderableClassRunnerIsSortable$OrderableRunner.class
/home/runner/work/junit4/junit4/target/test-classes/org/junit/tests/manipulation/OrderableTest$TestClassRunnerIsOrderable.class
/home/runner/work/junit4/junit4/target/test-classes/org/junit/tests/manipulation/OrderableTest$TestClassRunnerIsOrderable$Enclosing.class
/home/runner/work/junit4/junit4/target/test-classes/org/junit/tests/running/classes/ParameterizedTestTest$PrivateConstructor.class
/home/runner/work/junit4/junit4/target/test-classes/org/junit/tests/running/classes/ParameterizedTestTest$ParametersNotIterable.class
/home/runner/work/junit4/junit4/target/test-classes/org/junit/tests/running/classes/ParameterizedTestTest$ProtectedParametersTest.class
/home/runner/work/junit4/junit4/target/test-classes/org/junit/tests/running/classes/ParameterizedTestTest$IncorrectTest.class
/home/runner/work/junit4/junit4/target/test-classes/org/junit/tests/running/classes/ParameterizedTestTest$EmptyTest.class
/home/runner/work/junit4/junit4/target/test-classes/org/junit/tests/running/classes/ParameterizedTestTest$BeforeParamAndAfterParamErrorNumberOfParameters.class
/home/runner/work/junit4/junit4/target/test-classes/org/junit/tests/running/classes/ParameterizedTestTest$BeforeParamAndAfterParamError.class
/home/runner/work/junit4/junit4/target/test-classes/org/junit/tests/running/classes/ParameterizedTestTest$MultipleParametersBeforeParamAndAfterParam.class
/home/runner/work/junit4/junit4/target/test-classes/org/junit/tests/running/classes/ParameterizedTestTest$MultipleBeforeParamAndAfterParam.class
/home/runner/work/junit4/junit4/target/test-classes/org/junit/tests/running/classes/ParameterizedTestTest$BeforeParamAndAfterParam.class
/home/runner/work/junit4/junit4/target/test-classes/org/junit/tests/running/classes/ParameterizedTestTest$BeforeAndAfter.class
/home/runner/work/junit4/junit4/target/test-classes/org/junit/tests/running/classes/ParameterizedTestTest$BadNumberOfAnnotatedFieldTest.class
/home/runner/work/junit4/junit4/target/test-classes/org/junit/tests/running/classes/ParameterizedTestTest$BadIndexForAnnotatedFieldTest.class
/home/runner/work/junit4/junit4/target/test-classes/org/junit/tests/running/classes/ParameterizedTestTest$AdditionTestWithAnnotatedFields.class
/home/runner/work/junit4/junit4/target/test-classes/org/junit/tests/running/classes/ParameterizedTestTest$ParameterizedWithoutSpecialTestname.class
/home/runner/work/junit4/junit4/target/test-classes/org/junit/tests/running/classes/ParameterizedTestTest$ThreeFailures.class
/home/runner/work/junit4/junit4/target/test-classes/org/junit/tests/running/classes/ParameterizedTestTest$AdditionTest.class
/home/runner/work/junit4/junit4/target/test-classes/org/junit/tests/running/classes/ParameterizedTestTest$AdditionTestWithArray.class
/home/runner/work/junit4/junit4/target/test-classes/org/junit/tests/running/classes/ParameterizedTestTest$SingleArgumentTestWithArray.class
/home/runner/work/junit4/junit4/target/test-classes/org/junit/tests/running/classes/ParameterizedTestTest$SingleArgumentTestWithIterable.class
/home/runner/work/junit4/junit4/target/test-classes/junit/samples/money/Money.class
/home/runner/work/junit4/junit4/target/test-classes/org/junit/tests/manipulation/OrderableTest$TestClassRunnerIsOrderable$Enclosing$B.class
/home/runner/work/junit4/junit4/target/test-classes/org/junit/tests/manipulation/OrderableTest$TestClassRunnerIsOrderable$Enclosing$A.class
/home/runner/work/junit4/junit4/target/test-classes/org/junit/tests/manipulation/OrderableTest$TestClassRunnerIsOrderable$DoNotOrderMe.class
/home/runner/work/junit4/junit4/target/test-classes/org/junit/tests/manipulation/OrderableTest$TestClassRunnerIsOrderable$OrderMe.class
/home/runner/work/junit4/junit4/target/test-classes/org/junit/rules/AllRulesTests.class
/home/runner/work/junit4/junit4/target/test-classes/junit/samples/money/MoneyBag.class
/home/runner/work/junit4/junit4/target/test-classes/junit/samples/money/IMoney.class
/home/runner/work/junit4/junit4/target/test-classes/org/junit/samples/money/MoneyTest.class
/home/runner/work/junit4/junit4/target/test-classes/org/junit/tests/running/classes/ParameterizedTestTest$OneShotIterable.class
/home/runner/work/junit4/junit4/target/test-classes/org/junit/tests/running/classes/ParameterizedTestTest.class
/home/runner/work/junit4/junit4/target/test-classes/org/junit/tests/running/classes/ParameterizedTestTest$AssumptionInParametersMethod.class
/home/runner/work/junit4/junit4/target/test-classes/org/junit/tests/running/classes/ParameterizedTestTest$UseParameterizedFactoryTest.class
/home/runner/work/junit4/junit4/target/test-classes/org/junit/tests/running/classes/ParameterizedTestTest$UseParameterizedFactoryAbstractTest.class
/home/runner/work/junit4/junit4/target/classes/org/junit/runners/ParentRunner$1.class
/home/runner/work/junit4/junit4/target/test-classes/org/junit/tests/running/classes/ParameterizedTestTest$ExceptionThrowingRunnerFactory.class
/home/runner/work/junit4/junit4/target/test-classes/org/junit/tests/running/classes/ParameterizedTestTest$SingleArgumentTestWithCollection.class
/home/runner/work/junit4/junit4/target/test-classes/org/junit/rules/TestWatcherTest$CallbackArguments$Succeeded$1.class
/home/runner/work/junit4/junit4/target/test-classes/org/junit/rules/TestWatcherTest$CallbackArguments$Failed$1.class
/home/runner/work/junit4/junit4/target/test-classes/org/junit/tests/running/methods/ExpectedTest$Expected.class
/home/runner/work/junit4/junit4/target/test-classes/org/junit/tests/description/AllDescriptionTests.class
/home/runner/work/junit4/junit4/target/test-classes/org/junit/tests/listening/ListenerTest.class
/home/runner/work/junit4/junit4/target/test-classes/org/junit/tests/listening/ListenerTest$2.class
/home/runner/work/junit4/junit4/target/test-classes/org/junit/tests/listening/ListenerTest$1.class
/home/runner/work/junit4/junit4/target/test-classes/org/junit/tests/listening/ListenerTest$OneTest.class
/home/runner/work/junit4/junit4/target/test-classes/org/junit/tests/experimental/theories/TestedOnSupplierTest.class
/home/runner/work/junit4/junit4/target/test-classes/org/junit/tests/description/TestDescriptionMethodNameTest.class
/home/runner/work/junit4/junit4/target/test-classes/org/junit/tests/running/classes/AllClassesTests.class
/home/runner/work/junit4/junit4/target/test-classes/org/junit/tests/running/methods/InheritedTestTest.class
/home/runner/work/junit4/junit4/target/test-classes/org/junit/tests/running/methods/InheritedTestTest$SubWithBefore.class
/home/runner/work/junit4/junit4/target/test-classes/org/junit/tests/running/methods/InheritedTestTest$Sub.class
/home/runner/work/junit4/junit4/target/test-classes/org/junit/tests/running/methods/InheritedTestTest$Super.class
/home/runner/work/junit4/junit4/target/test-classes/org/junit/tests/experimental/theories/AssumingInTheoriesTest.class
/home/runner/work/junit4/junit4/target/test-classes/org/junit/tests/experimental/theories/AssumingInTheoriesTest$TheoryWithNoUnassumedParameters.class
/home/runner/work/junit4/junit4/target/test-classes/org/junit/tests/experimental/theories/TheoryTestUtils.class
/home/runner/work/junit4/junit4/target/test-classes/org/junit/tests/experimental/results/PrintableResultTest.class
/home/runner/work/junit4/junit4/target/test-classes/org/junit/tests/experimental/results/PrintableResultTest$1.class
/home/runner/work/junit4/junit4/target/test-classes/junit/tests/framework/AllTests.class
/home/runner/work/junit4/junit4/target/test-classes/org/junit/tests/running/methods/ExpectedTest$Unexpected.class
/home/runner/work/junit4/junit4/target/test-classes/org/junit/rules/TestWatcherTest$CallbackArguments$Failed.class
/home/runner/work/junit4/junit4/target/test-classes/org/junit/tests/running/methods/ExpectedTest$NoneThrown.class
/home/runner/work/junit4/junit4/target/test-classes/org/junit/runner/notification/RunNotifierTest$ThreadSafeListener.class
/home/runner/work/junit4/junit4/target/test-classes/org/junit/runner/notification/RunNotifierTest$CountingListener.class
/home/runner/work/junit4/junit4/target/test-classes/org/junit/tests/experimental/theories/runner/WithParameterSupplier.class
/home/runner/work/junit4/junit4/target/test-classes/org/junit/rules/TimeoutRuleTest.class
/home/runner/work/junit4/junit4/target/test-classes/org/junit/tests/running/classes/IgnoreClassTest$IgnoreMe.class
/home/runner/work/junit4/junit4/target/test-classes/org/junit/tests/running/classes/IgnoreClassTest.class
/home/runner/work/junit4/junit4/target/test-classes/org/junit/rules/TimeoutRuleTest$HasGlobalLongTimeout.class
/home/runner/work/junit4/junit4/target/test-classes/org/junit/rules/TimeoutRuleTest$AbstractTimeoutTest.class
/home/runner/work/junit4/junit4/target/test-classes/org/junit/runner/AllRunnerTests.class
/home/runner/work/junit4/junit4/target/test-classes/org/junit/tests/running/AllRunningTests.class
/home/runner/work/junit4/junit4/target/test-classes/org/junit/tests/experimental/theories/extendingwithstubs/Guesser.class
/home/runner/work/junit4/junit4/target/test-classes/org/junit/tests/experimental/theories/extendingwithstubs/Guesser$1.class
/home/runner/work/junit4/junit4/target/test-classes/org/junit/tests/experimental/theories/extendingwithstubs/Guesser$GuessMap.class
/home/runner/work/junit4/junit4/target/test-classes/org/junit/tests/running/methods/ExpectedTest.class
/home/runner/work/junit4/junit4/target/test-classes/org/junit/tests/running/methods/ExpectedTest$ExpectAssumptionViolatedException.class
/home/runner/work/junit4/junit4/target/test-classes/org/junit/tests/running/methods/ExpectedTest$ExpectSuperclass.class
/home/runner/work/junit4/junit4/target/test-classes/org/junit/runners/AllRunnersTests.class
/home/runner/work/junit4/junit4/target/test-classes/org/junit/tests/experimental/max/DescriptionTest.class
/home/runner/work/junit4/junit4/target/test-classes/org/junit/tests/experimental/max/DescriptionTest$Sweet.class
/home/runner/work/junit4/junit4/target/test-classes/org/junit/tests/experimental/max/DescriptionTest$1URLClassLoader2.class
/home/runner/work/junit4/junit4/target/test-classes/org/junit/tests/assertion/AssertionTest$NestedException.class
/home/runner/work/junit4/junit4/target/test-classes/org/junit/tests/assertion/AssertionTest$1.class
/home/runner/work/junit4/junit4/target/test-classes/org/junit/runners/parameterized/ParameterizedNamesTest$ParameterizedWithSpecialCharsInName.class
/home/runner/work/junit4/junit4/target/test-classes/org/junit/rules/TestWatcherTest.class
/home/runner/work/junit4/junit4/target/test-classes/org/junit/runners/parameterized/ParameterizedNamesTest.class
/home/runner/work/junit4/junit4/target/test-classes/org/junit/tests/ObjectContractTest.class
/home/runner/work/junit4/junit4/target/test-classes/junit/tests/runner/TextRunnerTest$1.class
/home/runner/work/junit4/junit4/target/test-classes/org/junit/rules/TestWatcherTest$InterplayWithOtherRules$ExpectedExceptionTest.class
/home/runner/work/junit4/junit4/target/test-classes/junit/tests/runner/TextRunnerTest.class
/home/runner/work/junit4/junit4/target/test-classes/junit/tests/framework/DoublePrecisionAssertTest.class
/home/runner/work/junit4/junit4/target/test-classes/org/junit/rules/TestWatcherTest$CallbackArguments$Finished$1.class
/home/runner/work/junit4/junit4/target/test-classes/org/junit/tests/manipulation/ReverseAlphanumericOrdering.class
/home/runner/work/junit4/junit4/target/test-classes/org/junit/rules/TestWatcherTest$CallbackArguments$Starting$1.class
/home/runner/work/junit4/junit4/target/test-classes/org/junit/tests/manipulation/ComparatorBasedOrdering.class
/home/runner/work/junit4/junit4/target/test-classes/org/junit/rules/TestWatcherTest$CallbackArguments$DeprecatedSkipped$1.class
/home/runner/work/junit4/junit4/target/test-classes/junit/tests/runner/TextFeedbackTest$TestResultPrinter.class
/home/runner/work/junit4/junit4/target/test-classes/org/junit/rules/TestWatcherTest$CallbackArguments$Skipped$1.class
/home/runner/work/junit4/junit4/target/test-classes/org/junit/tests/assertion/AssertionTest$2.class
/home/runner/work/junit4/junit4/target/test-classes/org/junit/tests/assertion/AssertionTest$3.class
/home/runner/work/junit4/junit4/target/test-classes/org/junit/tests/assertion/AssertionTest.class
/home/runner/work/junit4/junit4/target/test-classes/org/junit/tests/experimental/theories/runner/TypeMatchingBetweenMultiDataPointsMethod$WithCorrectlyTypedDataPointsMethod.class
/home/runner/work/junit4/junit4/target/test-classes/org/junit/tests/experimental/theories/runner/WithOnlyTestAnnotations.class
/home/runner/work/junit4/junit4/target/test-classes/org/junit/tests/experimental/theories/runner/WithOnlyTestAnnotations$ErrorWhenTestHasParametersDespiteTheories.class
/home/runner/work/junit4/junit4/target/test-classes/org/junit/tests/experimental/theories/runner/WithOnlyTestAnnotations$HonorTimeout.class
/home/runner/work/junit4/junit4/target/test-classes/org/junit/tests/experimental/theories/runner/WithOnlyTestAnnotations$HonorExpectedExceptionPasses.class
/home/runner/work/junit4/junit4/target/test-classes/org/junit/tests/experimental/theories/runner/WithOnlyTestAnnotations$HonorExpectedException.class
/home/runner/work/junit4/junit4/target/test-classes/org/junit/tests/experimental/theories/extendingwithstubs/ReguessableValue.class
/home/runner/work/junit4/junit4/target/test-classes/org/junit/tests/experimental/theories/runner/TypeMatchingBetweenMultiDataPointsMethod.class
/home/runner/work/junit4/junit4/target/test-classes/org/junit/tests/experimental/theories/runner/TypeMatchingBetweenMultiDataPointsMethod$WithWrongfullyTypedDataPointsMethod.class
/home/runner/work/junit4/junit4/target/test-classes/junit/tests/extensions/AllTests.class
/home/runner/work/junit4/junit4/target/test-classes/org/junit/rules/LoggingMethodRule.class
/home/runner/work/junit4/junit4/target/test-classes/org/junit/tests/junit3compatibility/SuiteMethodTest.class
/home/runner/work/junit4/junit4/target/test-classes/org/junit/tests/junit3compatibility/SuiteMethodTest$NewTestSuiteNotUsed.class
/home/runner/work/junit4/junit4/target/test-classes/org/junit/tests/junit3compatibility/SuiteMethodTest$NewTestSuiteFails.class
/home/runner/work/junit4/junit4/target/test-classes/org/junit/tests/junit3compatibility/SuiteMethodTest$CompatibilityTest.class
/home/runner/work/junit4/junit4/target/test-classes/org/junit/tests/junit3compatibility/SuiteMethodTest$NewTest.class
/home/runner/work/junit4/junit4/target/test-classes/org/junit/tests/junit3compatibility/SuiteMethodTest$OldTest.class
/home/runner/work/junit4/junit4/target/classes/org/junit/runners/ParentRunner$2.class
/home/runner/work/junit4/junit4/target/classes/org/junit/runner/notification/RunNotifier$8.class
/home/runner/work/junit4/junit4/target/classes/org/junit/internal/Checks.class
/home/runner/work/junit4/junit4/target/test-classes/org/junit/tests/experimental/theories/extendingwithstubs/StubbedTheories$StubbedTheoryAnchor.class
/home/runner/work/junit4/junit4/target/test-classes/org/junit/tests/junit3compatibility/JUnit4TestAdapterTest$Test3.class
/home/runner/work/junit4/junit4/target/test-classes/org/junit/tests/junit3compatibility/JUnit4TestAdapterTest$TestSuiteFor3.class
/home/runner/work/junit4/junit4/target/test-classes/org/junit/tests/junit3compatibility/JUnit4TestAdapterTest$TestSuite3.class
/home/runner/work/junit4/junit4/target/test-classes/org/junit/tests/junit3compatibility/JUnit4TestAdapterTest$TestSuite4ForTestSuite3.class
/home/runner/work/junit4/junit4/target/test-classes/org/junit/tests/junit3compatibility/JUnit4TestAdapterTest.class
/home/runner/work/junit4/junit4/target/test-classes/org/junit/tests/validation/FailedConstructionTest$CantConstruct.class
/home/runner/work/junit4/junit4/target/test-classes/org/junit/tests/validation/FailedConstructionTest.class
/home/runner/work/junit4/junit4/target/test-classes/org/junit/validator/AnnotationValidatorFactoryTest$Validator.class
/home/runner/work/junit4/junit4/target/test-classes/org/junit/tests/experimental/theories/extendingwithstubs/StubbedTheories.class
/home/runner/work/junit4/junit4/target/test-classes/org/junit/tests/experimental/theories/extendingwithstubs/GuesserQueue.class
/home/runner/work/junit4/junit4/target/test-classes/org/junit/tests/running/core/CommandLineTest$Example.class
/home/runner/work/junit4/junit4/target/test-classes/org/junit/tests/running/core/CommandLineTest$1.class
/home/runner/work/junit4/junit4/target/test-classes/org/junit/tests/running/core/CommandLineTest$Count.class
/home/runner/work/junit4/junit4/target/test-classes/org/junit/tests/running/core/CommandLineTest.class
/home/runner/work/junit4/junit4/target/test-classes/org/junit/tests/junit3compatibility/JUnit4TestAdapterTest$TestSuiteFor4.class
/home/runner/work/junit4/junit4/target/test-classes/org/junit/tests/junit3compatibility/JUnit4TestAdapterTest$Test4.class
/home/runner/work/junit4/junit4/target/test-classes/org/junit/rules/DisableOnDebugTest$FailOnExecution$1.class
/home/runner/work/junit4/junit4/target/test-classes/org/junit/rules/DisableOnDebugTest$FailOnExecution.class
/home/runner/work/junit4/junit4/target/test-classes/org/junit/rules/DisableOnDebugTest$AbstractDisableOnDebugTest.class
/home/runner/work/junit4/junit4/target/test-classes/org/junit/rules/DisableOnDebugTest$PreJava5DebugArgumentsTest.class
/home/runner/work/junit4/junit4/target/test-classes/org/junit/rules/DisableOnDebugTest$PreJava5DebugArgumentsReversedTest.class
/home/runner/work/junit4/junit4/target/test-classes/org/junit/rules/DisableOnDebugTest$PostJava5DebugArgumentsTest.class
/home/runner/work/junit4/junit4/target/test-classes/org/junit/rules/DisableOnDebugTest$WithoutDebugArgumentsTest.class
/home/runner/work/junit4/junit4/target/test-classes/org/junit/rules/DisableOnDebugTest.class
/home/runner/work/junit4/junit4/target/test-classes/org/junit/validator/AnnotationValidatorFactoryTest$SampleAnnotationWithValidator.class
/home/runner/work/junit4/junit4/target/test-classes/org/junit/validator/AnnotationValidatorFactoryTest$SampleAnnotationWithValidatorThatThrowsException.class
/home/runner/work/junit4/junit4/target/test-classes/org/junit/experimental/categories/MultiCategoryTest$InheritanceAnyAllTest.class
/home/runner/work/junit4/junit4/target/test-classes/org/junit/experimental/categories/MultiCategoryTest$InheritanceAny.class
/home/runner/work/junit4/junit4/target/test-classes/org/junit/experimental/categories/MultiCategoryTest$InheritanceAll.class
/home/runner/work/junit4/junit4/target/test-classes/org/junit/experimental/categories/MultiCategoryTest$InheritanceAnyAll.class
/home/runner/work/junit4/junit4/target/test-classes/org/junit/experimental/categories/MultiCategoryTest$InheritanceAllAny.class
/home/runner/work/junit4/junit4/target/test-classes/org/junit/experimental/categories/MultiCategoryTest$InheritanceAnyTest.class
/home/runner/work/junit4/junit4/target/test-classes/org/junit/experimental/categories/MultiCategoryTest$InheritanceAllTest.class
/home/runner/work/junit4/junit4/target/test-classes/org/junit/experimental/categories/MultiCategoryTest$InheritanceAllAnyTest.class
/home/runner/work/junit4/junit4/target/test-classes/org/junit/validator/AnnotationValidatorFactoryTest$ValidatorThatThrowsException.class
/home/runner/work/junit4/junit4/target/test-classes/org/junit/experimental/categories/MultiCategoryTest.class
/home/runner/work/junit4/junit4/target/test-classes/org/junit/runners/CustomBlockJUnit4ClassRunnerTest$CustomBlockJUnit4ClassRunnerTestCase.class
/home/runner/work/junit4/junit4/target/test-classes/org/junit/runners/CustomBlockJUnit4ClassRunnerTest$CustomBlockJUnit4ClassRunner.class
/home/runner/work/junit4/junit4/target/test-classes/org/junit/runners/CustomBlockJUnit4ClassRunnerTest$TrackingRunListener.class
/home/runner/work/junit4/junit4/target/test-classes/org/junit/runners/CustomBlockJUnit4ClassRunnerTest.class
/home/runner/work/junit4/junit4/target/test-classes/org/junit/experimental/categories/MultiCategoryTest$Q.class
/home/runner/work/junit4/junit4/target/test-classes/org/junit/experimental/categories/MultiCategoryTest$W.class
/home/runner/work/junit4/junit4/target/test-classes/org/junit/experimental/categories/MultiCategoryTest$Z.class
/home/runner/work/junit4/junit4/target/test-classes/org/junit/experimental/categories/MultiCategoryTest$Y.class
/home/runner/work/junit4/junit4/target/test-classes/org/junit/validator/AnnotationValidatorFactoryTest.class
/home/runner/work/junit4/junit4/target/test-classes/junit/tests/framework/Failure.class
/home/runner/work/junit4/junit4/target/test-classes/org/junit/rules/LoggingStatement.class
/home/runner/work/junit4/junit4/target/test-classes/org/junit/internal/matchers/ThrowableCauseMatcherTest.class
/home/runner/work/junit4/junit4/target/test-classes/org/junit/experimental/categories/MultiCategoryTest$A.class
/home/runner/work/junit4/junit4/target/test-classes/org/junit/experimental/categories/MultiCategoryTest$B.class
/home/runner/work/junit4/junit4/target/test-classes/org/junit/experimental/categories/MultiCategoryTest$C.class
/home/runner/work/junit4/junit4/target/test-classes/org/junit/experimental/categories/MultiCategoryTest$MultiCategorySuite.class
/home/runner/work/junit4/junit4/target/test-classes/org/junit/experimental/categories/MultiCategoryTest$CategoriesTest.class
/home/runner/work/junit4/junit4/target/test-classes/org/junit/experimental/categories/MultiCategoryTest$X.class
/home/runner/work/junit4/junit4/target/test-classes/org/junit/tests/experimental/theories/runner/UnsuccessfulWithDataPointFields.class
/home/runner/work/junit4/junit4/target/test-classes/org/junit/tests/experimental/theories/runner/UnsuccessfulWithDataPointFields$DataPointMethodsMustBePublic.class
/home/runner/work/junit4/junit4/target/test-classes/org/junit/tests/running/classes/parent/TestWithClassRule$CustomRule.class
/home/runner/work/junit4/junit4/target/test-classes/org/junit/rules/ErrorCollectorTest$CheckMatcherThatDoesNotFailWithoutProvidedReason.class
/home/runner/work/junit4/junit4/target/test-classes/org/junit/rules/EventCollector$3.class
/home/runner/work/junit4/junit4/target/test-classes/org/junit/rules/EventCollector.class
/home/runner/work/junit4/junit4/target/test-classes/org/junit/rules/ErrorCollectorTest$AddSingleError.class
/home/runner/work/junit4/junit4/target/test-classes/org/junit/rules/ErrorCollectorTest$AddTwoErrors.class
/home/runner/work/junit4/junit4/target/test-classes/org/junit/rules/ErrorCollectorTest$AddInternalAssumptionViolatedException.class
/home/runner/work/junit4/junit4/target/test-classes/org/junit/rules/ErrorCollectorTest$CheckMatcherThatDoesNotFailWithProvidedReason.class
/home/runner/work/junit4/junit4/target/test-classes/org/junit/rules/ErrorCollectorTest$CheckMatcherThatFailsWithoutProvidedReason.class
/home/runner/work/junit4/junit4/target/test-classes/org/junit/rules/ErrorCollectorTest$CheckCallableThatThrowsInternalAssumptionViolatedException$1.class
/home/runner/work/junit4/junit4/target/test-classes/org/junit/rules/ErrorCollectorTest$CheckMatcherThatFailsWithProvidedReason.class
/home/runner/work/junit4/junit4/target/test-classes/org/junit/rules/ErrorCollectorTest$CheckTwoMatchersThatFail.class
/home/runner/work/junit4/junit4/target/test-classes/org/junit/rules/ErrorCollectorTest$CheckCallableThatThrowsAnException$1.class
/home/runner/work/junit4/junit4/target/test-classes/org/junit/rules/ErrorCollectorTest$CheckCallableThatThrowsAnException.class
/home/runner/work/junit4/junit4/target/test-classes/org/junit/rules/ErrorCollectorTest$CheckTwoCallablesThatThrowExceptions$1.class
/home/runner/work/junit4/junit4/target/test-classes/org/junit/rules/ErrorCollectorTest$CheckTwoCallablesThatThrowExceptions$2.class
/home/runner/work/junit4/junit4/target/test-classes/org/junit/rules/EventCollector$2.class
/home/runner/work/junit4/junit4/target/test-classes/org/junit/rules/EventCollector$1.class
/home/runner/work/junit4/junit4/target/test-classes/org/junit/tests/manipulation/AlphanumericOrdering.class
/home/runner/work/junit4/junit4/target/test-classes/org/junit/experimental/categories/AllCategoriesTests.class
/home/runner/work/junit4/junit4/target/test-classes/org/junit/runners/model/AllModelTests.class
/home/runner/work/junit4/junit4/target/test-classes/org/junit/tests/assertion/AllAssertionTests.class
/home/runner/work/junit4/junit4/target/test-classes/org/junit/tests/experimental/AllExperimentalTests.class
/home/runner/work/junit4/junit4/target/test-classes/org/junit/tests/experimental/theories/runner/WithUnresolvedGenericTypeVariablesOnTheoryParms$TypeVariableOnTheoryOnly.class
/home/runner/work/junit4/junit4/target/classes/org/junit/runners/BlockJUnit4ClassRunner.class
/home/runner/work/junit4/junit4/target/test-classes/org/junit/tests/experimental/theories/runner/WithUnresolvedGenericTypeVariablesOnTheoryParms$TypeVariableOnParameterizedTheoryParm.class
/home/runner/work/junit4/junit4/target/test-classes/org/junit/tests/experimental/theories/runner/WithUnresolvedGenericTypeVariablesOnTheoryParms$TypeVariableOnWildcardUpperBoundOnTheoryParm.class
/home/runner/work/junit4/junit4/target/test-classes/org/junit/tests/experimental/theories/runner/WithUnresolvedGenericTypeVariablesOnTheoryParms$TypeVariableOnWildcardLowerBoundOnTheoryParm.class
/home/runner/work/junit4/junit4/target/test-classes/org/junit/tests/experimental/theories/runner/WithUnresolvedGenericTypeVariablesOnTheoryParms$TypeVariableOnArrayTypeOnTheoryParm.class
/home/runner/work/junit4/junit4/target/test-classes/org/junit/tests/experimental/theories/runner/WithUnresolvedGenericTypeVariablesOnTheoryParms$TypeVariableOnComponentOfArrayTypeOnTheoryParm.class
/home/runner/work/junit4/junit4/target/test-classes/org/junit/tests/experimental/theories/runner/WithUnresolvedGenericTypeVariablesOnTheoryParms$TypeVariableOnTheoryClass.class
/home/runner/work/junit4/junit4/target/test-classes/org/junit/tests/experimental/theories/runner/WithUnresolvedGenericTypeVariablesOnTheoryParms$TypeVariablesAbound.class
/home/runner/work/junit4/junit4/target/test-classes/org/junit/tests/experimental/theories/runner/WithUnresolvedGenericTypeVariablesOnTheoryParms.class
/home/runner/work/junit4/junit4/target/test-classes/org/junit/rules/ErrorCollectorTest$CheckTwoCallablesThatThrowExceptions.class
/home/runner/work/junit4/junit4/target/test-classes/org/junit/rules/ErrorCollectorTest$CheckCallableThatThrowsInternalAssumptionViolatedException.class
/home/runner/work/junit4/junit4/target/test-classes/org/junit/tests/experimental/theories/runner/UnsuccessfulWithDataPointFields$DataPointFieldsMustBePublic.class
/home/runner/work/junit4/junit4/target/test-classes/org/junit/tests/junit3compatibility/ForwardCompatibilityPrintingTest$3.class
/home/runner/work/junit4/junit4/target/test-classes/org/junit/tests/junit3compatibility/ForwardCompatibilityPrintingTest$1.class
/home/runner/work/junit4/junit4/target/test-classes/org/junit/tests/junit3compatibility/ForwardCompatibilityPrintingTest$2.class
/home/runner/work/junit4/junit4/target/test-classes/org/junit/tests/junit3compatibility/ForwardCompatibilityPrintingTest$ATest.class
/home/runner/work/junit4/junit4/target/test-classes/org/junit/tests/junit3compatibility/ForwardCompatibilityPrintingTest.class
/home/runner/work/junit4/junit4/target/test-classes/org/junit/rules/ErrorCollectorTest$CheckCallableWithFailingAssumption$1.class
/home/runner/work/junit4/junit4/target/test-classes/org/junit/tests/experimental/theories/runner/UnsuccessfulWithDataPointFields$HasAFailingTheory.class
/home/runner/work/junit4/junit4/target/test-classes/org/junit/tests/experimental/theories/runner/UnsuccessfulWithDataPointFields$DoesntUseParams.class
/home/runner/work/junit4/junit4/target/test-classes/org/junit/tests/experimental/theories/runner/UnsuccessfulWithDataPointFields$NullsOK.class
/home/runner/work/junit4/junit4/target/test-classes/org/junit/tests/experimental/theories/runner/UnsuccessfulWithDataPointFields$TheoriesMustBePublic.class
/home/runner/work/junit4/junit4/target/test-classes/org/junit/tests/experimental/theories/runner/UnsuccessfulWithDataPointFields$DataPointFieldsMustBeStatic.class
/home/runner/work/junit4/junit4/target/test-classes/org/junit/tests/experimental/theories/runner/UnsuccessfulWithDataPointFields$DataPointMethodsMustBeStatic.class
/home/runner/work/junit4/junit4/target/test-classes/org/junit/tests/junit3compatibility/ForwardCompatibilityPrintingTest$TestResultPrinter.class
/home/runner/work/junit4/junit4/target/test-classes/junit/tests/extensions/RepeatedTestTest.class
/home/runner/work/junit4/junit4/target/test-classes/junit/tests/extensions/RepeatedTestTest$SuccessTest.class
/home/runner/work/junit4/junit4/target/test-classes/org/junit/rules/ErrorCollectorTest$CheckCallableWithFailingAssumption.class
/home/runner/work/junit4/junit4/target/test-classes/org/junit/rules/ErrorCollectorTest$CheckCallableThatDoesNotThrowAnException$1.class
/home/runner/work/junit4/junit4/target/test-classes/org/junit/rules/ErrorCollectorTest$CheckCallableThatDoesNotThrowAnException.class
/home/runner/work/junit4/junit4/target/test-classes/org/junit/rules/ErrorCollectorTest$CheckRunnableThatThrowsExpectedTypeOfException$1.class
/home/runner/work/junit4/junit4/target/test-classes/org/junit/rules/ErrorCollectorTest$CheckRunnableThatThrowsExpectedTypeOfException.class
/home/runner/work/junit4/junit4/target/test-classes/org/junit/rules/ErrorCollectorTest$CheckRunnableThatThrowsUnexpectedTypeOfException$1.class
/home/runner/work/junit4/junit4/target/test-classes/org/junit/rules/ErrorCollectorTest$CheckRunnableThatThrowsUnexpectedTypeOfException.class
/home/runner/work/junit4/junit4/target/test-classes/org/junit/rules/ErrorCollectorTest$CheckRunnableThatThrowsNoExceptionAlthoughOneIsExpected$1.class
/home/runner/work/junit4/junit4/target/test-classes/org/junit/rules/ErrorCollectorTest$CheckRunnableThatThrowsNoExceptionAlthoughOneIsExpected.class
/home/runner/work/junit4/junit4/target/test-classes/org/junit/rules/ErrorCollectorTest$ErrorCollectorNotCalledBySuccessfulTest.class
/home/runner/work/junit4/junit4/target/test-classes/org/junit/rules/ErrorCollectorTest$ErrorCollectorNotCalledByFailingTest.class
/home/runner/work/junit4/junit4/target/test-classes/org/junit/rules/ErrorCollectorTest.class
/home/runner/work/junit4/junit4/target/test-classes/org/junit/tests/experimental/max/AllMaxTests.class
/home/runner/work/junit4/junit4/target/test-classes/org/junit/tests/deprecated/AllDeprecatedTests.class
/home/runner/work/junit4/junit4/target/test-classes/junit/tests/runner/TextRunnerSingleMethodTest$InvocationTest.class
/home/runner/work/junit4/junit4/target/test-classes/junit/tests/runner/TextRunnerSingleMethodTest.class
/home/runner/work/junit4/junit4/target/test-classes/org/junit/tests/running/methods/AnnotationTest$ErrorInAfterClass.class
/home/runner/work/junit4/junit4/target/test-classes/org/junit/tests/running/methods/AnnotationTest$ExceptionTest.class
/home/runner/work/junit4/junit4/target/test-classes/org/junit/tests/running/methods/AnnotationTest$NoExceptionTest.class
/home/runner/work/junit4/junit4/target/test-classes/org/junit/tests/running/methods/AnnotationTest$OneTimeSetup.class
/home/runner/work/junit4/junit4/target/test-classes/org/junit/tests/running/methods/AnnotationTest$OneTimeTeardown.class
/home/runner/work/junit4/junit4/target/test-classes/org/junit/tests/running/methods/AnnotationTest$OrderTest.class
/home/runner/work/junit4/junit4/target/test-classes/org/junit/tests/running/methods/AnnotationTest$NonStaticOneTimeSetup.class
/home/runner/work/junit4/junit4/target/test-classes/org/junit/tests/running/methods/AnnotationTest$ErrorInBeforeClass.class
/home/runner/work/junit4/junit4/target/test-classes/org/junit/tests/running/methods/AnnotationTest$SubStaticMethodShadowing$1.class
/home/runner/work/junit4/junit4/target/test-classes/org/junit/tests/running/methods/AnnotationTest$SuperInheritance.class
/home/runner/work/junit4/junit4/target/test-classes/org/junit/tests/running/methods/AnnotationTest$SubInheritance.class
/home/runner/work/junit4/junit4/target/test-classes/org/junit/tests/running/methods/AnnotationTest$SuperShadowing.class
/home/runner/work/junit4/junit4/target/test-classes/org/junit/tests/running/methods/AnnotationTest$SubShadowing$1.class
/home/runner/work/junit4/junit4/target/test-classes/org/junit/tests/running/methods/AnnotationTest$SubShadowing.class
/home/runner/work/junit4/junit4/target/test-classes/org/junit/tests/running/methods/AnnotationTest$OldSuiteTest.class
/home/runner/work/junit4/junit4/target/test-classes/org/junit/tests/running/methods/AnnotationTest$OldTest.class
/home/runner/work/junit4/junit4/target/test-classes/org/junit/tests/running/methods/AnnotationTest$TwoTests.class
/home/runner/work/junit4/junit4/target/test-classes/org/junit/tests/listening/UserStopTest.class
/home/runner/work/junit4/junit4/target/test-classes/org/junit/tests/description/SuiteDescriptionTest.class
/home/runner/work/junit4/junit4/target/test-classes/junit/tests/runner/AllTests.class
/home/runner/work/junit4/junit4/target/test-classes/org/junit/internal/ChecksTest.class
/home/runner/work/junit4/junit4/target/test-classes/org/junit/tests/running/methods/AnnotationTest$SimpleTest.class
/home/runner/work/junit4/junit4/target/test-classes/org/junit/tests/running/methods/AnnotationTest$SimpleTestWithFutureProofExplicitRunner.class
/home/runner/work/junit4/junit4/target/test-classes/org/junit/tests/running/methods/AnnotationTest$SetupTest.class
/home/runner/work/junit4/junit4/target/test-classes/org/junit/tests/running/methods/AnnotationTest$TeardownTest.class
/home/runner/work/junit4/junit4/target/test-classes/org/junit/tests/running/methods/AnnotationTest$FailureTest.class
/home/runner/work/junit4/junit4/target/test-classes/org/junit/tests/running/methods/AnnotationTest$SetupFailureTest.class
/home/runner/work/junit4/junit4/target/test-classes/org/junit/tests/running/methods/AnnotationTest$TeardownFailureTest.class
/home/runner/work/junit4/junit4/target/test-classes/org/junit/tests/running/methods/AnnotationTest$TestAndTeardownFailureTest.class
/home/runner/work/junit4/junit4/target/test-classes/org/junit/tests/running/methods/AnnotationTest$TeardownAfterFailureTest.class
/home/runner/work/junit4/junit4/target/test-classes/org/junit/tests/running/methods/AnnotationTest$SuperStaticMethodShadowing.class
/home/runner/work/junit4/junit4/target/test-classes/org/junit/tests/running/methods/AnnotationTest$SubStaticMethodShadowing.class
/home/runner/work/junit4/junit4/target/test-classes/org/junit/runner/notification/ConcurrentRunNotifierTest$ConcurrentRunListener.class
/home/runner/work/junit4/junit4/target/test-classes/junit/tests/runner/ResultTest$ResultWithFixedRunTime.class
/home/runner/work/junit4/junit4/target/test-classes/junit/tests/runner/ResultTest.class
/home/runner/work/junit4/junit4/target/test-classes/org/junit/tests/running/core/SystemExitTest$Exit.class
/home/runner/work/junit4/junit4/target/test-classes/org/junit/tests/running/core/SystemExitTest.class
/home/runner/work/junit4/junit4/target/test-classes/org/junit/tests/listening/AllListeningTests.class
/home/runner/work/junit4/junit4/target/test-classes/org/junit/tests/running/methods/AnnotationTest$SuperFieldShadowing$1.class
/home/runner/work/junit4/junit4/target/test-classes/org/junit/rules/MethodRulesTest$NoRulesTest.class
/home/runner/work/junit4/junit4/target/test-classes/junit/tests/runner/ResultTest$AssumptionFailedTest.class
/home/runner/work/junit4/junit4/target/test-classes/junit/tests/runner/ResultTest$SerializationFormat.class
/home/runner/work/junit4/junit4/target/test-classes/org/junit/tests/running/methods/AnnotationTest.class
/home/runner/work/junit4/junit4/target/test-classes/org/junit/tests/running/methods/AnnotationTest$RunAllAfterClassesRegardless.class
/home/runner/work/junit4/junit4/target/test-classes/org/junit/tests/running/methods/AnnotationTest$SuperFieldShadowing.class
/home/runner/work/junit4/junit4/target/test-classes/org/junit/tests/running/methods/AnnotationTest$SubFieldShadowing$1.class
/home/runner/work/junit4/junit4/target/test-classes/org/junit/tests/running/methods/AnnotationTest$SubFieldShadowing.class
/home/runner/work/junit4/junit4/target/test-classes/org/junit/tests/running/methods/AnnotationTest$SuperStaticFieldShadowing$1.class
/home/runner/work/junit4/junit4/target/test-classes/org/junit/tests/running/methods/AnnotationTest$SuperStaticFieldShadowing.class
/home/runner/work/junit4/junit4/target/test-classes/org/junit/tests/running/methods/AnnotationTest$SubStaticFieldShadowing$1.class
/home/runner/work/junit4/junit4/target/test-classes/org/junit/tests/running/methods/AnnotationTest$SubStaticFieldShadowing.class
/home/runner/work/junit4/junit4/target/test-classes/org/junit/tests/running/methods/AnnotationTest$SuperTest.class
/home/runner/work/junit4/junit4/target/test-classes/org/junit/tests/running/methods/AnnotationTest$SubTest.class
/home/runner/work/junit4/junit4/target/test-classes/org/junit/tests/running/methods/AnnotationTest$RunAllAfters.class
/home/runner/work/junit4/junit4/target/test-classes/org/junit/tests/running/methods/AnnotationTest$RunAllAftersRegardless.class
/home/runner/work/junit4/junit4/target/test-classes/org/junit/tests/running/methods/AnnotationTest$RunAllAfterClasses.class
/home/runner/work/junit4/junit4/target/test-classes/org/junit/tests/listening/UserStopTest$OneTest.class
/home/runner/work/junit4/junit4/target/test-classes/org/junit/tests/experimental/theories/runner/WithDataPointMethod.class
/home/runner/work/junit4/junit4/target/test-classes/org/junit/tests/experimental/theories/runner/WithDataPointMethod$HasDateMethod.class
/home/runner/work/junit4/junit4/target/test-classes/org/junit/tests/description/AnnotatedDescriptionTest$IgnoredClass.class
/home/runner/work/junit4/junit4/target/test-classes/junit/tests/framework/TestImplementorTest$DoubleTestCase.class
/home/runner/work/junit4/junit4/target/test-classes/junit/tests/framework/TestImplementorTest$1.class
/home/runner/work/junit4/junit4/target/test-classes/junit/tests/framework/TestImplementorTest.class
/home/runner/work/junit4/junit4/target/test-classes/org/junit/tests/junit3compatibility/OldTestClassAdaptingListenerTest$1.class
/home/runner/work/junit4/junit4/target/test-classes/org/junit/tests/junit3compatibility/OldTestClassAdaptingListenerTest.class
/home/runner/work/junit4/junit4/target/test-classes/org/junit/tests/description/AnnotatedDescriptionTest$MyOwnAnnotation.class
/home/runner/work/junit4/junit4/target/test-classes/org/junit/tests/description/AnnotatedDescriptionTest$AnnotatedClass.class
/home/runner/work/junit4/junit4/target/test-classes/org/junit/tests/description/AnnotatedDescriptionTest$ValuedAnnotation.class
/home/runner/work/junit4/junit4/target/test-classes/org/junit/tests/experimental/theories/runner/WithDataPointMethod$DataPointMethodReturnsMutableObject.class
/home/runner/work/junit4/junit4/target/test-classes/org/junit/tests/description/AnnotatedDescriptionTest$ValueAnnotatedClass.class
/home/runner/work/junit4/junit4/target/test-classes/org/junit/tests/description/AnnotatedDescriptionTest$1.class
/home/runner/work/junit4/junit4/target/test-classes/org/junit/tests/description/AnnotatedDescriptionTest.class
/home/runner/work/junit4/junit4/target/test-classes/org/junit/runner/RequestTest$FailingComputer.class
/home/runner/work/junit4/junit4/target/test-classes/org/junit/runner/RequestTest$FooTest.class
/home/runner/work/junit4/junit4/target/test-classes/org/junit/runner/RequestTest$BarTest.class
/home/runner/work/junit4/junit4/target/test-classes/junit/tests/framework/TestImplementorTest$DoubleTestCase$1.class
/home/runner/work/junit4/junit4/target/test-classes/org/junit/rules/TempFolderRuleTest.class
/home/runner/work/junit4/junit4/target/test-classes/org/junit/rules/TempFolderRuleTest$IncorrectUsage.class
/home/runner/work/junit4/junit4/target/test-classes/org/junit/rules/TempFolderRuleTest$NameClashes.class
/home/runner/work/junit4/junit4/target/test-classes/org/junit/runner/notification/ConcurrentRunNotifierTest$1.class
/home/runner/work/junit4/junit4/target/test-classes/org/junit/runner/notification/ConcurrentRunNotifierTest$ExaminedListener.class
/home/runner/work/junit4/junit4/target/test-classes/org/junit/runner/notification/ConcurrentRunNotifierTest$AbstractConcurrentFailuresTest$1.class
/home/runner/work/junit4/junit4/target/test-classes/org/junit/runner/notification/ConcurrentRunNotifierTest$AbstractConcurrentFailuresTest.class
/home/runner/work/junit4/junit4/target/test-classes/org/junit/runner/notification/ConcurrentRunNotifierTest$2.class
/home/runner/work/junit4/junit4/target/test-classes/org/junit/runner/notification/ConcurrentRunNotifierTest$3.class
/home/runner/work/junit4/junit4/target/test-classes/org/junit/runner/notification/ConcurrentRunNotifierTest.class
/home/runner/work/junit4/junit4/target/test-classes/org/junit/validator/PublicClassValidatorTest$PublicClass.class
/home/runner/work/junit4/junit4/target/test-classes/org/junit/validator/PublicClassValidatorTest$NonPublicClass.class
/home/runner/work/junit4/junit4/target/test-classes/org/junit/validator/PublicClassValidatorTest.class
/home/runner/work/junit4/junit4/target/test-classes/org/junit/rules/TempFolderRuleTest$HasTempFolder.class
/home/runner/work/junit4/junit4/target/test-classes/org/junit/rules/TempFolderRuleTest$CreatesSubFolder.class
/home/runner/work/junit4/junit4/target/test-classes/org/junit/rules/TempFolderRuleTest$CreatesRandomSubFolders.class
/home/runner/work/junit4/junit4/target/test-classes/org/junit/rules/TempFolderRuleTest$CreatesRandomFiles.class
/home/runner/work/junit4/junit4/target/test-classes/org/junit/runner/RequestTest.class
/home/runner/work/junit4/junit4/target/test-classes/org/junit/tests/experimental/MatcherTest.class
/home/runner/work/junit4/junit4/target/test-classes/org/junit/tests/experimental/theories/AllTheoriesTests.class
/home/runner/work/junit4/junit4/target/test-classes/org/junit/tests/running/methods/TimeoutTest$InfiniteLoopTest.class
/home/runner/work/junit4/junit4/target/test-classes/org/junit/tests/running/methods/TimeoutTest$InfiniteLoopMultithreaded$ThreadTest.class
/home/runner/work/junit4/junit4/target/test-classes/org/junit/tests/running/methods/TimeoutTest$InfiniteLoopMultithreaded.class
/home/runner/work/junit4/junit4/target/test-classes/org/junit/tests/running/methods/TimeoutTest$InfiniteLoopWithStuckThreadTest.class
/home/runner/work/junit4/junit4/target/test-classes/org/junit/tests/running/methods/TimeoutTest$InfiniteLoopStuckInMainThreadTest.class
/home/runner/work/junit4/junit4/target/test-classes/org/junit/tests/running/methods/TimeoutTest$WillTimeOut.class
/home/runner/work/junit4/junit4/target/test-classes/org/junit/tests/running/methods/TimeoutTest$TimeOutZero.class
/home/runner/work/junit4/junit4/target/test-classes/org/junit/tests/running/methods/TimeoutTest$TimeoutSubclass.class
/home/runner/work/junit4/junit4/target/test-classes/org/junit/tests/running/methods/TimeoutTest$TimeOutOneSecond.class
/home/runner/work/junit4/junit4/target/test-classes/org/junit/tests/running/methods/TimeoutTest.class
/home/runner/work/junit4/junit4/target/test-classes/org/junit/tests/running/core/MainRunner$ExitException.class
/home/runner/work/junit4/junit4/target/test-classes/org/junit/tests/running/core/MainRunner$NoExitSecurityManager.class
/home/runner/work/junit4/junit4/target/test-classes/org/junit/tests/running/core/MainRunner.class
/home/runner/work/junit4/junit4/target/test-classes/org/junit/tests/experimental/theories/extendingwithstubs/Stub.class
/home/runner/work/junit4/junit4/target/test-classes/org/junit/tests/experimental/theories/runner/WithDataPointMethod$HasDataPointMethod.class
/home/runner/work/junit4/junit4/target/test-classes/org/junit/tests/running/core/JUnitCoreReturnsCorrectExitCodeTest$Fail.class
/home/runner/work/junit4/junit4/target/test-classes/org/junit/tests/running/methods/TimeoutTest$SuccessWithTimeoutTest.class
/home/runner/work/junit4/junit4/target/test-classes/org/junit/tests/running/core/JUnitCoreReturnsCorrectExitCodeTest$Succeed.class
/home/runner/work/junit4/junit4/target/test-classes/org/junit/tests/running/core/JUnitCoreReturnsCorrectExitCodeTest$1.class
/home/runner/work/junit4/junit4/target/test-classes/org/junit/tests/running/core/JUnitCoreReturnsCorrectExitCodeTest.class
/home/runner/work/junit4/junit4/target/test-classes/org/junit/tests/running/classes/BlockJUnit4ClassRunnerTest$OuterClass$Enclosed.class
/home/runner/work/junit4/junit4/target/test-classes/org/junit/tests/running/classes/BlockJUnit4ClassRunnerTest$OuterClass.class
/home/runner/work/junit4/junit4/target/test-classes/org/junit/tests/running/classes/BlockJUnit4ClassRunnerTest$MethodBlockAfterFireTestStarted.class
/home/runner/work/junit4/junit4/target/test-classes/org/junit/tests/running/classes/BlockJUnit4ClassRunnerTest$1.class
/home/runner/work/junit4/junit4/target/test-classes/org/junit/tests/running/classes/BlockJUnit4ClassRunnerTest.class
/home/runner/work/junit4/junit4/target/test-classes/org/junit/runners/parameterized/AllParameterizedTests.class
/home/runner/work/junit4/junit4/target/test-classes/org/junit/runners/model/RunnerBuilderStub.class
/home/runner/work/junit4/junit4/target/test-classes/junit/tests/AllTests.class
/home/runner/work/junit4/junit4/target/test-classes/org/junit/tests/running/methods/TimeoutTest$FailureWithTimeoutTest.class
/home/runner/work/junit4/junit4/target/test-classes/org/junit/tests/running/methods/TimeoutTest$FailureWithTimeoutRunTimeExceptionTest.class
/home/runner/work/junit4/junit4/target/test-classes/org/junit/tests/running/classes/parent/TestWithClassRule.class
/home/runner/work/junit4/junit4/target/test-classes/org/junit/tests/experimental/theories/runner/WithUnresolvedGenericTypeVariablesOnTheoryParms$TypeVariableOnTheoryParm.class
/home/runner/work/junit4/junit4/target/test-classes/org/junit/tests/running/classes/parent/TestWithClassRule$CustomRule$1.class
/home/runner/work/junit4/junit4/target/test-classes/org/junit/tests/listening/RunnerTest$1.class
/home/runner/work/junit4/junit4/target/test-classes/org/junit/tests/experimental/parallel/ParallelClassTest$Example1.class
/home/runner/work/junit4/junit4/target/test-classes/org/junit/tests/experimental/parallel/ParallelClassTest$Example2.class
/home/runner/work/junit4/junit4/target/test-classes/org/junit/tests/experimental/parallel/ParallelClassTest.class
/home/runner/work/junit4/junit4/target/test-classes/org/junit/tests/listening/RunnerTest$MyListener.class
/home/runner/work/junit4/junit4/target/test-classes/org/junit/tests/listening/RunnerTest$Example.class
/home/runner/work/junit4/junit4/target/test-classes/org/junit/tests/listening/RunnerTest$ExampleTest.class
/home/runner/work/junit4/junit4/target/test-classes/org/junit/tests/listening/RunnerTest$NewExample.class
/home/runner/work/junit4/junit4/target/test-classes/org/junit/tests/listening/RunnerTest.class
/home/runner/work/junit4/junit4/target/test-classes/org/junit/tests/running/classes/SuiteTest$AllWithBeforeAndAfterClass.class
/home/runner/work/junit4/junit4/target/test-classes/org/junit/runner/JUnitCoreTest.class
/home/runner/work/junit4/junit4/target/test-classes/org/junit/rules/TemporaryFolderUsageTest.class
/home/runner/work/junit4/junit4/target/test-classes/org/junit/tests/running/classes/SuiteTest$TestA.class
/home/runner/work/junit4/junit4/target/test-classes/org/junit/tests/running/classes/SuiteTest$TestB.class
/home/runner/work/junit4/junit4/target/test-classes/org/junit/tests/running/classes/SuiteTest$All.class
/home/runner/work/junit4/junit4/target/test-classes/org/junit/tests/running/classes/SuiteTest$NonPublicSuite.class
/home/runner/work/junit4/junit4/target/test-classes/org/junit/tests/running/classes/SuiteTest$NonPublicSuiteWithBeforeClass.class
/home/runner/work/junit4/junit4/target/test-classes/org/junit/rules/LoggingTestWatcher.class
/home/runner/work/junit4/junit4/target/test-classes/org/junit/tests/manipulation/FilterableTest.class
/home/runner/work/junit4/junit4/target/test-classes/org/junit/tests/manipulation/FilterableTest$FilteredTest.class
/home/runner/work/junit4/junit4/target/test-classes/org/junit/tests/manipulation/FilterableTest$FilteredRunner.class
/home/runner/work/junit4/junit4/target/test-classes/org/junit/tests/running/classes/UseSuiteAsASuperclassTest$AllWithMySuite.class
/home/runner/work/junit4/junit4/target/test-classes/org/junit/tests/running/classes/UseSuiteAsASuperclassTest.class
/home/runner/work/junit4/junit4/target/test-classes/org/junit/tests/junit3compatibility/OldTests.class
/home/runner/work/junit4/junit4/target/test-classes/org/junit/internal/runners/statements/FailOnTimeoutTest$StuckStatement.class
/home/runner/work/junit4/junit4/target/test-classes/org/junit/internal/runners/statements/FailOnTimeoutTest$1.class
/home/runner/work/junit4/junit4/target/test-classes/org/junit/internal/runners/statements/FailOnTimeoutTest$2.class
/home/runner/work/junit4/junit4/target/test-classes/org/junit/internal/runners/statements/FailOnTimeoutTest$3.class
/home/runner/work/junit4/junit4/target/test-classes/org/junit/internal/runners/statements/FailOnTimeoutTest$DelegatingStatement.class
/home/runner/work/junit4/junit4/target/test-classes/org/junit/internal/runners/statements/FailOnTimeoutTest$FastStatement.class
/home/runner/work/junit4/junit4/target/test-classes/org/junit/internal/runners/statements/FailOnTimeoutTest$RunForASecond.class
/home/runner/work/junit4/junit4/target/test-classes/org/junit/internal/runners/statements/FailOnTimeoutTest.class
/home/runner/work/junit4/junit4/target/test-classes/org/junit/tests/experimental/theories/runner/TheoriesPerformanceTest.class
/home/runner/work/junit4/junit4/target/test-classes/org/junit/tests/manipulation/FilterableTest$FilteredRunner$1.class
/home/runner/work/junit4/junit4/target/test-classes/org/junit/tests/running/classes/SuiteTest$InheritsAll.class
/home/runner/work/junit4/junit4/target/test-classes/org/junit/tests/running/classes/SuiteTest$AllWithOutAnnotation.class
/home/runner/work/junit4/junit4/target/test-classes/org/junit/internal/MethodSorterTest$Sub.class
/home/runner/work/junit4/junit4/target/test-classes/org/junit/internal/StackTracesTest$ExceptionMessageMatcher.class
/home/runner/work/junit4/junit4/target/test-classes/org/junit/tests/running/classes/ClassLevelMethodsWithIgnoredTestsTest$BrokenRule.class
/home/runner/work/junit4/junit4/target/test-classes/org/junit/tests/running/classes/ClassLevelMethodsWithIgnoredTestsTest$ClassRuleWithIgnoredTest.class
/home/runner/work/junit4/junit4/target/test-classes/org/junit/tests/running/classes/ClassLevelMethodsWithIgnoredTestsTest.class
/home/runner/work/junit4/junit4/target/test-classes/org/junit/rules/NameRulesTest$TestNames.class
/home/runner/work/junit4/junit4/target/test-classes/org/junit/rules/NameRulesTest$BeforeAndAfterTest.class
/home/runner/work/junit4/junit4/target/test-classes/org/junit/rules/NameRulesTest.class
/home/runner/work/junit4/junit4/target/test-classes/org/junit/internal/StackTracesTest$StringMatcher.class
/home/runner/work/junit4/junit4/target/test-classes/org/junit/internal/StackTracesTest$StackTraceLineMatcher.class
/home/runner/work/junit4/junit4/target/test-classes/org/junit/tests/running/classes/SuiteTest$InfiniteLoop.class
/home/runner/work/junit4/junit4/target/test-classes/org/junit/internal/StackTracesTest$FramesRemovedMatcher.class
/home/runner/work/junit4/junit4/target/test-classes/org/junit/tests/running/classes/EnclosedTest.class
/home/runner/work/junit4/junit4/target/test-classes/org/junit/internal/StackTracesTest.class
/home/runner/work/junit4/junit4/target/test-classes/org/junit/tests/experimental/max/JUnit38SortingTest$JUnit4Test.class
/home/runner/work/junit4/junit4/target/test-classes/org/junit/tests/experimental/max/JUnit38SortingTest$JUnit38Test.class
/home/runner/work/junit4/junit4/target/test-classes/org/junit/tests/experimental/max/JUnit38SortingTest.class
/home/runner/work/junit4/junit4/target/test-classes/org/junit/internal/MethodSorterTest$DummySortWithoutAnnotation.class
/home/runner/work/junit4/junit4/target/test-classes/org/junit/tests/running/classes/ClassLevelMethodsWithIgnoredTestsTest$HasUnfilteredTest.class
/home/runner/work/junit4/junit4/target/test-classes/org/junit/tests/running/classes/ClassLevelMethodsWithIgnoredTestsTest$BeforeClassWithFilteredTest.class
/home/runner/work/junit4/junit4/target/test-classes/org/junit/tests/running/classes/ClassLevelMethodsWithIgnoredTestsTest$FilteredTests.class
/home/runner/work/junit4/junit4/target/test-classes/org/junit/tests/junit3compatibility/ForwardCompatibilityTest$ErrorTest.class
/home/runner/work/junit4/junit4/target/test-classes/org/junit/tests/running/classes/SuiteTest$BiInfiniteLoop.class
/home/runner/work/junit4/junit4/target/test-classes/org/junit/tests/running/classes/SuiteTest$Hydra.class
/home/runner/work/junit4/junit4/target/test-classes/org/junit/tests/running/classes/SuiteTest$Hercules.class
/home/runner/work/junit4/junit4/target/test-classes/org/junit/tests/running/classes/SuiteTest$WithoutDefaultConstructor.class
/home/runner/work/junit4/junit4/target/test-classes/org/junit/tests/running/classes/SuiteTest$NoSuiteClassesAnnotation.class
/home/runner/work/junit4/junit4/target/test-classes/org/junit/tests/running/classes/SuiteTest.class
/home/runner/work/junit4/junit4/target/test-classes/junit/tests/runner/StackFilterTest.class
/home/runner/work/junit4/junit4/target/test-classes/junit/tests/framework/TestListenerTest$1.class
/home/runner/work/junit4/junit4/target/test-classes/junit/tests/framework/TestListenerTest$2.class
/home/runner/work/junit4/junit4/target/test-classes/junit/tests/framework/TestListenerTest$3.class
/home/runner/work/junit4/junit4/target/test-classes/junit/tests/framework/TestListenerTest.class
/home/runner/work/junit4/junit4/target/test-classes/org/junit/tests/running/classes/ClassLevelMethodsWithIgnoredTestsTest$BeforeClassWithIgnoredTest.class
/home/runner/work/junit4/junit4/target/test-classes/org/junit/tests/running/classes/ClassLevelMethodsWithIgnoredTestsTest$BeforeClassWithIgnoredClass.class
/home/runner/work/junit4/junit4/target/test-classes/org/junit/tests/running/classes/ClassLevelMethodsWithIgnoredTestsTest$AfterClassWithIgnoredTest.class
/home/runner/work/junit4/junit4/target/test-classes/org/junit/tests/junit3compatibility/ForwardCompatibilityTest$NewTest.class
/home/runner/work/junit4/junit4/target/test-classes/org/junit/tests/running/classes/UseSuiteAsASuperclassTest$MySuite.class
/home/runner/work/junit4/junit4/target/test-classes/org/junit/tests/running/classes/UseSuiteAsASuperclassTest$TestB.class
/home/runner/work/junit4/junit4/target/classes/org/junit/experimental/results/PrintableResult.class
/home/runner/work/junit4/junit4/target/classes/junit/framework/TestListener.class
/home/runner/work/junit4/junit4/target/classes/org/junit/experimental/theories/PotentialAssignment$CouldNotGenerateValueException.class
/home/runner/work/junit4/junit4/target/classes/org/junit/experimental/theories/ParameterSignature.class
/home/runner/work/junit4/junit4/target/classes/org/junit/experimental/theories/ParameterSupplier.class
/home/runner/work/junit4/junit4/target/classes/junit/framework/Protectable.class
/home/runner/work/junit4/junit4/target/classes/junit/framework/Assert.class
/home/runner/work/junit4/junit4/target/classes/junit/framework/TestCase.class
/home/runner/work/junit4/junit4/target/classes/junit/framework/AssertionFailedError.class
/home/runner/work/junit4/junit4/target/classes/junit/framework/TestFailure.class
/home/runner/work/junit4/junit4/target/test-classes/org/junit/tests/running/classes/UseSuiteAsASuperclassTest$TestA.class
/home/runner/work/junit4/junit4/target/test-classes/org/junit/tests/assertion/MultipleFailureExceptionTest$ExpectedException.class
/home/runner/work/junit4/junit4/target/classes/junit/framework/TestResult$1.class
/home/runner/work/junit4/junit4/target/classes/junit/framework/Test.class
/home/runner/work/junit4/junit4/target/test-classes/org/junit/tests/assertion/MultipleFailureExceptionTest.class
/home/runner/work/junit4/junit4/target/classes/org/junit/internal/JUnitSystem.class
/home/runner/work/junit4/junit4/target/test-classes/org/junit/tests/manipulation/SingleMethodTest$OneTimeSetup.class
/home/runner/work/junit4/junit4/target/test-classes/org/junit/tests/manipulation/SingleMethodTest$ParameterizedOneTimeSetup.class
/home/runner/work/junit4/junit4/target/classes/org/junit/experimental/theories/PotentialAssignment$1.class
/home/runner/work/junit4/junit4/target/classes/org/junit/experimental/theories/PotentialAssignment.class
/home/runner/work/junit4/junit4/target/classes/org/junit/internal/runners/rules/RuleMemberValidator$Builder.class
/home/runner/work/junit4/junit4/target/classes/org/junit/internal/runners/rules/RuleMemberValidator$RuleValidator.class
/home/runner/work/junit4/junit4/target/classes/org/junit/runners/BlockJUnit4ClassRunner$RuleCollector.class
/home/runner/work/junit4/junit4/target/classes/org/junit/runners/BlockJUnit4ClassRunner$2.class
/home/runner/work/junit4/junit4/target/classes/org/junit/runners/BlockJUnit4ClassRunner$1.class
/home/runner/work/junit4/junit4/target/classes/org/junit/Test.class
/home/runner/work/junit4/junit4/target/classes/org/junit/Test$None.class
/home/runner/work/junit4/junit4/target/classes/org/junit/internal/runners/rules/RuleMemberValidator.class
/home/runner/work/junit4/junit4/target/classes/org/junit/internal/runners/rules/RuleMemberValidator$1.class
/home/runner/work/junit4/junit4/target/classes/org/junit/internal/runners/rules/RuleMemberValidator$FieldMustBeATestRule.class
/home/runner/work/junit4/junit4/target/classes/org/junit/internal/runners/rules/RuleMemberValidator$MethodMustBeATestRule.class
/home/runner/work/junit4/junit4/target/classes/org/junit/internal/runners/rules/RuleMemberValidator$MethodMustBeARule.class
/home/runner/work/junit4/junit4/target/classes/org/junit/internal/runners/rules/RuleMemberValidator$FieldMustBeARule.class
/home/runner/work/junit4/junit4/target/classes/org/junit/internal/runners/rules/RuleMemberValidator$MemberMustBePublic.class
/home/runner/work/junit4/junit4/target/classes/org/junit/internal/runners/rules/RuleMemberValidator$DeclaringClassMustBePublic.class
/home/runner/work/junit4/junit4/target/classes/org/junit/internal/runners/rules/RuleMemberValidator$MemberMustBeStatic.class
/home/runner/work/junit4/junit4/target/classes/org/junit/internal/runners/rules/RuleMemberValidator$MemberMustBeNonStaticOrAlsoClassRule.class
/home/runner/work/junit4/junit4/target/classes/org/junit/runners/model/InitializationError.class
/home/runner/work/junit4/junit4/target/test-classes/org/junit/tests/manipulation/SingleMethodTest$ParameterizedOneTimeBeforeClass.class
/home/runner/work/junit4/junit4/target/classes/org/junit/runner/notification/StoppedByUserException.class
/home/runner/work/junit4/junit4/target/classes/org/junit/runner/manipulation/Ordering$1.class
/home/runner/work/junit4/junit4/target/classes/org/junit/runner/manipulation/Filter$3.class
/home/runner/work/junit4/junit4/target/classes/org/junit/runner/manipulation/Filter$2.class
/home/runner/work/junit4/junit4/target/test-classes/org/junit/tests/manipulation/SingleMethodTest$TestOne.class
/home/runner/work/junit4/junit4/target/classes/org/junit/runner/Describable.class
/home/runner/work/junit4/junit4/target/classes/org/junit/runner/Runner.class
/home/runner/work/junit4/junit4/target/classes/org/junit/runner/Computer.class
/home/runner/work/junit4/junit4/target/test-classes/org/junit/tests/manipulation/SingleMethodTest$TestTwo.class
/home/runner/work/junit4/junit4/target/classes/org/junit/runner/Computer$1.class
/home/runner/work/junit4/junit4/target/test-classes/org/junit/tests/manipulation/SingleMethodTest$OneTwoSuite.class
/home/runner/work/junit4/junit4/target/test-classes/org/junit/tests/manipulation/SingleMethodTest$HasSuiteMethod.class
/home/runner/work/junit4/junit4/target/classes/org/junit/runner/Request.class
/home/runner/work/junit4/junit4/target/classes/org/junit/runner/Request$1.class
/home/runner/work/junit4/junit4/target/classes/org/junit/runner/Result.class
/home/runner/work/junit4/junit4/target/classes/org/junit/runner/Result$1.class
/home/runner/work/junit4/junit4/target/test-classes/org/junit/tests/manipulation/SingleMethodTest.class
/home/runner/work/junit4/junit4/target/classes/org/junit/runner/manipulation/Filter.class
/home/runner/work/junit4/junit4/target/classes/org/junit/runner/manipulation/Ordering$Context.class
/home/runner/work/junit4/junit4/target/classes/org/junit/runner/notification/RunListener.class
/home/runner/work/junit4/junit4/target/test-classes/org/junit/tests/manipulation/SingleMethodTest$1.class
/home/runner/work/junit4/junit4/target/classes/org/junit/runner/notification/RunListener$ThreadSafe.class
/home/runner/work/junit4/junit4/target/classes/org/junit/runner/notification/RunNotifier.class
/home/runner/work/junit4/junit4/target/classes/org/junit/runner/notification/RunNotifier$9.class
/home/runner/work/junit4/junit4/target/test-classes/org/junit/tests/experimental/theories/runner/SuccessfulWithDataPointFields$OneTestTwoAnnotations.class
/home/runner/work/junit4/junit4/target/classes/org/junit/runner/notification/RunNotifier$7.class
/home/runner/work/junit4/junit4/target/classes/org/junit/runner/notification/RunNotifier$6.class
/home/runner/work/junit4/junit4/target/classes/org/junit/runner/notification/RunNotifier$5.class
/home/runner/work/junit4/junit4/target/classes/org/junit/runner/notification/RunNotifier$4.class
/home/runner/work/junit4/junit4/target/classes/org/junit/runner/notification/RunNotifier$3.class
/home/runner/work/junit4/junit4/target/classes/org/junit/runner/notification/RunNotifier$2.class
/home/runner/work/junit4/junit4/target/classes/org/junit/runner/notification/RunNotifier$1.class
/home/runner/work/junit4/junit4/target/classes/org/junit/runner/notification/RunNotifier$SafeNotifier.class
/home/runner/work/junit4/junit4/target/classes/org/junit/runner/manipulation/NoTestsRemainException.class
/home/runner/work/junit4/junit4/target/classes/org/junit/runner/manipulation/InvalidOrderingException.class
/home/runner/work/junit4/junit4/target/classes/org/junit/runner/manipulation/Ordering.class
/home/runner/work/junit4/junit4/target/test-classes/org/junit/internal/MethodSorterTest$Super.class
/home/runner/work/junit4/junit4/target/test-classes/org/junit/internal/StackTracesTest$1.class
/home/runner/work/junit4/junit4/target/test-classes/org/junit/internal/MethodSorterTest$DummySortWithDefault.class
/home/runner/work/junit4/junit4/target/test-classes/org/junit/rules/StopwatchTest$DurationAfterTestTest.class
/home/runner/work/junit4/junit4/target/test-classes/org/junit/rules/StopwatchTest$AbstractStopwatchTest$3.class
/home/runner/work/junit4/junit4/target/test-classes/org/junit/rules/StopwatchTest$AbstractStopwatchTest.class
/home/runner/work/junit4/junit4/target/test-classes/org/junit/rules/StopwatchTest$SuccessfulTest.class
/home/runner/work/junit4/junit4/target/test-classes/org/junit/rules/StopwatchTest$FailedTest.class
/home/runner/work/junit4/junit4/target/test-classes/org/junit/rules/TestRuleTest.class
/home/runner/work/junit4/junit4/target/test-classes/org/junit/rules/StopwatchTest$SkippedTest.class
/home/runner/work/junit4/junit4/target/test-classes/org/junit/rules/StopwatchTest$DurationDuringTestTest.class
/home/runner/work/junit4/junit4/target/test-classes/org/junit/rules/StopwatchTest.class
/home/runner/work/junit4/junit4/target/test-classes/org/junit/rules/BlockJUnit4ClassRunnerOverrideTest$OverrideRulesTest.class
/home/runner/work/junit4/junit4/target/test-classes/org/junit/tests/TestSystem.class
/home/runner/work/junit4/junit4/target/test-classes/org/junit/runners/RuleContainerTest$Rule.class
/home/runner/work/junit4/junit4/target/test-classes/org/junit/runners/RuleContainerTest$MRule.class
/home/runner/work/junit4/junit4/target/test-classes/org/junit/runners/RuleContainerTest.class
/home/runner/work/junit4/junit4/target/test-classes/org/junit/samples/AllSamplesTests.class
/home/runner/work/junit4/junit4/target/test-classes/org/junit/rules/BlockJUnit4ClassRunnerOverrideTest$FlipBitRule$1.class
/home/runner/work/junit4/junit4/target/test-classes/org/junit/rules/BlockJUnit4ClassRunnerOverrideTest$FlipBitRule.class
/home/runner/work/junit4/junit4/target/test-classes/org/junit/rules/StopwatchTest$AbstractStopwatchTest$2.class
/home/runner/work/junit4/junit4/target/test-classes/org/junit/rules/StopwatchTest$AbstractStopwatchTest$1.class
/home/runner/work/junit4/junit4/target/test-classes/org/junit/rules/StopwatchTest$Record.class
/home/runner/work/junit4/junit4/target/test-classes/org/junit/rules/StopwatchTest$TestStatus.class
/home/runner/work/junit4/junit4/target/test-classes/org/junit/tests/experimental/theories/internal/AllMembersSupplierTest$HasDataPointsListField.class
/home/runner/work/junit4/junit4/target/test-classes/org/junit/tests/experimental/theories/internal/AllMembersSupplierTest$HasDataPointsListMethod.class
/home/runner/work/junit4/junit4/target/test-classes/org/junit/tests/experimental/theories/internal/AllMembersSupplierTest$HasDataPointsListFieldWithOverlyGenericTypes.class
/home/runner/work/junit4/junit4/target/test-classes/org/junit/tests/experimental/theories/internal/AllMembersSupplierTest.class
/home/runner/work/junit4/junit4/target/test-classes/junit/tests/framework/NoArgTestCaseTest.class
/home/runner/work/junit4/junit4/target/test-classes/org/junit/internal/MethodSorterTest$DummySortJvm.class
/home/runner/work/junit4/junit4/target/test-classes/org/junit/rules/VerifierRuleTest$UsesVerifier.class
/home/runner/work/junit4/junit4/target/test-classes/org/junit/rules/VerifierRuleTest.class
/home/runner/work/junit4/junit4/target/test-classes/junit/tests/framework/OverrideTestCase.class
/home/runner/work/junit4/junit4/target/test-classes/org/junit/tests/AllTests.class
/home/runner/work/junit4/junit4/target/test-classes/org/junit/rules/TestWatchmanTest$ViolatedAssumptionTest.class
/home/runner/work/junit4/junit4/target/test-classes/org/junit/rules/TestWatchmanTest$FailingTest.class
/home/runner/work/junit4/junit4/target/test-classes/org/junit/rules/TestWatchmanTest$LoggingTestWatchman.class
/home/runner/work/junit4/junit4/target/test-classes/org/junit/rules/TestWatchmanTest.class
/home/runner/work/junit4/junit4/target/test-classes/org/junit/rules/BlockJUnit4ClassRunnerOverrideTest$OverrideRulesRunner.class
/home/runner/work/junit4/junit4/target/test-classes/org/junit/rules/BlockJUnit4ClassRunnerOverrideTest$OverrideTestRulesRunner$1.class
/home/runner/work/junit4/junit4/target/test-classes/org/junit/rules/TestRuleTest$UsesCustomMethodRule.class
/home/runner/work/junit4/junit4/target/distro-javadoc-sources/hamcrest-core-1.3-sources/org/hamcrest/package.html
/home/runner/work/junit4/junit4/target/distro-javadoc-sources/hamcrest-core-1.3-sources/org/hamcrest/core/StringEndsWith.java
/home/runner/work/junit4/junit4/target/distro-javadoc-sources/hamcrest-core-1.3-sources/org/hamcrest/core/StringStartsWith.java
/home/runner/work/junit4/junit4/target/distro-javadoc-sources/hamcrest-core-1.3-sources/org/hamcrest/core/SubstringMatcher.java
/home/runner/work/junit4/junit4/target/distro-javadoc-sources/hamcrest-core-1.3-sources/org/hamcrest/core/package.html
/home/runner/work/junit4/junit4/target/distro-javadoc-sources/hamcrest-core-1.3-sources/org/hamcrest/internal/ArrayIterator.java
/home/runner/work/junit4/junit4/target/distro-javadoc-sources/hamcrest-core-1.3-sources/org/hamcrest/internal/SelfDescribingValue.java
/home/runner/work/junit4/junit4/target/distro-javadoc-sources/hamcrest-core-1.3-sources/org/hamcrest/internal/SelfDescribingValueIterator.java
/home/runner/work/junit4/junit4/target/test-classes/org/junit/tests/listening/TextListenerTest$ErrorTest.class
/home/runner/work/junit4/junit4/target/test-classes/org/junit/rules/BlockJUnit4ClassRunnerOverrideTest$OverrideTestRulesRunner.class
/home/runner/work/junit4/junit4/target/test-classes/org/junit/tests/listening/TextListenerTest$Time.class
/home/runner/work/junit4/junit4/target/test-classes/org/junit/tests/listening/TextListenerTest.class
/home/runner/work/junit4/junit4/target/test-classes/org/junit/tests/running/classes/EnclosedTest$Enclosing$A.class
/home/runner/work/junit4/junit4/target/test-classes/org/junit/tests/running/classes/EnclosedTest$Enclosing$B.class
/home/runner/work/junit4/junit4/target/test-classes/org/junit/tests/running/classes/EnclosedTest$Enclosing$C.class
/home/runner/work/junit4/junit4/target/test-classes/org/junit/tests/running/classes/EnclosedTest$Enclosing.class
/home/runner/work/junit4/junit4/target/distro-javadoc-sources/hamcrest-core-1.3-sources/org/hamcrest/core/StringContains.java
/home/runner/work/junit4/junit4/target/distro-javadoc-sources/hamcrest-core-1.3-sources/org/hamcrest/core/ShortcutCombination.java
/home/runner/work/junit4/junit4/target/distro-javadoc-sources/hamcrest-core-1.3-sources/org/hamcrest/core/IsSame.java
/home/runner/work/junit4/junit4/target/distro-javadoc-sources/hamcrest-core-1.3-sources/org/hamcrest/core/IsAnything.java
/home/runner/work/junit4/junit4/target/test-classes/org/junit/rules/BlockJUnit4ClassRunnerOverrideTest$OverrideTestRulesTest.class
/home/runner/work/junit4/junit4/target/test-classes/org/junit/rules/BlockJUnit4ClassRunnerOverrideTest$OverrideCreateTestRunner.class
/home/runner/work/junit4/junit4/target/test-classes/org/junit/rules/BlockJUnit4ClassRunnerOverrideTest$OverrideCreateTest.class
/home/runner/work/junit4/junit4/target/test-classes/org/junit/rules/BlockJUnit4ClassRunnerOverrideTest$CreateTestDefersToNoArgCreateTestRunner.class
/home/runner/work/junit4/junit4/target/test-classes/org/junit/rules/BlockJUnit4ClassRunnerOverrideTest$CreateTestDefersToNoArgCreateTestTest.class
/home/runner/work/junit4/junit4/target/test-classes/org/junit/rules/BlockJUnit4ClassRunnerOverrideTest.class
/home/runner/work/junit4/junit4/target/test-classes/org/junit/tests/manipulation/ReverseAlphanumericSorter.class
/home/runner/work/junit4/junit4/target/test-classes/org/junit/tests/listening/TextListenerTest$OneTest.class
/home/runner/work/junit4/junit4/target/distro-javadoc-sources/hamcrest-core-1.3-sources/org/hamcrest/BaseMatcher.java
/home/runner/work/junit4/junit4/target/distro-javadoc-sources/hamcrest-core-1.3-sources/org/hamcrest/DiagnosingMatcher.java
/home/runner/work/junit4/junit4/target/distro-javadoc-sources/hamcrest-core-1.3-sources/org/hamcrest/Factory.java
/home/runner/work/junit4/junit4/target/distro-javadoc-sources/hamcrest-core-1.3-sources/org/hamcrest/MatcherAssert.java
/home/runner/work/junit4/junit4/target/distro-javadoc-sources/hamcrest-core-1.3-sources/org/hamcrest/SelfDescribing.java
/home/runner/work/junit4/junit4/target/distro-javadoc-sources/hamcrest-core-1.3-sources/org/hamcrest/StringDescription.java
/home/runner/work/junit4/junit4/target/test-classes/org/junit/tests/experimental/theories/internal/AllMembersSupplierTest$HasFailingDataPointsArrayMethod.class
/home/runner/work/junit4/junit4/target/test-classes/org/junit/rules/VerifierRuleTest$UsesVerifier$1.class
/home/runner/work/junit4/junit4/target/test-classes/org/junit/tests/experimental/theories/internal/AllMembersSupplierTest$HasDataPointsMethodWithNullValue.class
/home/runner/work/junit4/junit4/target/test-classes/junit/tests/framework/TestCaseTest$TornDown.class
/home/runner/work/junit4/junit4/target/test-classes/org/junit/experimental/categories/CategoriesAndParameterizedTest$TestThatAvoidsNoTestRemainsException.class
/home/runner/work/junit4/junit4/target/test-classes/org/junit/experimental/categories/CategoriesAndParameterizedTest$SuiteWithParameterizedTestWithoutCategory.class
/home/runner/work/junit4/junit4/target/test-classes/org/junit/experimental/categories/CategoriesAndParameterizedTest$ParameterizedTestWithCategory.class
/home/runner/work/junit4/junit4/target/test-classes/org/junit/experimental/categories/CategoriesAndParameterizedTest$SuiteWithParameterizedTestWithCategory.class
/home/runner/work/junit4/junit4/target/test-classes/org/junit/experimental/categories/CategoriesAndParameterizedTest$ParameterizedTestWithMethodWithCategory.class
/home/runner/work/junit4/junit4/target/test-classes/org/junit/experimental/categories/CategoriesAndParameterizedTest$SuiteWithParameterizedTestWithMethodWithCategory.class
/home/runner/work/junit4/junit4/target/test-classes/org/junit/experimental/categories/CategoriesAndParameterizedTest.class
/home/runner/work/junit4/junit4/target/test-classes/junit/tests/framework/TestCaseTest$1.class
/home/runner/work/junit4/junit4/target/test-classes/junit/tests/framework/TestCaseTest$9.class
/home/runner/work/junit4/junit4/target/test-classes/junit/tests/framework/TestCaseTest$2.class
/home/runner/work/junit4/junit4/target/test-classes/org/junit/tests/experimental/theories/internal/AllMembersSupplierTest$HasDataPointsFieldWithNullValue.class
/home/runner/work/junit4/junit4/target/test-classes/junit/tests/framework/TestCaseTest$4.class
/home/runner/work/junit4/junit4/target/test-classes/junit/tests/framework/TestCaseTest$5.class
/home/runner/work/junit4/junit4/target/test-classes/junit/tests/framework/TestCaseTest$6.class
/home/runner/work/junit4/junit4/target/test-classes/org/junit/rules/ExpectedExceptionTest$ExpectsSubstringNullMessage.class
/home/runner/work/junit4/junit4/target/test-classes/junit/tests/framework/TestCaseTest$7.class
/home/runner/work/junit4/junit4/target/test-classes/org/junit/experimental/categories/CategoriesAndParameterizedTest$ParameterizedTestWithoutCategory.class
/home/runner/work/junit4/junit4/target/test-classes/org/junit/experimental/categories/CategoriesAndParameterizedTest$Token.class
/home/runner/work/junit4/junit4/target/test-classes/junit/tests/framework/AssertTest.class
/home/runner/work/junit4/junit4/target/test-classes/org/junit/tests/running/classes/ThreadsTest.class
/home/runner/work/junit4/junit4/target/test-classes/org/junit/internal/MethodSorterTest$DummySortWithNameAsc.class
/home/runner/work/junit4/junit4/target/test-classes/org/junit/internal/MethodSorterTest.class
/home/runner/work/junit4/junit4/target/test-classes/junit/tests/framework/OneTestCase.class
/home/runner/work/junit4/junit4/target/test-classes/org/junit/internal/runners/statements/ExpectExceptionTest$PassingStatement.class
/home/runner/work/junit4/junit4/target/test-classes/org/junit/internal/runners/statements/ExpectExceptionTest$SomeException.class
/home/runner/work/junit4/junit4/target/test-classes/org/junit/internal/runners/statements/ExpectExceptionTest$AssumptionViolatedExceptionSubclass.class
/home/runner/work/junit4/junit4/target/test-classes/org/junit/internal/runners/statements/ExpectExceptionTest.class
/home/runner/work/junit4/junit4/target/test-classes/org/junit/validator/AnnotationsValidatorTest$AnnotationValidatorFieldTest.class
/home/runner/work/junit4/junit4/target/test-classes/org/junit/tests/description/TestDescriptionTest.class
/home/runner/work/junit4/junit4/target/test-classes/org/junit/internal/ArrayComparisonFailureTest.class
/home/runner/work/junit4/junit4/target/test-classes/org/junit/tests/running/classes/ThreadsTest$TestWithInterrupt.class
/home/runner/work/junit4/junit4/target/test-classes/org/junit/tests/running/classes/ThreadsTest$1.class
/home/runner/work/junit4/junit4/target/test-classes/org/junit/tests/running/classes/ThreadsTest$TestWithInterruptFromAfterClass.class
/home/runner/work/junit4/junit4/target/test-classes/org/junit/tests/running/classes/ThreadsTest$2.class
/home/runner/work/junit4/junit4/target/test-classes/junit/tests/framework/TestCaseTest$8.class
/home/runner/work/junit4/junit4/target/test-classes/junit/tests/framework/TestCaseTest$3.class
/home/runner/work/junit4/junit4/target/test-classes/junit/tests/framework/TestCaseTest$10.class
/home/runner/work/junit4/junit4/target/test-classes/org/junit/tests/experimental/AssumptionTest.class
/home/runner/work/junit4/junit4/target/test-classes/org/junit/tests/experimental/AssumptionTest$HasFailingAssumeInBeforeClass.class
/home/runner/work/junit4/junit4/target/test-classes/org/junit/tests/experimental/AssumptionTest$AssumptionFailureInConstructor.class
/home/runner/work/junit4/junit4/target/test-classes/org/junit/tests/experimental/AssumptionTest$TestClassWithAssumptionFailure.class
/home/runner/work/junit4/junit4/target/test-classes/org/junit/tests/experimental/AssumptionTest$HasAssumeWithMessage.class
/home/runner/work/junit4/junit4/target/test-classes/org/junit/tests/experimental/AssumptionTest$HasAssumeWithMessageAndCause.class
/home/runner/work/junit4/junit4/target/test-classes/junit/tests/framework/TestCaseTest.class
/home/runner/work/junit4/junit4/target/test-classes/org/junit/tests/experimental/AssumptionTest$2.class
/home/runner/work/junit4/junit4/target/test-classes/org/junit/runner/JUnitCommandLineParseResultTest$FilterFactoryStub.class
/home/runner/work/junit4/junit4/target/test-classes/org/junit/tests/experimental/AssumptionTest$HasPassingAssumption.class
/home/runner/work/junit4/junit4/target/test-classes/org/junit/runner/JUnitCommandLineParseResultTest$DummyCategory0.class
/home/runner/work/junit4/junit4/target/test-classes/org/junit/runner/JUnitCommandLineParseResultTest$DummyTest.class
/home/runner/work/junit4/junit4/target/test-classes/org/junit/runner/JUnitCommandLineParseResultTest.class
/home/runner/work/junit4/junit4/target/test-classes/org/junit/tests/experimental/theories/internal/AllMembersSupplierTest$HasDataPointsArrayField.class
/home/runner/work/junit4/junit4/target/test-classes/org/junit/tests/experimental/theories/internal/AllMembersSupplierTest$HasDataPointsArrayWithMatchingButInaccurateTypes.class
/home/runner/work/junit4/junit4/target/test-classes/org/junit/tests/experimental/theories/internal/AllMembersSupplierTest$HasDataPointMethodWithOverlyGeneralTypes.class
/home/runner/work/junit4/junit4/target/test-classes/org/junit/tests/experimental/theories/internal/AllMembersSupplierTest$HasDataPointsWithObjectParameter.class
/home/runner/work/junit4/junit4/target/test-classes/org/junit/tests/experimental/AssumptionTest$HasFailingAssumeInBefore.class
/home/runner/work/junit4/junit4/target/test-classes/org/junit/tests/experimental/AssumptionTest$HasFailingAssumptionWithMessage.class
/home/runner/work/junit4/junit4/target/test-classes/org/junit/tests/experimental/AssumptionTest$1.class
/home/runner/work/junit4/junit4/target/test-classes/org/junit/runner/FilterFactoriesTest$DummyTest.class
/home/runner/work/junit4/junit4/target/test-classes/org/junit/runner/FilterFactoriesTest$NonFilterFactory.class
/home/runner/work/junit4/junit4/target/test-classes/org/junit/runner/FilterFactoriesTest$NonInstantiableFilterFactory.class
/home/runner/work/junit4/junit4/target/test-classes/org/junit/tests/experimental/AssumptionTest$HasFailingAssumption.class
/home/runner/work/junit4/junit4/target/test-classes/org/junit/runner/FilterFactoriesTest$FilterFactoryStub.class
/home/runner/work/junit4/junit4/target/test-classes/org/junit/runner/FilterFactoriesTest$DummyFilter.class
/home/runner/work/junit4/junit4/target/test-classes/org/junit/runner/FilterFactoriesTest$DummyCategory.class
/home/runner/work/junit4/junit4/target/test-classes/org/junit/runner/FilterFactoriesTest$DummySuite.class
/home/runner/work/junit4/junit4/target/test-classes/org/junit/rules/ExpectedExceptionTest$ThrowExceptionWithMatchingCause.class
/home/runner/work/junit4/junit4/target/test-classes/org/junit/tests/experimental/theories/runner/SuccessfulWithDataPointFields$BeforeAndAfterEachTime.class
/home/runner/work/junit4/junit4/target/test-classes/org/junit/tests/validation/ValidationTest$NonStaticBeforeClass.class
/home/runner/work/junit4/junit4/target/test-classes/org/junit/runner/FilterFactoriesTest.class
/home/runner/work/junit4/junit4/target/test-classes/org/junit/tests/running/core/AllCoreTests.class
/home/runner/work/junit4/junit4/target/test-classes/junit/tests/framework/NoTestCaseClass.class
/home/runner/work/junit4/junit4/target/test-classes/org/junit/tests/validation/ValidationTest$WrongBeforeClass.class
/home/runner/work/junit4/junit4/target/test-classes/org/junit/tests/validation/ValidationTest.class
/home/runner/work/junit4/junit4/target/test-classes/org/junit/rules/MethodRulesTest$BeforesAndAfters.class
/home/runner/work/junit4/junit4/target/test-classes/org/junit/rules/MethodRulesTest$PrivateRule.class
/home/runner/work/junit4/junit4/target/test-classes/org/junit/rules/MethodRulesTest$WatchmanTest.class
/home/runner/work/junit4/junit4/target/test-classes/org/junit/rules/MethodRulesTest$WatchmanTest$1.class
/home/runner/work/junit4/junit4/target/test-classes/org/junit/rules/MethodRulesTest$OnFailureTest.class
/home/runner/work/junit4/junit4/target/test-classes/org/junit/rules/MethodRulesTest$OnFailureTest$1.class
/home/runner/work/junit4/junit4/target/test-classes/org/junit/rules/MethodRulesTest$CustomTestName$1.class
/home/runner/work/junit4/junit4/target/test-classes/org/junit/rules/MethodRulesTest$MultipleRuleTest.class
/home/runner/work/junit4/junit4/target/test-classes/org/junit/rules/MethodRulesTest$Increment.class
/home/runner/work/junit4/junit4/target/test-classes/org/junit/rules/MethodRulesTest$CallsMethodReturningRuleOnlyOnce$Dummy$1.class
/home/runner/work/junit4/junit4/target/test-classes/org/junit/rules/MethodRulesTest$SonOfNonPublicExampleTest.class
/home/runner/work/junit4/junit4/target/test-classes/org/junit/rules/MethodRulesTest$SonOfExampleTest.class
/home/runner/work/junit4/junit4/target/test-classes/org/junit/rules/MethodRulesTest$NonPublicExampleTest.class
/home/runner/work/junit4/junit4/target/test-classes/org/junit/rules/MethodRulesTest$ExampleTest.class
/home/runner/work/junit4/junit4/target/test-classes/org/junit/rules/MethodRulesTest$TestMethodRule.class
/home/runner/work/junit4/junit4/target/test-classes/org/junit/rules/MethodRulesTest$Increment$1.class
/home/runner/work/junit4/junit4/target/test-classes/org/junit/runners/model/FrameworkMethodTest$ClassWithDummyMethod.class
/home/runner/work/junit4/junit4/target/test-classes/org/junit/rules/ExternalResourceRuleTest.class
/home/runner/work/junit4/junit4/target/test-classes/org/junit/tests/experimental/theories/runner/WithExtendedParameterSources$ShouldRejectTheoriesWithOnlyDisallowedNullData.class
/home/runner/work/junit4/junit4/target/test-classes/org/junit/rules/TestRuleTest$ExampleTest.class
/home/runner/work/junit4/junit4/target/test-classes/org/junit/rules/TestRuleTest$ExampleTest$1.class
/home/runner/work/junit4/junit4/target/test-classes/org/junit/tests/manipulation/AllManipulationTests.class
/home/runner/work/junit4/junit4/target/test-classes/org/junit/tests/experimental/theories/runner/WithExtendedParameterSources.class
/home/runner/work/junit4/junit4/target/test-classes/org/junit/tests/experimental/theories/runner/WithExtendedParameterSources$DataPointArrayToBeUsedForWholeParameter.class
/home/runner/work/junit4/junit4/target/test-classes/org/junit/tests/experimental/theories/runner/WithExtendedParameterSources$DataPointArrayMethod.class
/home/runner/work/junit4/junit4/target/test-classes/org/junit/tests/experimental/theories/runner/WithExtendedParameterSources$DataPointArrays.class
/home/runner/work/junit4/junit4/target/test-classes/org/junit/tests/experimental/theories/runner/WithExtendedParameterSources$ShouldFilterOutNullElementsFromDataPointArrays.class
/home/runner/work/junit4/junit4/target/test-classes/org/junit/rules/ExpectedExceptionTest$FailedAssumptionAndExpectException.class
/home/runner/work/junit4/junit4/target/test-classes/org/junit/tests/experimental/theories/runner/WithExtendedParameterSources$ShouldFilterOutNullSingleDataPoints.class
/home/runner/work/junit4/junit4/target/test-classes/org/junit/tests/experimental/theories/runner/WithExtendedParameterSources$ParameterAnnotations.class
/home/runner/work/junit4/junit4/target/test-classes/org/junit/rules/ExpectedExceptionTest$ErrorCollectorShouldFailAlthoughExpectedExceptionDoesNot.class
/home/runner/work/junit4/junit4/target/test-classes/org/junit/rules/ExpectedExceptionTest$UseCustomMessageWithoutPlaceHolder.class
/home/runner/work/junit4/junit4/target/test-classes/org/junit/rules/ExpectedExceptionTest$UseCustomMessageWithPlaceHolder.class
/home/runner/work/junit4/junit4/target/test-classes/org/junit/rules/ExpectedExceptionTest$UseNoCustomMessage.class
/home/runner/work/junit4/junit4/target/test-classes/org/junit/rules/ExpectedExceptionTest$ThrowUnexpectedCause.class
/home/runner/work/junit4/junit4/target/test-classes/org/junit/rules/TestRuleTest$BothKindsOfRule.class
/home/runner/work/junit4/junit4/target/test-classes/org/junit/rules/TestRuleTest$OneFieldTwoKindsOfRule.class
/home/runner/work/junit4/junit4/target/test-classes/org/junit/rules/TestRuleTest$MultipleRuleTest$Increment$1.class
/home/runner/work/junit4/junit4/target/test-classes/org/junit/rules/TestRuleTest$MultipleRuleTest$Increment.class
/home/runner/work/junit4/junit4/target/test-classes/org/junit/rules/TestRuleTest$MethodWrongTypedField.class
/home/runner/work/junit4/junit4/target/test-classes/org/junit/rules/TestRuleTest$BeforesAndAftersAreEnclosedByRule.class
/home/runner/work/junit4/junit4/target/test-classes/org/junit/rules/TestRuleTest$MethodNoRulesTest.class
/home/runner/work/junit4/junit4/target/test-classes/org/junit/rules/TestRuleTest$MethodMultipleRuleTest.class
/home/runner/work/junit4/junit4/target/test-classes/org/junit/rules/TestRuleTest$MethodMultipleRuleTest$Increment$1.class
/home/runner/work/junit4/junit4/target/test-classes/org/junit/rules/TestRuleTest$MethodSonOfExampleTest.class
/home/runner/work/junit4/junit4/target/test-classes/org/junit/rules/TestRuleTest$MethodOneFieldTwoKindsOfRule.class
/home/runner/work/junit4/junit4/target/test-classes/org/junit/rules/TestRuleTest$MethodBothKindsOfRule.class
/home/runner/work/junit4/junit4/target/test-classes/org/junit/rules/TestRuleTest$MethodExampleTest.class
/home/runner/work/junit4/junit4/target/test-classes/org/junit/rules/TestRuleTest$MethodExampleTest$1.class
/home/runner/work/junit4/junit4/target/test-classes/org/junit/rules/TestRuleTest$MethodExampleTest$1$1.class
/home/runner/work/junit4/junit4/target/test-classes/org/junit/rules/TestRuleTest$CustomTestName$1.class
/home/runner/work/junit4/junit4/target/test-classes/org/junit/rules/TestRuleTest$PrivateRule.class
/home/runner/work/junit4/junit4/target/test-classes/org/junit/rules/TestRuleTest$BeforesAndAfters.class
/home/runner/work/junit4/junit4/target/test-classes/org/junit/rules/TestRuleTest$MultipleRuleTest.class
/home/runner/work/junit4/junit4/target/test-classes/org/junit/rules/ExpectedExceptionTest$ThrowExpectedNullCause.class
/home/runner/work/junit4/junit4/target/test-classes/org/junit/rules/ExpectedExceptionTest$FailBeforeExpectingException.class
/home/runner/work/junit4/junit4/target/test-classes/org/junit/runners/model/FrameworkMethodTest.class
/home/runner/work/junit4/junit4/target/test-classes/junit/tests/framework/AssertionFailedErrorTest.class
/home/runner/work/junit4/junit4/target/test-classes/org/junit/tests/running/methods/TestMethodTest$SubShadows.class
/home/runner/work/junit4/junit4/target/test-classes/org/junit/tests/running/methods/TestMethodTest$SuperWrong.class
/home/runner/work/junit4/junit4/target/test-classes/org/junit/validator/AnnotationsValidatorTest.class
/home/runner/work/junit4/junit4/target/test-classes/org/junit/validator/AnnotationsValidatorTest$AnnotationValidatorMethodTest.class
/home/runner/work/junit4/junit4/target/test-classes/org/junit/validator/AnnotationsValidatorTest$ExampleAnnotationValidator.class
/home/runner/work/junit4/junit4/target/test-classes/org/junit/tests/experimental/theories/runner/AllTheoriesRunnerTests.class
/home/runner/work/junit4/junit4/target/test-classes/junit/tests/framework/ComparisonFailureTest.class
/home/runner/work/junit4/junit4/target/test-classes/junit/tests/SampleJUnit3Tests$FakeClassUnderTest.class
/home/runner/work/junit4/junit4/target/test-classes/org/junit/rules/ExpectedExceptionTest$ExpectAssertionErrorWhichIsNotThrown.class
/home/runner/work/junit4/junit4/target/test-classes/junit/tests/SampleJUnit3Tests$TestWithThrowingSetUpMethod.class
/home/runner/work/junit4/junit4/target/test-classes/junit/tests/SampleJUnit3Tests$TestWithOneThrowingTestMethod.class
/home/runner/work/junit4/junit4/target/test-classes/org/junit/runner/OrderWithValidatorTest.class
/home/runner/work/junit4/junit4/target/test-classes/org/junit/runner/OrderWithValidatorTest$TestWithNoValidationErrors.class
/home/runner/work/junit4/junit4/target/test-classes/org/junit/tests/listening/TestListenerTest.class
/home/runner/work/junit4/junit4/target/test-classes/org/junit/tests/listening/TestListenerTest$ErrorListener.class
/home/runner/work/junit4/junit4/target/test-classes/org/junit/tests/junit3compatibility/ClassRequestTest.class
/home/runner/work/junit4/junit4/target/test-classes/org/junit/tests/running/methods/TestMethodTest$Confused.class
/home/runner/work/junit4/junit4/target/test-classes/org/junit/tests/running/methods/TestMethodTest$ConstructorParameter.class
/home/runner/work/junit4/junit4/target/test-classes/org/junit/tests/running/methods/TestMethodTest$OnlyTestIsIgnored.class
/home/runner/work/junit4/junit4/target/test-classes/org/junit/tests/running/methods/TestMethodTest.class
/home/runner/work/junit4/junit4/target/test-classes/org/junit/rules/ExpectedExceptionTest$ExpectsMultipleMatchers.class
/home/runner/work/junit4/junit4/target/test-classes/org/junit/rules/ExpectedExceptionTest$ExpectsMatcher.class
/home/runner/work/junit4/junit4/target/test-classes/org/junit/rules/ExpectedExceptionTest$ExpectedMessageMatcherFails.class
/home/runner/work/junit4/junit4/target/test-classes/org/junit/rules/ExpectedExceptionTest$ExpectsMessageMatcher.class
/home/runner/work/junit4/junit4/target/test-classes/org/junit/rules/ExpectedExceptionTest$ExpectsSubstring.class
/home/runner/work/junit4/junit4/target/test-classes/org/junit/rules/ExpectedExceptionTest$WronglyExpectsExceptionMessage.class
/home/runner/work/junit4/junit4/target/test-classes/org/junit/rules/ExpectedExceptionTest$ThrowNoExceptionButExpectExceptionWithType.class
/home/runner/work/junit4/junit4/target/test-classes/org/junit/rules/ExpectedExceptionTest$ThrowExceptionWithExpectedPartOfMessage.class
/home/runner/work/junit4/junit4/target/test-classes/org/junit/rules/ExpectedExceptionTest$ThrowExceptionWithExpectedType.class
/home/runner/work/junit4/junit4/target/test-classes/org/junit/rules/ExpectedExceptionTest$EmptyTestExpectingNoException.class
/home/runner/work/junit4/junit4/target/test-classes/org/junit/tests/deprecated/JUnit4ClassRunnerTest.class
/home/runner/work/junit4/junit4/target/test-classes/org/junit/tests/deprecated/JUnit4ClassRunnerTest$UnconstructableExample.class
/home/runner/work/junit4/junit4/target/test-classes/org/junit/tests/deprecated/JUnit4ClassRunnerTest$Example.class
/home/runner/work/junit4/junit4/target/test-classes/junit/tests/framework/NoTestCases.class
/home/runner/work/junit4/junit4/target/test-classes/org/junit/tests/experimental/results/AllResultsTests.class
/home/runner/work/junit4/junit4/target/test-classes/org/junit/rules/TestRuleTest$MethodSonOfWrongTypedField.class
/home/runner/work/junit4/junit4/target/test-classes/org/junit/rules/TestRuleTest$MethodPrivateRule.class
/home/runner/work/junit4/junit4/target/test-classes/org/junit/rules/TestRuleTest$CallMethodOnlyOnceRule$Dummy$1.class
/home/runner/work/junit4/junit4/target/test-classes/org/junit/rules/TestRuleTest$CallMethodOnlyOnceRule$Dummy.class
/home/runner/work/junit4/junit4/target/test-classes/org/junit/runners/parameterized/TestWithParametersTest$AnotherDummyClass.class
/home/runner/work/junit4/junit4/target/test-classes/junit/tests/framework/InheritedTestCase.class
/home/runner/work/junit4/junit4/target/test-classes/org/junit/tests/experimental/theories/internal/AllTheoriesInternalTests.class
/home/runner/work/junit4/junit4/target/test-classes/org/junit/tests/experimental/max/MaxStarterTest.class
/home/runner/work/junit4/junit4/target/test-classes/org/junit/tests/experimental/max/MaxStarterTest$HalfMalformedJUnit38TestMethod.class
/home/runner/work/junit4/junit4/target/test-classes/org/junit/tests/experimental/max/MaxStarterTest$MalformedJUnit38Test.class
/home/runner/work/junit4/junit4/target/test-classes/org/junit/tests/experimental/max/MaxStarterTest$2.class
/home/runner/work/junit4/junit4/target/test-classes/org/junit/tests/experimental/max/MaxStarterTest$1.class
/home/runner/work/junit4/junit4/target/test-classes/org/junit/tests/experimental/max/MaxStarterTest$TwoUnEqualTests.class
/home/runner/work/junit4/junit4/target/test-classes/org/junit/tests/experimental/max/MaxStarterTest$TwoTests.class
/home/runner/work/junit4/junit4/target/test-classes/org/junit/tests/running/classes/parent/ParentRunnerClassLoaderTest.class
/home/runner/work/junit4/junit4/target/test-classes/org/junit/tests/running/classes/parent/ParentRunnerClassLoaderTest$VisibleClassLoader.class
/home/runner/work/junit4/junit4/target/test-classes/org/junit/tests/running/classes/parent/ParentRunnerClassLoaderTest$1.class
/home/runner/work/junit4/junit4/target/test-classes/org/junit/rules/TestRuleTest$TestRuleOrdering.class
/home/runner/work/junit4/junit4/target/test-classes/org/junit/rules/TestRuleTest$CallMethodOnlyOnceRule.class
/home/runner/work/junit4/junit4/target/test-classes/org/junit/runners/parameterized/TestWithParametersTest$DummyClass.class
/home/runner/work/junit4/junit4/target/test-classes/org/junit/rules/RuleChainTest$LoggingRule.class
/home/runner/work/junit4/junit4/target/test-classes/org/junit/rules/RuleChainTest$RuleChainWithNullRules.class
/home/runner/work/junit4/junit4/target/test-classes/org/junit/rules/ExternalResourceRuleTest$3.class
/home/runner/work/junit4/junit4/target/test-classes/org/junit/rules/RuleChainTest.class
/home/runner/work/junit4/junit4/target/test-classes/org/junit/tests/junit3compatibility/ClassRequestTest$PrivateSuiteMethod.class
/home/runner/work/junit4/junit4/target/test-classes/org/junit/rules/MethodRulesTest$WrongTypedField.class
/home/runner/work/junit4/junit4/target/test-classes/org/junit/tests/junit3compatibility/ForwardCompatibilityTest.class
/home/runner/work/junit4/junit4/target/test-classes/org/junit/rules/TestWatcherTest$Callbacks.class
/home/runner/work/junit4/junit4/target/test-classes/org/junit/rules/MethodRulesTest$SonOfWrongTypedField.class
/home/runner/work/junit4/junit4/target/test-classes/org/junit/tests/experimental/parallel/ParallelMethodTest.class
/home/runner/work/junit4/junit4/target/test-classes/org/junit/experimental/categories/CategoryTest$ReallySlowTests.class
/home/runner/work/junit4/junit4/target/test-classes/org/junit/experimental/categories/CategoryTest$OneOfEach.class
/home/runner/work/junit4/junit4/target/test-classes/org/junit/AssumptionViolatedExceptionTest$SerializableIsThreeMatcher.class
/home/runner/work/junit4/junit4/target/test-classes/org/junit/experimental/categories/CategoryTest$C.class
/home/runner/work/junit4/junit4/target/classes/org/junit/validator/TestClassValidator.class
/home/runner/work/junit4/junit4/target/classes/org/junit/runners/model/FrameworkMethod.class
/home/runner/work/junit4/junit4/target/test-classes/org/junit/AssumptionViolatedExceptionTest$UnserializableClass.class
/home/runner/work/junit4/junit4/target/classes/junit/framework/JUnit4TestCaseFacade.class
/home/runner/work/junit4/junit4/target/test-classes/org/junit/rules/TestWatcherTest$Callbacks$SuccessfulTest.class
/home/runner/work/junit4/junit4/target/classes/org/junit/runner/notification/SynchronizedRunListener.class
/home/runner/work/junit4/junit4/target/classes/org/junit/runners/model/RunnerBuilder.class
/home/runner/work/junit4/junit4/target/classes/org/junit/runner/manipulation/Ordering$Factory.class
/home/runner/work/junit4/junit4/target/test-classes/org/junit/experimental/categories/CategoryTest$Category2.class
/home/runner/work/junit4/junit4/target/classes/org/junit/internal/management/ReflectiveThreadMXBean.class
/home/runner/work/junit4/junit4/target/classes/org/junit/runner/Description.class
/home/runner/work/junit4/junit4/target/classes/org/junit/runner/notification/Failure.class
/home/runner/work/junit4/junit4/target/classes/org/junit/runner/Result$SerializedForm.class
/home/runner/work/junit4/junit4/target/test-classes/org/junit/rules/TestWatcherTest$CallbackArguments$Skipped.class
/home/runner/work/junit4/junit4/target/test-classes/org/junit/tests/manipulation/SortableTest$TestOnlySortableClassRunnerIsSortable$SortMe.class
/home/runner/work/junit4/junit4/target/test-classes/org/junit/experimental/categories/CategoryTest$OneFastOneSlow.class
/home/runner/work/junit4/junit4/target/test-classes/org/junit/experimental/categories/CategoryTest$OneFast.class
/home/runner/work/junit4/junit4/target/test-classes/org/junit/rules/TestWatcherTest$CallbackArguments$DeprecatedSkipped.class
/home/runner/work/junit4/junit4/target/test-classes/org/junit/experimental/categories/CategoryTest$OneThatIsBothFastAndSlow.class
/home/runner/work/junit4/junit4/target/test-classes/org/junit/AssumptionViolatedExceptionTest$1.class
/home/runner/work/junit4/junit4/target/test-classes/org/junit/experimental/categories/CategoryTest$OneVerySlowTest.class
/home/runner/work/junit4/junit4/target/test-classes/org/junit/experimental/categories/CategoryTest$RunSlowFromVerySlow.class
/home/runner/work/junit4/junit4/target/test-classes/org/junit/experimental/categories/CategoryTest$MultiA.class
/home/runner/work/junit4/junit4/target/test-classes/org/junit/AssumptionViolatedExceptionTest.class
/home/runner/work/junit4/junit4/target/classes/org/junit/internal/management/ReflectiveThreadMXBean$Holder.class
/home/runner/work/junit4/junit4/target/classes/org/junit/experimental/theories/FromDataPoints.class
/home/runner/work/junit4/junit4/target/test-classes/org/junit/experimental/categories/CategoryTest$MultiC.class
/home/runner/work/junit4/junit4/target/test-classes/org/junit/experimental/categories/JavadocTest$SlowTestSuite.class
/home/runner/work/junit4/junit4/target/test-classes/org/junit/tests/manipulation/SortableTest$TestOnlySortableClassRunnerIsSortable.class
/home/runner/work/junit4/junit4/target/test-classes/org/junit/tests/manipulation/SortableTest$TestClassRunnerIsSortable$SortMe.class
/home/runner/work/junit4/junit4/target/test-classes/junit/tests/framework/SuiteTest.class
/home/runner/work/junit4/junit4/target/test-classes/org/junit/runner/notification/RunNotifierTest$CorruptListener.class
/home/runner/work/junit4/junit4/target/test-classes/org/junit/runner/notification/RunNotifierTest$FailureListener.class
/home/runner/work/junit4/junit4/target/test-classes/org/junit/runner/notification/RunNotifierTest.class
/home/runner/work/junit4/junit4/target/test-classes/org/junit/tests/junit3compatibility/AllTestsTest.class
/home/runner/work/junit4/junit4/target/test-classes/junit/tests/framework/NotVoidTestCase.class
/home/runner/work/junit4/junit4/target/test-classes/org/junit/experimental/categories/JavadocTest$FastTests.class
/home/runner/work/junit4/junit4/target/test-classes/org/junit/experimental/categories/JavadocTest$SmokeTests.class
/home/runner/work/junit4/junit4/target/test-classes/org/junit/rules/TestWatcherTest$Callbacks$NoOpRule.class
/home/runner/work/junit4/junit4/target/test-classes/org/junit/experimental/categories/JavadocTest$B.class
/home/runner/work/junit4/junit4/target/test-classes/org/junit/tests/junit3compatibility/AllTestsTest$OneTest.class
/home/runner/work/junit4/junit4/target/test-classes/org/junit/tests/experimental/theories/runner/WithAutoGeneratedDataPoints$TheoryTestClassWithAutogeneratedParameterValues.class
/home/runner/work/junit4/junit4/target/test-classes/org/junit/tests/experimental/theories/runner/WithAutoGeneratedDataPoints$TheoryTestClassWithSpecificEnumDataPoint.class
/home/runner/work/junit4/junit4/target/test-classes/org/junit/experimental/categories/CategoryTest$FastTests.class
/home/runner/work/junit4/junit4/target/test-classes/org/junit/tests/experimental/theories/runner/WithAutoGeneratedDataPoints$TheoryTestClassWithSpecificBooleanDataPoint.class
/home/runner/work/junit4/junit4/target/test-classes/org/junit/rules/TestWatcherTest$Callbacks$ErroneousTestWatcher.class
/home/runner/work/junit4/junit4/target/test-classes/org/junit/rules/TestWatcherTest$Callbacks$InternalViolatedAssumptionTest.class
/home/runner/work/junit4/junit4/target/test-classes/org/junit/experimental/categories/JavadocTest$FastOrSmokeTestSuite.class
/home/runner/work/junit4/junit4/target/test-classes/org/junit/experimental/categories/CategoryValidatorTest$SampleCategory.class
/home/runner/work/junit4/junit4/target/test-classes/org/junit/experimental/categories/CategoryValidatorTest$CategoryTest.class
/home/runner/work/junit4/junit4/target/test-classes/org/junit/experimental/categories/CategoryValidatorTest.class
/home/runner/work/junit4/junit4/target/test-classes/org/junit/runner/notification/SynchronizedRunListenerTest$MethodSignature.class
/home/runner/work/junit4/junit4/target/test-classes/org/junit/runner/notification/SynchronizedRunListenerTest$NamedListener.class
/home/runner/work/junit4/junit4/target/test-classes/org/junit/rules/TimeoutRuleTest$HasNullTimeUnit.class
/home/runner/work/junit4/junit4/target/test-classes/org/junit/runner/notification/SynchronizedRunListenerTest.class
/home/runner/work/junit4/junit4/target/test-classes/org/junit/validator/AllValidatorTests.class
/home/runner/work/junit4/junit4/target/test-classes/junit/tests/framework/FloatAssertTest.class
/home/runner/work/junit4/junit4/target/classes/org/junit/experimental/max/MaxCore.class
/home/runner/work/junit4/junit4/target/test-classes/org/junit/experimental/categories/CategoryTest$MultiB.class
/home/runner/work/junit4/junit4/target/test-classes/org/junit/tests/manipulation/SortableTest$UnsortableRunnersAreHandledWithoutCrashing$UnsortableRunner.class
/home/runner/work/junit4/junit4/target/test-classes/org/junit/experimental/categories/CategoryTest$AllIncludedMustBeMatchedSuite.class
/home/runner/work/junit4/junit4/target/test-classes/org/junit/tests/manipulation/OrderWithTest$TestClassRunnerIsOrderableWithSuiteMethod.class
/home/runner/work/junit4/junit4/target/test-classes/org/junit/tests/manipulation/OrderWithTest$TestClassRunnerIsOrderableViaOrderWith$OrderedAlphanumerically.class
/home/runner/work/junit4/junit4/target/test-classes/org/junit/tests/manipulation/OrderWithTest$TestClassRunnerIsOrderableViaOrderWith$OrderedReverseAlphanumerically.class
/home/runner/work/junit4/junit4/target/test-classes/org/junit/tests/manipulation/OrderWithTest$TestClassRunnerIsOrderableViaOrderWith$UnorderedSuite$A.class
/home/runner/work/junit4/junit4/target/test-classes/org/junit/rules/TestWatcherTest$InterplayWithOtherRules.class
/home/runner/work/junit4/junit4/target/test-classes/org/junit/tests/manipulation/OrderWithTest$TestClassRunnerIsOrderableViaOrderWith$SuiteOrderedReverseAlphanumerically.class
/home/runner/work/junit4/junit4/target/test-classes/org/junit/tests/manipulation/OrderWithTest$TestClassRunnerIsSortableViaOrderWith$Unordered.class
/home/runner/work/junit4/junit4/target/test-classes/org/junit/tests/manipulation/OrderWithTest$TestClassRunnerIsSortableViaOrderWith.class
/home/runner/work/junit4/junit4/target/test-classes/org/junit/tests/manipulation/OrderWithTest$TestClassRunnerIsOrderableWithSuiteMethod$Unordered.class
/home/runner/work/junit4/junit4/target/test-classes/org/junit/tests/manipulation/OrderWithTest$TestClassRunnerIsOrderableWithSuiteMethod$OrderedAlphanumerically.class
/home/runner/work/junit4/junit4/target/test-classes/org/junit/tests/assertion/AssertionTest$NullToString.class
/home/runner/work/junit4/junit4/target/test-classes/org/junit/tests/manipulation/OrderWithTest$TestClassRunnerIsOrderableWithSuiteMethod$OrderedReverseAlphanumerically.class
/home/runner/work/junit4/junit4/target/test-classes/org/junit/rules/ExternalResourceRuleTest$TestFailsAndTwoClosingResourcesFail$2.class
/home/runner/work/junit4/junit4/target/test-classes/org/junit/rules/ExternalResourceRuleTest$TestFailsAndTwoClosingResourcesFail$1.class
/home/runner/work/junit4/junit4/target/test-classes/org/junit/tests/manipulation/OrderWithTest$UnOrderableRunnersAreHandledWithoutCrashing$UnOrderableRunner.class
/home/runner/work/junit4/junit4/target/test-classes/org/junit/tests/manipulation/OrderWithTest$UnOrderableRunnersAreHandledWithoutCrashing$UnOrderable.class
/home/runner/work/junit4/junit4/target/test-classes/org/junit/tests/manipulation/OrderWithTest.class
/home/runner/work/junit4/junit4/target/test-classes/org/junit/rules/TimeoutRuleTest$HasGlobalTimeUnitTimeout.class
/home/runner/work/junit4/junit4/target/test-classes/org/junit/tests/junit3compatibility/ForwardCompatibilityTest$1.class
/home/runner/work/junit4/junit4/target/test-classes/org/junit/tests/junit3compatibility/ForwardCompatibilityTest$ExpectedTest.class
/home/runner/work/junit4/junit4/target/test-classes/org/junit/rules/MethodRulesTest$CallsMethodReturningRuleOnlyOnce.class
/home/runner/work/junit4/junit4/target/test-classes/org/junit/tests/junit3compatibility/ForwardCompatibilityTest$BeforeClassTest.class
/home/runner/work/junit4/junit4/target/test-classes/org/junit/tests/junit3compatibility/ForwardCompatibilityTest$ExceptionInBeforeTest.class
/home/runner/work/junit4/junit4/target/test-classes/org/junit/rules/ExternalResourceRuleTest$2.class
/home/runner/work/junit4/junit4/target/test-classes/org/junit/tests/junit3compatibility/ForwardCompatibilityTest$InvalidMethodTest.class
/home/runner/work/junit4/junit4/target/test-classes/org/junit/tests/junit3compatibility/ForwardCompatibilityTest$MarkerRunner.class
/home/runner/work/junit4/junit4/target/test-classes/org/junit/rules/TestWatcherTest$InterplayWithOtherRules$ErrorCollectorTest.class
/home/runner/work/junit4/junit4/target/test-classes/org/junit/tests/manipulation/OrderWithTest$TestClassRunnerIsOrderableViaOrderWith.class
/home/runner/work/junit4/junit4/target/test-classes/org/junit/experimental/categories/CategoryTest$ClassAsCategory.class
/home/runner/work/junit4/junit4/target/test-classes/org/junit/rules/TestWatcherTest$CallbackArguments.class
/home/runner/work/junit4/junit4/target/test-classes/org/junit/experimental/categories/CategoryTest$AllIncludedMustMatched.class
/home/runner/work/junit4/junit4/target/test-classes/org/junit/rules/TestWatcherTest$CallbackArguments$Finished.class
/home/runner/work/junit4/junit4/target/test-classes/org/junit/rules/TestWatcherTest$CallbackArguments$Starting.class
/home/runner/work/junit4/junit4/target/test-classes/org/junit/rules/MethodRulesTest.class
/home/runner/work/junit4/junit4/target/test-classes/org/junit/runners/model/InvalidTestClassErrorTest$SampleTestClass.class
/home/runner/work/junit4/junit4/target/test-classes/org/junit/rules/TestRuleTest$CustomTestName.class
/home/runner/work/junit4/junit4/target/test-classes/org/junit/rules/TestRuleTest$OrderTestRule.class
/home/runner/work/junit4/junit4/target/test-classes/org/junit/rules/TestRuleTest$OrderTestRule$1.class
/home/runner/work/junit4/junit4/target/test-classes/org/junit/rules/TestRuleTest$MethodUsesCustomMethodRule.class
/home/runner/work/junit4/junit4/target/test-classes/org/junit/experimental/categories/CategoryTest$SlowTestSuite.class
/home/runner/work/junit4/junit4/target/test-classes/org/junit/experimental/categories/CategoryTest$JustA.class
/home/runner/work/junit4/junit4/target/test-classes/org/junit/rules/TestRuleTest$MethodMultipleRuleTest$Increment.class
/home/runner/work/junit4/junit4/target/test-classes/org/junit/experimental/categories/CategoryTest$Category1.class
/home/runner/work/junit4/junit4/target/test-classes/org/junit/experimental/categories/CategoryTest$SomeAreSlowSuite.class
/home/runner/work/junit4/junit4/target/test-classes/org/junit/experimental/categories/CategoryTest$IncludeAndExcludeSuite.class
/home/runner/work/junit4/junit4/target/test-classes/org/junit/rules/TestRuleTest$SonOfWrongTypedField.class
/home/runner/work/junit4/junit4/target/test-classes/org/junit/rules/TestRuleTest$WrongTypedField.class
/home/runner/work/junit4/junit4/target/test-classes/org/junit/rules/TestRuleTest$NoRulesTest.class
/home/runner/work/junit4/junit4/target/test-classes/org/junit/experimental/categories/CategoryTest$OneFastSuite.class
/home/runner/work/junit4/junit4/target/test-classes/org/junit/experimental/categories/CategoryTest$ChooseSlowFromBoth.class
/home/runner/work/junit4/junit4/target/test-classes/org/junit/rules/TestRuleTest$SonOfExampleTest.class
/home/runner/work/junit4/junit4/target/test-classes/org/junit/experimental/categories/CategoryTest$VerySlowTests.class
/home/runner/work/junit4/junit4/target/test-classes/org/junit/rules/TestRuleTest$ExampleTest$1$1.class
/home/runner/work/junit4/junit4/target/test-classes/org/junit/rules/TestRuleTest$UsesFieldAndMethodRule.class
/home/runner/work/junit4/junit4/target/test-classes/org/junit/experimental/categories/CategoryTest$B.class
/home/runner/work/junit4/junit4/target/test-classes/org/junit/rules/TestRuleTest$TestRuleIsAroundMethodRule.class
/home/runner/work/junit4/junit4/target/test-classes/org/junit/experimental/categories/CategoryTest$A.class
/home/runner/work/junit4/junit4/target/test-classes/org/junit/tests/experimental/theories/runner/WithAutoGeneratedDataPoints.class
/home/runner/work/junit4/junit4/target/test-classes/org/junit/samples/ListTest.class
/home/runner/work/junit4/junit4/target/test-classes/org/junit/rules/RuleChainTest$UseRuleChain.class
/home/runner/work/junit4/junit4/target/test-classes/org/junit/tests/assertion/ComparisonFailureTest.class
/home/runner/work/junit4/junit4/target/test-classes/org/junit/runners/parameterized/TestWithParametersTest.class
/home/runner/work/junit4/junit4/target/test-classes/junit/tests/runner/BaseTestRunnerTest$MockRunner.class
/home/runner/work/junit4/junit4/target/test-classes/junit/tests/runner/BaseTestRunnerTest$NonStatic.class
/home/runner/work/junit4/junit4/target/test-classes/junit/tests/runner/BaseTestRunnerTest$DoesntExtendTestCase.class
/home/runner/work/junit4/junit4/target/test-classes/junit/tests/runner/BaseTestRunnerTest.class
/home/runner/work/junit4/junit4/target/test-classes/org/junit/tests/experimental/max/MaxStarterTest$TwoOldTests.class
/home/runner/work/junit4/junit4/target/test-classes/org/junit/experimental/categories/CategoryTest$SlowTests.class
/home/runner/work/junit4/junit4/target/test-classes/org/junit/experimental/categories/CategoryTest$MultiIncludeWithExcludeCategorySuite.class
/home/runner/work/junit4/junit4/target/test-classes/org/junit/experimental/categories/CategoryTest$MultipleIncludesAndExcludeOnMethod.class
/home/runner/work/junit4/junit4/target/test-classes/org/junit/rules/ExpectedExceptionTest$ThrowExceptionWithWrongType.class
/home/runner/work/junit4/junit4/target/test-classes/org/junit/tests/manipulation/OrderWithTest$TestClassRunnerIsOrderableViaOrderWith$UnorderedSuite$B.class
/home/runner/work/junit4/junit4/target/test-classes/org/junit/tests/manipulation/OrderWithTest$TestClassRunnerIsOrderableViaOrderWith$UnorderedSuite.class
/home/runner/work/junit4/junit4/target/test-classes/org/junit/tests/manipulation/OrderWithTest$TestClassRunnerIsOrderableViaOrderWith$SuiteOrderedAlphanumerically.class
/home/runner/work/junit4/junit4/target/test-classes/org/junit/tests/manipulation/OrderWithTest$TestClassRunnerIsSortableViaOrderWith$SortedReverseAlphanumerically.class
/home/runner/work/junit4/junit4/target/test-classes/org/junit/tests/running/methods/TestMethodTest$IgnoredTest.class
/home/runner/work/junit4/junit4/target/test-classes/org/junit/tests/running/methods/TestMethodTest$SubWrong.class
/home/runner/work/junit4/junit4/target/test-classes/org/junit/tests/running/methods/TestMethodTest$EverythingWrong.class
/home/runner/work/junit4/junit4/target/test-classes/org/junit/validator/AnnotationsValidatorTest$AnnotationValidatorClassTest.class
/home/runner/work/junit4/junit4/target/test-classes/org/junit/validator/AnnotationsValidatorTest$ExampleAnnotationWithValidator.class
/home/runner/work/junit4/junit4/target/test-classes/org/junit/tests/manipulation/OrderWithTest$UnOrderableRunnersAreHandledWithoutCrashing.class
/home/runner/work/junit4/junit4/target/test-classes/junit/tests/SampleJUnit3Tests.class
/home/runner/work/junit4/junit4/target/test-classes/org/junit/tests/junit3compatibility/ForwardCompatibilityTest$NoExceptionTest.class
/home/runner/work/junit4/junit4/target/test-classes/org/junit/runner/OrderWithValidatorTest$TestAnnotatedWithFixMethodOrder.class
/home/runner/work/junit4/junit4/target/test-classes/org/junit/tests/listening/TestListenerTest$ExceptionListener.class
/home/runner/work/junit4/junit4/target/test-classes/org/junit/tests/listening/TestListenerTest$OneTest.class
/home/runner/work/junit4/junit4/target/test-classes/org/junit/tests/manipulation/OrderWithTest$TestClassRunnerIsOrderableViaOrderWith$Unordered.class
/home/runner/work/junit4/junit4/target/test-classes/org/junit/rules/ExpectedExceptionTest$HasWrongMessage.class
/home/runner/work/junit4/junit4/target/test-classes/org/junit/experimental/categories/CategoryTest$OneMoreTest.class
/home/runner/work/junit4/junit4/target/test-classes/org/junit/experimental/categories/CategoryTest$RunClassAsCategory.class
/home/runner/work/junit4/junit4/target/test-classes/org/junit/rules/ExpectedExceptionTest.class
/home/runner/work/junit4/junit4/target/test-classes/org/junit/experimental/categories/CategoryTest$Ancestor.class
/home/runner/work/junit4/junit4/target/test-classes/org/junit/experimental/categories/CategoryTest$Inherited.class
/home/runner/work/junit4/junit4/target/test-classes/org/junit/experimental/categories/CategoryTest$InheritanceSuite.class
/home/runner/work/junit4/junit4/target/test-classes/org/junit/experimental/categories/CategoryTest$EmptyCategoriesSuite.class
/home/runner/work/junit4/junit4/target/test-classes/org/junit/experimental/categories/CategoryTest$NoTest.class
/home/runner/work/junit4/junit4/target/test-classes/org/junit/experimental/categories/CategoryTest$IgnoredTest.class
/home/runner/work/junit4/junit4/target/test-classes/org/junit/experimental/categories/CategoryTest$IgnoredTestCategoriesSuite.class
/home/runner/work/junit4/junit4/target/test-classes/org/junit/experimental/categories/CategoryTest$ExcludedTest1.class
/home/runner/work/junit4/junit4/target/test-classes/org/junit/experimental/categories/CategoryTest$ExcludedTest2.class
/home/runner/work/junit4/junit4/target/test-classes/org/junit/experimental/categories/CategoryTest$IncludedTest.class
/home/runner/work/junit4/junit4/target/test-classes/org/junit/experimental/categories/CategoryTest$IncludedExcludedSameSuite.class
/home/runner/work/junit4/junit4/target/test-classes/org/junit/experimental/categories/CategoryTest$NoIncludeCategoryAnnotationSuite.class
/home/runner/work/junit4/junit4/target/test-classes/org/junit/experimental/categories/CategoryTest$NoIncludeCategoryAnnotationTest.class
/home/runner/work/junit4/junit4/target/test-classes/org/junit/experimental/categories/CategoryTest$SameAsNoIncludeCategoryAnnotationSuite.class
/home/runner/work/junit4/junit4/target/test-classes/org/junit/experimental/categories/CategoryTest.class
/home/runner/work/junit4/junit4/target/test-classes/org/junit/tests/junit3compatibility/ForwardCompatibilityTest$NoTests.class
/home/runner/work/junit4/junit4/target/test-classes/org/junit/tests/experimental/theories/runner/WithAutoGeneratedDataPoints$ENUM.class
/home/runner/work/junit4/junit4/target/javadoc-bundle-options/package-list
/home/runner/work/junit4/junit4/target/test-classes/org/junit/experimental/categories/CategoryTest$SomeAreSlow.class
/home/runner/work/junit4/junit4/target/classes/org/junit/runner/manipulation/Filter$1.class
/home/runner/work/junit4/junit4/target/test-classes/org/junit/tests/junit3compatibility/JUnit38ClassRunnerTest$OneTest.class
/home/runner/work/junit4/junit4/src/main/java/junit/runner/Version.java
/home/runner/work/junit4/junit4/target/test-classes/org/junit/rules/MethodRulesTest$TestMethodRule$1.class
/home/runner/work/junit4/junit4/src/main/java/org/junit/Assert.java
/home/runner/work/junit4/junit4/src/site/fml/faq.fml
/home/runner/work/junit4/junit4/target/classes/org/junit/internal/TextListener.class
/home/runner/work/junit4/junit4/target/classes/org/junit/runner/Computer$2.class
/home/runner/work/junit4/junit4/target/classes/org/junit/runner/Result$Listener.class
/home/runner/work/junit4/junit4/target/test-classes/org/junit/tests/experimental/theories/extendingwithstubs/MethodCall.class
/home/runner/work/junit4/junit4/target/test-classes/org/junit/experimental/categories/JavadocTest.class
/home/runner/work/junit4/junit4/target/test-classes/org/junit/rules/ExternalResourceRuleTest$1.class
/home/runner/work/junit4/junit4/target/test-classes/org/junit/rules/ExternalResourceRuleTest$UsesExternalResource.class
/home/runner/work/junit4/junit4/target/test-classes/org/junit/rules/ExternalResourceRuleTest$UsesExternalResource$1.class
/home/runner/work/junit4/junit4/target/test-classes/org/junit/rules/ExternalResourceRuleTest$TestFailsAndTwoClosingResourcesFail.class
/home/runner/work/junit4/junit4/pom.xml
/home/runner/work/junit4/junit4/src/main/java/org/junit/runners/ParentRunner.java
/home/runner/work/junit4/junit4/src/test/java/org/junit/tests/running/classes/ParameterizedTestTest.java
/home/runner/work/junit4/junit4/target/test-classes/org/junit/rules/TestRuleTest$TestRuleOrderingWithMethodRule.class
/home/runner/work/junit4/junit4/target/test-classes/org/junit/tests/experimental/max/MaxStarterTest$MalformedJUnit38TestMethod.class
/home/runner/work/junit4/junit4/target/surefire/surefire15864091508202978864tmp
/home/runner/work/junit4/junit4/target/surefire/surefire_03902492497632527116tmp
/home/runner/work/junit4/junit4/target/test-classes/org/junit/experimental/categories/CategoryTest$TestSuiteWithNoCategories.class
/home/runner/work/junit4/junit4/target/test-classes/org/junit/runner/notification/AllNotificationTests.class
/home/runner/work/junit4/junit4/target/test-classes/org/junit/rules/MethodRulesTest$CallsMethodReturningRuleOnlyOnce$Dummy.class
/home/runner/work/junit4/junit4/src/test/java/org/junit/tests/running/methods/AnnotationTest.java
/home/runner/work/junit4/junit4/src/test/java/org/junit/tests/assertion/AssertionTest.java
/home/runner/work/junit4/junit4/src/main/java/org/junit/matchers/package-info.java
/home/runner/work/junit4/junit4/src/main/java/org/junit/internal/runners/statements/RunBefores.java
/home/runner/work/junit4/junit4/src/main/java/org/junit/internal/runners/statements/RunAfters.java
/home/runner/work/junit4/junit4/src/main/java/org/junit/internal/runners/statements/InvokeMethod.java
/home/runner/work/junit4/junit4/src/main/java/org/junit/internal/runners/statements/FailOnTimeout.java
/home/runner/work/junit4/junit4/src/main/java/org/junit/internal/runners/rules/ValidationError.java
/home/runner/work/junit4/junit4/src/main/java/org/junit/internal/runners/statements/Fail.java
/home/runner/work/junit4/junit4/src/main/java/org/junit/internal/runners/model/MultipleFailureException.java
/home/runner/work/junit4/junit4/src/main/java/org/junit/internal/runners/model/ReflectiveCallable.java
/home/runner/work/junit4/junit4/src/main/java/org/junit/internal/runners/package-info.java
/home/runner/work/junit4/junit4/src/main/java/org/junit/package-info.java
/home/runner/work/junit4/junit4/src/main/java/org/junit/rules/RunRules.java
/home/runner/work/junit4/junit4/src/main/java/org/junit/rules/Stopwatch.java
/home/runner/work/junit4/junit4/src/main/java/org/junit/rules/TemporaryFolder.java
/home/runner/work/junit4/junit4/src/main/java/org/junit/rules/ErrorCollector.java
/home/runner/work/junit4/junit4/src/main/java/org/junit/rules/ExpectedException.java
/home/runner/work/junit4/junit4/src/main/java/org/junit/rules/ExpectedExceptionMatcherBuilder.java
/home/runner/work/junit4/junit4/src/main/java/org/junit/rules/ExternalResource.java
/home/runner/work/junit4/junit4/src/main/java/org/junit/rules/RuleChain.java
/home/runner/work/junit4/junit4/src/main/java/org/junit/rules/MethodRule.java
/home/runner/work/junit4/junit4/src/main/java/junit/framework/ComparisonCompactor.java
/home/runner/work/junit4/junit4/.github/workflows/settings.xml
/home/runner/work/junit4/junit4/.github/workflows/script.py
/home/runner/work/junit4/junit4/src/main/java/junit/extensions/ActiveTestSuite.java
/home/runner/work/junit4/junit4/src/main/java/junit/extensions/RepeatedTest.java
/home/runner/work/junit4/junit4/src/main/java/junit/extensions/TestDecorator.java
/home/runner/work/junit4/junit4/src/main/java/junit/extensions/TestSetup.java
/home/runner/work/junit4/junit4/src/main/java/junit/extensions/package-info.java
/home/runner/work/junit4/junit4/src/main/java/junit/framework/AssertionFailedError.java
/home/runner/work/junit4/junit4/mvnw
/home/runner/work/junit4/junit4/.mvn/wrapper/maven-wrapper.properties
/home/runner/work/junit4/junit4/src/main/java/junit/framework/ComparisonFailure.java
/home/runner/work/junit4/junit4/src/main/java/org/junit/internal/requests/MemoizingRequest.java
/home/runner/work/junit4/junit4/src/main/java/org/junit/internal/requests/OrderingRequest.java
/home/runner/work/junit4/junit4/src/main/java/org/junit/internal/requests/SortingRequest.java
/home/runner/work/junit4/junit4/src/main/java/org/junit/internal/requests/package-info.java
/home/runner/work/junit4/junit4/src/main/java/org/junit/internal/runners/ErrorReportingRunner.java
/home/runner/work/junit4/junit4/src/main/java/org/junit/internal/runners/FailedBefore.java
/home/runner/work/junit4/junit4/src/main/java/org/junit/internal/requests/FilterRequest.java
/home/runner/work/junit4/junit4/src/main/java/org/junit/internal/matchers/TypeSafeMatcher.java
/home/runner/work/junit4/junit4/src/main/java/org/junit/internal/builders/JUnit4Builder.java
/home/runner/work/junit4/junit4/src/main/java/org/junit/internal/SerializableMatcherDescription.java
/home/runner/work/junit4/junit4/src/main/java/org/junit/internal/SerializableValueDescription.java
/home/runner/work/junit4/junit4/src/main/java/org/junit/internal/TextListener.java
/home/runner/work/junit4/junit4/src/main/java/org/junit/internal/Throwables.java
/home/runner/work/junit4/junit4/src/main/java/org/junit/internal/builders/AnnotatedBuilder.java
/home/runner/work/junit4/junit4/src/main/java/org/junit/internal/builders/IgnoredBuilder.java
/home/runner/work/junit4/junit4/src/main/java/org/junit/internal/builders/IgnoredClassRunner.java
/home/runner/work/junit4/junit4/src/main/java/org/junit/internal/builders/JUnit3Builder.java
/home/runner/work/junit4/junit4/src/main/java/org/junit/internal/builders/NullBuilder.java
/home/runner/work/junit4/junit4/src/main/java/org/junit/internal/matchers/ThrowableMessageMatcher.java
/home/runner/work/junit4/junit4/src/main/java/org/junit/internal/builders/SuiteMethodBuilder.java
/home/runner/work/junit4/junit4/src/main/java/org/junit/internal/management/FakeThreadMXBean.java
/home/runner/work/junit4/junit4/src/main/java/org/junit/internal/management/ManagementFactory.java
/home/runner/work/junit4/junit4/src/main/java/org/junit/internal/management/ReflectiveRuntimeMXBean.java
/home/runner/work/junit4/junit4/src/main/java/org/junit/internal/management/ReflectiveThreadMXBean.java
/home/runner/work/junit4/junit4/src/main/java/org/junit/internal/management/RuntimeMXBean.java
/home/runner/work/junit4/junit4/src/main/java/org/junit/internal/management/ThreadMXBean.java
/home/runner/work/junit4/junit4/src/main/java/org/junit/internal/matchers/ThrowableCauseMatcher.java
/home/runner/work/junit4/junit4/src/main/java/org/junit/internal/runners/InitializationError.java
/home/runner/work/junit4/junit4/src/main/java/org/junit/internal/runners/JUnit38ClassRunner.java
/home/runner/work/junit4/junit4/src/main/java/org/junit/internal/runners/JUnit4ClassRunner.java
/home/runner/work/junit4/junit4/src/main/java/org/junit/internal/runners/MethodRoadie.java
/home/runner/work/junit4/junit4/src/main/java/org/junit/internal/runners/MethodValidator.java
/home/runner/work/junit4/junit4/src/main/java/org/junit/internal/runners/SuiteMethod.java
/home/runner/work/junit4/junit4/src/main/java/org/junit/internal/runners/TestClass.java
/home/runner/work/junit4/junit4/src/main/java/org/junit/internal/runners/TestMethod.java
/home/runner/work/junit4/junit4/src/main/java/org/junit/internal/RealSystem.java
/home/runner/work/junit4/junit4/src/main/java/org/junit/internal/MethodSorter.java
/home/runner/work/junit4/junit4/src/main/java/org/junit/internal/JUnitSystem.java
/home/runner/work/junit4/junit4/target/site/javadoc/latest/options
/home/runner/work/junit4/junit4/src/main/java/org/junit/AssumptionViolatedException.java
/home/runner/work/junit4/junit4/src/main/java/junit/runner/package-info.java
/home/runner/work/junit4/junit4/src/main/java/junit/textui/TestRunner.java
/home/runner/work/junit4/junit4/src/main/java/junit/textui/package-info.java
/home/runner/work/junit4/junit4/src/main/java/org/junit/AfterClass.java
/home/runner/work/junit4/junit4/src/main/java/junit/runner/Version.java.template
/home/runner/work/junit4/junit4/src/main/java/junit/framework/JUnit4TestAdapter.java
/home/runner/work/junit4/junit4/src/main/java/junit/framework/JUnit4TestAdapterCache.java
/home/runner/work/junit4/junit4/src/main/java/junit/framework/JUnit4TestCaseFacade.java
/home/runner/work/junit4/junit4/src/main/java/junit/framework/Protectable.java
/home/runner/work/junit4/junit4/src/main/java/junit/framework/Test.java
/home/runner/work/junit4/junit4/src/main/java/junit/framework/TestCase.java
/home/runner/work/junit4/junit4/src/main/java/junit/framework/TestFailure.java
/home/runner/work/junit4/junit4/src/main/java/junit/framework/TestListener.java
/home/runner/work/junit4/junit4/src/main/java/junit/framework/TestResult.java
/home/runner/work/junit4/junit4/src/main/java/junit/framework/TestSuite.java
/home/runner/work/junit4/junit4/src/main/java/junit/framework/package-info.java
/home/runner/work/junit4/junit4/src/main/java/junit/runner/TestRunListener.java
/home/runner/work/junit4/junit4/src/main/java/org/junit/Assume.java
/home/runner/work/junit4/junit4/src/main/java/org/junit/Before.java
/home/runner/work/junit4/junit4/src/main/java/org/junit/internal/InexactComparisonCriteria.java
/home/runner/work/junit4/junit4/src/main/java/org/junit/experimental/theories/internal/ParameterizedAssertionError.java
/home/runner/work/junit4/junit4/src/main/java/org/junit/experimental/theories/ParameterSignature.java
/home/runner/work/junit4/junit4/src/main/java/org/junit/experimental/theories/ParameterSupplier.java
/home/runner/work/junit4/junit4/src/main/java/org/junit/experimental/theories/ParametersSuppliedBy.java
/home/runner/work/junit4/junit4/src/main/java/org/junit/experimental/theories/PotentialAssignment.java
/home/runner/work/junit4/junit4/src/main/java/org/junit/experimental/theories/Theories.java
/home/runner/work/junit4/junit4/src/main/java/org/junit/experimental/theories/Theory.java
/home/runner/work/junit4/junit4/src/main/java/org/junit/experimental/theories/internal/Assignments.java
/home/runner/work/junit4/junit4/src/main/java/org/junit/experimental/theories/internal/BooleanSupplier.java
/home/runner/work/junit4/junit4/src/main/java/org/junit/experimental/theories/internal/EnumSupplier.java
/home/runner/work/junit4/junit4/src/main/java/org/junit/experimental/theories/internal/SpecificDataPointsSupplier.java
/home/runner/work/junit4/junit4/src/main/java/org/junit/BeforeClass.java
/home/runner/work/junit4/junit4/src/main/java/org/junit/experimental/theories/suppliers/TestedOnSupplier.java
/home/runner/work/junit4/junit4/src/main/java/org/junit/internal/AssumptionViolatedException.java
/home/runner/work/junit4/junit4/src/main/java/org/junit/internal/Checks.java
/home/runner/work/junit4/junit4/src/main/java/org/junit/internal/Classes.java
/home/runner/work/junit4/junit4/src/main/java/org/junit/internal/ComparisonCriteria.java
/home/runner/work/junit4/junit4/src/main/java/org/junit/internal/ExactComparisonCriteria.java
/home/runner/work/junit4/junit4/src/main/java/org/junit/experimental/theories/FromDataPoints.java
/home/runner/work/junit4/junit4/src/main/java/org/junit/experimental/theories/DataPoints.java
/home/runner/work/junit4/junit4/src/main/java/org/junit/experimental/results/ResultMatchers.java
/home/runner/work/junit4/junit4/src/main/java/org/junit/ClassRule.java
/home/runner/work/junit4/junit4/src/main/java/org/junit/ComparisonFailure.java
/home/runner/work/junit4/junit4/src/main/java/org/junit/FixMethodOrder.java
/home/runner/work/junit4/junit4/src/main/java/org/junit/Ignore.java
/home/runner/work/junit4/junit4/src/main/java/org/junit/Rule.java
/home/runner/work/junit4/junit4/src/main/java/org/junit/Test.java
/home/runner/work/junit4/junit4/src/main/java/org/junit/TestCouldNotBeSkippedException.java
/home/runner/work/junit4/junit4/src/main/java/org/junit/experimental/categories/Category.java
/home/runner/work/junit4/junit4/src/main/java/org/junit/experimental/categories/CategoryFilterFactory.java
/home/runner/work/junit4/junit4/src/main/java/org/junit/experimental/categories/CategoryValidator.java
/home/runner/work/junit4/junit4/src/main/java/org/junit/experimental/categories/ExcludeCategories.java
/home/runner/work/junit4/junit4/src/main/java/org/junit/experimental/categories/IncludeCategories.java
/home/runner/work/junit4/junit4/src/main/java/org/junit/experimental/max/MaxCore.java
/home/runner/work/junit4/junit4/src/main/java/org/junit/experimental/max/MaxHistory.java
/home/runner/work/junit4/junit4/src/main/java/org/junit/experimental/results/PrintableResult.java
/home/runner/work/junit4/junit4/target/site/javadoc/latest/packages
/home/runner/work/junit4/junit4/target/test-classes/org/junit/rules/MethodRulesTest$BeforesAndAfters$1.class
/home/runner/work/junit4/junit4/src/test/java/org/junit/experimental/categories/CategoriesAndParameterizedTest.java
/home/runner/work/junit4/junit4/src/test/java/org/junit/experimental/categories/CategoryFilterFactoryTest.java
/home/runner/work/junit4/junit4/src/test/java/org/junit/tests/running/classes/ThreadsTest.java
/home/runner/work/junit4/junit4/src/test/java/org/junit/tests/manipulation/SingleMethodTest.java
/home/runner/work/junit4/junit4/src/test/java/org/junit/tests/manipulation/SortableTest.java
/home/runner/work/junit4/junit4/src/test/java/org/junit/tests/package-info.java
/home/runner/work/junit4/junit4/src/test/java/org/junit/tests/running/classes/BlockJUnit4ClassRunnerTest.java
/home/runner/work/junit4/junit4/src/test/java/org/junit/tests/running/classes/ClassLevelMethodsWithIgnoredTestsTest.java
/home/runner/work/junit4/junit4/src/test/java/org/junit/tests/running/classes/EnclosedTest.java
/home/runner/work/junit4/junit4/src/test/java/org/junit/tests/running/classes/IgnoreClassTest.java
/home/runner/work/junit4/junit4/target/test-classes/org/junit/tests/manipulation/OrderWithTest$TestClassRunnerIsSortableViaOrderWith$SortedAlphanumerically.class
/home/runner/work/junit4/junit4/src/test/java/org/junit/tests/running/classes/ParentRunnerFilteringTest.java
/home/runner/work/junit4/junit4/src/test/java/org/junit/tests/running/classes/ParentRunnerTest.java
/home/runner/work/junit4/junit4/src/test/java/org/junit/tests/running/classes/RunWithTest.java
/home/runner/work/junit4/junit4/src/test/java/org/junit/tests/running/classes/SuiteTest.java
/home/runner/work/junit4/junit4/src/test/java/org/junit/tests/running/classes/UseSuiteAsASuperclassTest.java
/home/runner/work/junit4/junit4/src/test/java/org/junit/experimental/categories/CategoryTest.java
/home/runner/work/junit4/junit4/src/test/java/org/junit/tests/running/classes/parent/TestWithClassRule.java
/home/runner/work/junit4/junit4/src/test/java/org/junit/tests/running/core/CommandLineTest.java
/home/runner/work/junit4/junit4/src/test/java/org/junit/tests/running/core/JUnitCoreReturnsCorrectExitCodeTest.java
/home/runner/work/junit4/junit4/src/test/java/org/junit/tests/running/core/MainRunner.java
/home/runner/work/junit4/junit4/src/test/java/org/junit/tests/running/core/SystemExitTest.java
/home/runner/work/junit4/junit4/src/test/java/org/junit/tests/running/methods/ExpectedTest.java
/home/runner/work/junit4/junit4/src/test/java/org/junit/tests/running/methods/InheritedTestTest.java
/home/runner/work/junit4/junit4/src/test/java/org/junit/tests/running/methods/ParameterizedTestMethodTest.java
/home/runner/work/junit4/junit4/src/test/java/org/junit/tests/running/methods/TestMethodTest.java
/home/runner/work/junit4/junit4/src/test/java/org/junit/tests/running/methods/TimeoutTest.java
/home/runner/work/junit4/junit4/src/test/java/org/junit/tests/validation/BadlyFormedClassesTest.java
/home/runner/work/junit4/junit4/src/test/java/org/junit/tests/manipulation/ReverseAlphanumericSorter.java
/home/runner/work/junit4/junit4/src/test/java/org/junit/tests/manipulation/ReverseAlphanumericOrdering.java
/home/runner/work/junit4/junit4/src/test/java/org/junit/tests/manipulation/OrderableTest.java
/home/runner/work/junit4/junit4/src/test/java/org/junit/tests/manipulation/OrderWithTest.java
/home/runner/work/junit4/junit4/src/test/java/org/junit/tests/experimental/theories/runner/WithNamedDataPoints.java
/home/runner/work/junit4/junit4/src/test/java/org/junit/tests/experimental/theories/runner/WithOnlyTestAnnotations.java
/home/runner/work/junit4/junit4/src/test/java/org/junit/tests/experimental/theories/runner/WithParameterSupplier.java
/home/runner/work/junit4/junit4/src/test/java/org/junit/tests/experimental/theories/runner/WithUnresolvedGenericTypeVariablesOnTheoryParms.java
/home/runner/work/junit4/junit4/src/test/java/org/junit/tests/junit3compatibility/AllTestsTest.java
/home/runner/work/junit4/junit4/src/test/java/org/junit/tests/junit3compatibility/ClassRequestTest.java
/home/runner/work/junit4/junit4/src/test/java/org/junit/tests/junit3compatibility/ForwardCompatibilityPrintingTest.java
/home/runner/work/junit4/junit4/src/test/java/org/junit/tests/junit3compatibility/ForwardCompatibilityTest.java
/home/runner/work/junit4/junit4/src/test/java/org/junit/tests/junit3compatibility/InitializationErrorForwardCompatibilityTest.java
/home/runner/work/junit4/junit4/src/test/java/org/junit/tests/junit3compatibility/JUnit38ClassRunnerTest.java
/home/runner/work/junit4/junit4/src/test/java/org/junit/tests/junit3compatibility/JUnit4TestAdapterTest.java
/home/runner/work/junit4/junit4/src/test/java/org/junit/tests/junit3compatibility/OldTestClassAdaptingListenerTest.java
/home/runner/work/junit4/junit4/src/test/java/org/junit/tests/junit3compatibility/OldTests.java
/home/runner/work/junit4/junit4/src/test/java/org/junit/tests/junit3compatibility/SuiteMethodTest.java
/home/runner/work/junit4/junit4/src/test/java/org/junit/tests/listening/RunnerTest.java
/home/runner/work/junit4/junit4/src/test/java/org/junit/tests/listening/TestListenerTest.java
/home/runner/work/junit4/junit4/src/test/java/org/junit/tests/listening/TextListenerTest.java
/home/runner/work/junit4/junit4/src/test/java/org/junit/tests/listening/UserStopTest.java
/home/runner/work/junit4/junit4/src/test/java/org/junit/tests/manipulation/AlphanumericOrdering.java
/home/runner/work/junit4/junit4/src/test/java/org/junit/tests/manipulation/ComparatorBasedOrdering.java
/home/runner/work/junit4/junit4/src/test/java/org/junit/tests/manipulation/Comparators.java
/home/runner/work/junit4/junit4/src/test/java/org/junit/tests/manipulation/FilterTest.java
/home/runner/work/junit4/junit4/src/test/java/org/junit/tests/manipulation/FilterableTest.java
/home/runner/work/junit4/junit4/src/test/java/org/junit/tests/validation/FailedConstructionTest.java
/home/runner/work/junit4/junit4/src/test/java/org/junit/tests/validation/ValidationTest.java
/home/runner/work/junit4/junit4/target/classes/org/junit/internal/builders/JUnit4Builder.class
/home/runner/work/junit4/junit4/target/classes/org/junit/experimental/max/MaxCore$1$1.class
/home/runner/work/junit4/junit4/target/classes/org/junit/experimental/max/MaxCore$1.class
/home/runner/work/junit4/junit4/target/test-classes/org/junit/assumptionViolatedExceptionWithValueAndMatcherCanBeReserialized_v4_13
/home/runner/work/junit4/junit4/target/test-classes/org/junit/internal/arrayComparisonFailure_411
/home/runner/work/junit4/junit4/target/test-classes/org/junit/internal/arrayComparisonFailure_412
/home/runner/work/junit4/junit4/target/test-classes/org/junit/assumptionViolatedExceptionWithoutValueAndMatcherCanBeReserialized_v4_13
/home/runner/work/junit4/junit4/target/test-classes/junit/tests/runner/testRunSuccessResultCanBeReserialised_v4_13
/home/runner/work/junit4/junit4/target/test-classes/junit/tests/runner/testRunSuccessResultCanBeReserialised_v4_12
/home/runner/work/junit4/junit4/target/test-classes/junit/tests/runner/testRunAssumptionFailedResultCanBeReserialised_v4_13
/home/runner/work/junit4/junit4/target/test-classes/junit/tests/runner/testRunAssumptionFailedResultCanBeReserialised_v4_12
/home/runner/work/junit4/junit4/target/test-classes/junit/tests/runner/testRunFailureResultCanBeReserialised_v4_12
/home/runner/work/junit4/junit4/target/test-classes/org/junit/tests/manipulation/OrderableTest$UnOrderableRunnersAreHandledWithoutCrashing$UnOrderableRunner.class
/home/runner/work/junit4/junit4/target/test-classes/org/junit/tests/manipulation/OrderableTest$UnOrderableRunnersAreHandledWithoutCrashing$UnOrderable.class
/home/runner/work/junit4/junit4/target/test-classes/org/junit/tests/manipulation/OrderableTest$UnOrderableRunnersAreHandledWithoutCrashing.class
/home/runner/work/junit4/junit4/target/test-classes/org/junit/tests/manipulation/OrderableTest.class
/home/runner/work/junit4/junit4/target/test-classes/org/junit/runners/model/InvalidTestClassErrorTest.class
/home/runner/work/junit4/junit4/target/test-classes/org/junit/runners/model/FrameworkFieldTest.class
/home/runner/work/junit4/junit4/target/test-classes/org/junit/runners/model/FrameworkFieldTest$ClassWithDummyField.class
/home/runner/work/junit4/junit4/target/test-classes/junit/tests/framework/NotPublicTestCase.class
/home/runner/work/junit4/junit4/target/test-classes/org/junit/rules/MethodRulesTest$HasMultipleMethodsReturningMethodRule.class
/home/runner/work/junit4/junit4/target/test-classes/org/junit/rules/MethodRulesTest$HasMethodReturningMethodRule.class
/home/runner/work/junit4/junit4/target/test-classes/org/junit/rules/MethodRulesTest$HasMethodReturningMethodRule$1.class
/home/runner/work/junit4/junit4/target/test-classes/org/junit/rules/MethodRulesTest$HasMethodReturningMethodRule$1$1.class
/home/runner/work/junit4/junit4/target/test-classes/org/junit/rules/MethodRulesTest$UsesCustomMethodRule.class
/home/runner/work/junit4/junit4/target/test-classes/org/junit/rules/MethodRulesTest$CustomTestName.class
/home/runner/work/junit4/junit4/target/classes/org/junit/experimental/theories/internal/BooleanSupplier.class
/home/runner/work/junit4/junit4/target/classes/org/junit/rules/Verifier.class
/home/runner/work/junit4/junit4/src/test/java/org/junit/tests/validation/anotherpackage/Super.java
/home/runner/work/junit4/junit4/target/classes/org/junit/rules/Verifier$1.class
/home/runner/work/junit4/junit4/src/test/java/org/junit/validator/AnnotationValidatorFactoryTest.java
/home/runner/work/junit4/junit4/src/test/java/org/junit/validator/AnnotationsValidatorTest.java
/home/runner/work/junit4/junit4/src/test/java/org/junit/validator/PublicClassValidatorTest.java
/home/runner/work/junit4/junit4/target/classes/junit/runner/smalllogo.gif
/home/runner/work/junit4/junit4/target/classes/junit/runner/logo.gif
/home/runner/work/junit4/junit4/target/classes/LICENSE-junit.txt
/home/runner/work/junit4/junit4/target/classes/junit/framework/TestResult.class
/home/runner/work/junit4/junit4/target/classes/org/junit/rules/ErrorCollector$1.class
/home/runner/work/junit4/junit4/target/classes/org/junit/rules/ErrorCollector.class
/home/runner/work/junit4/junit4/src/test/java/org/junit/tests/experimental/theories/runner/WithExtendedParameterSources.java
/home/runner/work/junit4/junit4/src/test/java/org/junit/tests/experimental/theories/runner/WithDataPointMethod.java
/home/runner/work/junit4/junit4/src/test/java/org/junit/tests/experimental/theories/runner/WithAutoGeneratedDataPoints.java
/home/runner/work/junit4/junit4/src/test/java/org/junit/rules/TempFolderRuleTest.java
/home/runner/work/junit4/junit4/src/test/java/org/junit/rules/TemporaryFolderUsageTest.java
/home/runner/work/junit4/junit4/src/test/java/org/junit/rules/TestRuleTest.java
/home/runner/work/junit4/junit4/src/test/java/org/junit/rules/TestWatcherTest.java
/home/runner/work/junit4/junit4/src/test/java/org/junit/rules/TestWatchmanTest.java
/home/runner/work/junit4/junit4/src/test/java/org/junit/rules/TimeoutRuleTest.java
/home/runner/work/junit4/junit4/src/test/java/org/junit/rules/VerifierRuleTest.java
/home/runner/work/junit4/junit4/src/test/java/org/junit/runner/FilterFactoriesTest.java
/home/runner/work/junit4/junit4/src/test/java/org/junit/runner/FilterOptionIntegrationTest.java
/home/runner/work/junit4/junit4/src/test/java/org/junit/runner/JUnitCommandLineParseResultTest.java
/home/runner/work/junit4/junit4/src/test/java/org/junit/runner/JUnitCoreTest.java
/home/runner/work/junit4/junit4/src/test/java/org/junit/runner/OrderWithValidatorTest.java
/home/runner/work/junit4/junit4/src/test/java/org/junit/runner/RequestTest.java
/home/runner/work/junit4/junit4/src/test/java/org/junit/runner/RunnerSpy.java
/home/runner/work/junit4/junit4/src/test/java/org/junit/runner/notification/ConcurrentRunNotifierTest.java
/home/runner/work/junit4/junit4/src/test/java/org/junit/runner/notification/RunNotifierTest.java
/home/runner/work/junit4/junit4/src/test/java/org/junit/runner/notification/SynchronizedRunListenerTest.java
/home/runner/work/junit4/junit4/src/test/java/org/junit/runners/CustomBlockJUnit4ClassRunnerTest.java
/home/runner/work/junit4/junit4/src/test/java/org/junit/runners/RuleContainerTest.java
/home/runner/work/junit4/junit4/src/test/java/org/junit/runners/model/FrameworkFieldTest.java
/home/runner/work/junit4/junit4/src/test/java/org/junit/runners/model/FrameworkMethodTest.java
/home/runner/work/junit4/junit4/src/test/java/org/junit/runners/model/InvalidTestClassErrorTest.java
/home/runner/work/junit4/junit4/src/test/java/org/junit/runners/model/RunnerBuilderStub.java
/home/runner/work/junit4/junit4/src/test/java/org/junit/rules/TemporaryFolderRuleAssuredDeletionTest.java
/home/runner/work/junit4/junit4/src/test/java/org/junit/rules/StopwatchTest.java
/home/runner/work/junit4/junit4/src/test/java/org/junit/rules/RuleMemberValidatorTest.java
/home/runner/work/junit4/junit4/src/test/java/org/junit/experimental/categories/CategoryValidatorTest.java
/home/runner/work/junit4/junit4/src/test/java/org/junit/experimental/categories/JavadocTest.java
/home/runner/work/junit4/junit4/src/test/java/org/junit/experimental/categories/MultiCategoryTest.java
/home/runner/work/junit4/junit4/src/test/java/org/junit/internal/ArrayComparisonFailureTest.java
/home/runner/work/junit4/junit4/src/test/java/org/junit/internal/ChecksTest.java
/home/runner/work/junit4/junit4/src/test/java/org/junit/internal/MethodSorterTest.java
/home/runner/work/junit4/junit4/src/test/java/org/junit/internal/StackTracesTest.java
/home/runner/work/junit4/junit4/src/test/java/org/junit/internal/matchers/ThrowableCauseMatcherTest.java
/home/runner/work/junit4/junit4/src/test/java/org/junit/internal/runners/statements/FailOnTimeoutTest.java
/home/runner/work/junit4/junit4/src/test/java/org/junit/rules/BlockJUnit4ClassRunnerOverrideTest.java
/home/runner/work/junit4/junit4/src/test/java/org/junit/rules/ClassRulesTest.java
/home/runner/work/junit4/junit4/src/test/java/org/junit/rules/DisableOnDebugTest.java
/home/runner/work/junit4/junit4/src/test/java/org/junit/rules/ErrorCollectorTest.java
/home/runner/work/junit4/junit4/src/test/java/org/junit/rules/EventCollector.java
/home/runner/work/junit4/junit4/src/test/java/org/junit/rules/ExpectedExceptionTest.java
/home/runner/work/junit4/junit4/src/test/java/org/junit/rules/ExternalResourceRuleTest.java
/home/runner/work/junit4/junit4/src/test/java/org/junit/rules/LoggingMethodRule.java
/home/runner/work/junit4/junit4/src/test/java/org/junit/rules/LoggingStatement.java
/home/runner/work/junit4/junit4/src/test/java/org/junit/rules/LoggingTestRule.java
/home/runner/work/junit4/junit4/src/test/java/org/junit/rules/LoggingTestWatcher.java
/home/runner/work/junit4/junit4/src/test/java/org/junit/rules/MethodRulesTest.java
/home/runner/work/junit4/junit4/src/test/java/org/junit/rules/NameRulesTest.java
/home/runner/work/junit4/junit4/src/test/java/org/junit/rules/RuleChainTest.java
/home/runner/work/junit4/junit4/src/test/java/org/junit/runners/model/TestClassTest.java
/home/runner/work/junit4/junit4/src/test/java/org/junit/runners/parameterized/BlockJUnit4ClassRunnerWithParametersTest.java
/home/runner/work/junit4/junit4/src/test/java/org/junit/tests/experimental/theories/runner/WhenNoParametersMatch.java
/home/runner/work/junit4/junit4/src/test/java/org/junit/tests/experimental/parallel/ParallelMethodTest.java
/home/runner/work/junit4/junit4/src/test/java/org/junit/tests/experimental/results/ResultMatchersTest.java
/home/runner/work/junit4/junit4/src/test/java/org/junit/tests/experimental/theories/AssumingInTheoriesTest.java
/home/runner/work/junit4/junit4/src/test/java/org/junit/tests/experimental/theories/ParameterSignatureTest.java
/home/runner/work/junit4/junit4/src/test/java/org/junit/tests/experimental/theories/PotentialAssignmentTest.java
/home/runner/work/junit4/junit4/src/test/java/org/junit/tests/experimental/theories/TestedOnSupplierTest.java
/home/runner/work/junit4/junit4/src/test/java/org/junit/tests/experimental/theories/TheoryTestUtils.java
/home/runner/work/junit4/junit4/src/test/java/org/junit/tests/experimental/theories/extendingwithstubs/Guesser.java
/home/runner/work/junit4/junit4/src/test/java/org/junit/tests/experimental/theories/extendingwithstubs/GuesserQueue.java
/home/runner/work/junit4/junit4/src/test/java/org/junit/tests/experimental/theories/extendingwithstubs/MethodCall.java
/home/runner/work/junit4/junit4/src/test/java/org/junit/tests/experimental/theories/extendingwithstubs/ReguessableValue.java
/home/runner/work/junit4/junit4/src/test/java/org/junit/tests/experimental/theories/extendingwithstubs/StringableObject.java
/home/runner/work/junit4/junit4/src/test/java/org/junit/tests/experimental/theories/extendingwithstubs/Stub.java
/home/runner/work/junit4/junit4/src/test/java/org/junit/tests/experimental/theories/extendingwithstubs/StubbedTheories.java
/home/runner/work/junit4/junit4/src/test/java/org/junit/tests/experimental/theories/extendingwithstubs/StubbedTheoriesTest.java
/home/runner/work/junit4/junit4/src/test/java/org/junit/tests/experimental/theories/internal/AllTheoriesInternalTests.java
/home/runner/work/junit4/junit4/src/test/java/org/junit/tests/experimental/theories/internal/ParameterizedAssertionErrorTest.java
/home/runner/work/junit4/junit4/src/test/java/org/junit/tests/experimental/theories/internal/SpecificDataPointsSupplierTest.java
/home/runner/work/junit4/junit4/src/test/java/org/junit/tests/experimental/theories/runner/FailingDataPointMethods.java
/home/runner/work/junit4/junit4/src/test/java/org/junit/tests/experimental/theories/runner/SuccessfulWithDataPointFields.java
/home/runner/work/junit4/junit4/src/test/java/org/junit/tests/experimental/theories/runner/TheoriesPerformanceTest.java
/home/runner/work/junit4/junit4/src/test/java/org/junit/tests/experimental/theories/runner/TypeMatchingBetweenMultiDataPointsMethod.java
/home/runner/work/junit4/junit4/src/test/java/org/junit/tests/experimental/theories/runner/UnsuccessfulWithDataPointFields.java
/home/runner/work/junit4/junit4/src/test/java/org/junit/tests/experimental/results/PrintableResultTest.java
/home/runner/work/junit4/junit4/src/test/java/org/junit/tests/experimental/parallel/ParallelClassTest.java
/home/runner/work/junit4/junit4/src/test/java/org/junit/runners/parameterized/ParameterizedNamesTest.java
/home/runner/work/junit4/junit4/src/test/java/org/junit/runners/parameterized/TestWithParametersTest.java
/home/runner/work/junit4/junit4/src/test/java/org/junit/samples/ListTest.java
/home/runner/work/junit4/junit4/src/test/java/org/junit/samples/SimpleTest.java
/home/runner/work/junit4/junit4/src/test/java/org/junit/samples/money/package-info.java
/home/runner/work/junit4/junit4/src/test/java/org/junit/samples/package-info.java
/home/runner/work/junit4/junit4/src/test/java/org/junit/tests/ObjectContractTest.java
/home/runner/work/junit4/junit4/src/test/java/org/junit/tests/SampleJUnit4Tests.java
/home/runner/work/junit4/junit4/src/test/java/org/junit/tests/TestSystem.java
/home/runner/work/junit4/junit4/src/test/java/org/junit/tests/assertion/ComparisonFailureTest.java
/home/runner/work/junit4/junit4/src/test/java/org/junit/tests/assertion/MultipleFailureExceptionTest.java
/home/runner/work/junit4/junit4/src/test/java/org/junit/tests/deprecated/JUnit4ClassRunnerTest.java
/home/runner/work/junit4/junit4/src/test/java/org/junit/tests/description/AnnotatedDescriptionTest.java
/home/runner/work/junit4/junit4/src/test/java/org/junit/tests/description/SuiteDescriptionTest.java
/home/runner/work/junit4/junit4/src/test/java/org/junit/tests/description/TestDescriptionMethodNameTest.java
/home/runner/work/junit4/junit4/src/test/java/org/junit/tests/description/TestDescriptionTest.java
/home/runner/work/junit4/junit4/src/test/java/org/junit/tests/experimental/AssumptionTest.java
/home/runner/work/junit4/junit4/src/test/java/org/junit/tests/experimental/MatcherTest.java
/home/runner/work/junit4/junit4/src/test/java/org/junit/tests/experimental/max/DescriptionTest.java
/home/runner/work/junit4/junit4/src/test/java/org/junit/tests/experimental/max/JUnit38SortingTest.java
/home/runner/work/junit4/junit4/src/test/java/org/junit/tests/experimental/max/MaxStarterTest.java
/home/runner/work/junit4/junit4/src/main/java/org/junit/runners/RuleContainer.java
/home/runner/work/junit4/junit4/src/main/java/org/junit/runners/Suite.java
/home/runner/work/junit4/junit4/src/main/java/org/junit/runners/JUnit4.java
/home/runner/work/junit4/junit4/src/main/java/org/junit/runners/MethodSorters.java
/home/runner/work/junit4/junit4/src/main/java/org/junit/runners/Parameterized.java
/home/runner/work/junit4/junit4/src/main/java/org/junit/runners/model/FrameworkField.java
/home/runner/work/junit4/junit4/src/main/java/org/junit/runners/model/FrameworkMember.java
/home/runner/work/junit4/junit4/src/main/java/org/junit/runners/model/FrameworkMethod.java
/home/runner/work/junit4/junit4/src/main/java/org/junit/runners/model/InitializationError.java
/home/runner/work/junit4/junit4/src/main/java/org/junit/runners/model/InvalidTestClassError.java
/home/runner/work/junit4/junit4/src/main/java/org/junit/runners/model/MemberValueConsumer.java
/home/runner/work/junit4/junit4/src/main/java/org/junit/runners/model/MultipleFailureException.java
/home/runner/work/junit4/junit4/src/main/java/org/junit/runners/model/NoGenericTypeParametersValidator.java
/home/runner/work/junit4/junit4/src/main/java/org/junit/runners/model/RunnerBuilder.java
/home/runner/work/junit4/junit4/src/main/java/org/junit/runners/model/RunnerScheduler.java
/home/runner/work/junit4/junit4/src/main/java/org/junit/runners/model/Statement.java
/home/runner/work/junit4/junit4/src/main/java/org/junit/runners/model/TestClass.java
/home/runner/work/junit4/junit4/src/main/java/org/junit/runners/model/TestTimedOutException.java
/home/runner/work/junit4/junit4/src/main/java/org/junit/runners/package-info.java
/home/runner/work/junit4/junit4/src/main/java/org/junit/runners/parameterized/BlockJUnit4ClassRunnerWithParametersFactory.java
/home/runner/work/junit4/junit4/src/main/java/org/junit/runners/parameterized/ParametersRunnerFactory.java
/home/runner/work/junit4/junit4/src/main/java/org/junit/runners/parameterized/TestWithParameters.java
/home/runner/work/junit4/junit4/src/main/java/org/junit/validator/AnnotationValidatorFactory.java
/home/runner/work/junit4/junit4/src/main/java/org/junit/validator/AnnotationsValidator.java
/home/runner/work/junit4/junit4/src/main/java/org/junit/validator/PublicClassValidator.java
/home/runner/work/junit4/junit4/src/main/java/org/junit/validator/TestClassValidator.java
/home/runner/work/junit4/junit4/src/main/java/org/junit/validator/ValidateWith.java
/home/runner/work/junit4/junit4/src/main/java/org/junit/runners/BlockJUnit4ClassRunner.java
/home/runner/work/junit4/junit4/src/main/java/org/junit/runner/Describable.java
/home/runner/work/junit4/junit4/src/main/java/org/junit/runner/Description.java
/home/runner/work/junit4/junit4/src/main/java/org/junit/runner/FilterFactories.java
/home/runner/work/junit4/junit4/src/main/java/org/junit/runner/FilterFactory.java
/home/runner/work/junit4/junit4/src/main/java/org/junit/runner/FilterFactoryParams.java
/home/runner/work/junit4/junit4/src/main/java/org/junit/runner/JUnitCommandLineParseResult.java
/home/runner/work/junit4/junit4/src/main/java/org/junit/runner/JUnitCore.java
/home/runner/work/junit4/junit4/src/main/java/org/junit/runner/OrderWith.java
/home/runner/work/junit4/junit4/src/main/java/org/junit/runner/OrderWithValidator.java
/home/runner/work/junit4/junit4/src/main/java/org/junit/runner/Request.java
/home/runner/work/junit4/junit4/src/main/java/org/junit/rules/Verifier.java
/home/runner/work/junit4/junit4/src/main/java/org/junit/rules/TestName.java
/home/runner/work/junit4/junit4/src/main/java/org/junit/rules/TestRule.java
/home/runner/work/junit4/junit4/src/main/java/org/junit/rules/TestWatcher.java
/home/runner/work/junit4/junit4/src/main/java/org/junit/rules/TestWatchman.java
/home/runner/work/junit4/junit4/src/main/java/org/junit/rules/Timeout.java
/home/runner/work/junit4/junit4/src/main/java/org/junit/runner/Result.java
/home/runner/work/junit4/junit4/src/main/java/org/junit/runner/RunWith.java
/home/runner/work/junit4/junit4/src/main/java/org/junit/runner/Runner.java
/home/runner/work/junit4/junit4/src/main/java/org/junit/runner/manipulation/Orderer.java
/home/runner/work/junit4/junit4/src/main/java/org/junit/runner/manipulation/Ordering.java
/home/runner/work/junit4/junit4/src/main/java/org/junit/runner/manipulation/Sortable.java
/home/runner/work/junit4/junit4/src/main/java/org/junit/runner/manipulation/Sorter.java
/home/runner/work/junit4/junit4/src/main/java/org/junit/runner/manipulation/package-info.java
/home/runner/work/junit4/junit4/src/main/java/org/junit/runner/notification/RunListener.java
/home/runner/work/junit4/junit4/src/main/java/org/junit/runner/notification/RunNotifier.java
/home/runner/work/junit4/junit4/src/main/java/org/junit/runner/notification/StoppedByUserException.java
/home/runner/work/junit4/junit4/src/main/java/org/junit/runner/notification/SynchronizedRunListener.java
/home/runner/work/junit4/junit4/src/main/java/org/junit/runner/notification/package-info.java
/home/runner/work/junit4/junit4/src/main/java/org/junit/runner/package-info.java
/home/runner/work/junit4/junit4/src/main/java/org/junit/runner/manipulation/Filter.java
/home/runner/work/junit4/junit4/src/main/java/org/junit/runner/manipulation/Filterable.java
/home/runner/work/junit4/junit4/src/main/java/org/junit/runner/manipulation/InvalidOrderingException.java
/home/runner/work/junit4/junit4/src/main/java/org/junit/runner/manipulation/NoTestsRemainException.java
/home/runner/work/junit4/junit4/src/main/java/org/junit/runner/manipulation/Orderable.java
/home/runner/work/junit4/junit4/src/test/java/junit/samples/ListTest.java
/home/runner/work/junit4/junit4/src/site/site.xml
/home/runner/work/junit4/junit4/src/site/xhtml/junit-lambda-contributors.xhtml
/home/runner/work/junit4/junit4/src/site/xhtml/junit-lambda-spending.xhtml
/home/runner/work/junit4/junit4/src/site/xhtml/junit-lambda.xhtml
/home/runner/work/junit4/junit4/src/site/xhtml/junit5.xhtml
/home/runner/work/junit4/junit4/src/test/java/junit/samples/AllTests.java
/home/runner/work/junit4/junit4/src/test/java/junit/samples/SimpleTest.java
/home/runner/work/junit4/junit4/src/test/java/junit/samples/package-info.java
/home/runner/work/junit4/junit4/src/test/java/junit/samples/money/Money.java
/home/runner/work/junit4/junit4/src/test/java/junit/samples/money/MoneyBag.java
/home/runner/work/junit4/junit4/target/site/apidocs/packages
/home/runner/work/junit4/junit4/target/site/apidocs/options
/home/runner/work/junit4/junit4/src/test/java/junit/samples/money/package-info.java
/home/runner/work/junit4/junit4/src/test/java/junit/samples/money/MoneyTest.java
/home/runner/work/junit4/junit4/src/test/java/junit/tests/framework/TestListenerTest.java
/home/runner/work/junit4/junit4/src/test/java/junit/tests/SampleJUnit3Tests.java
/home/runner/work/junit4/junit4/src/test/java/junit/tests/package-info.java
/home/runner/work/junit4/junit4/src/test/java/junit/tests/runner/BaseTestRunnerTest.java
/home/runner/work/junit4/junit4/src/test/java/junit/tests/runner/ResultTest.java
/home/runner/work/junit4/junit4/src/test/java/junit/tests/runner/StackFilterTest.java
/home/runner/work/junit4/junit4/src/test/java/junit/tests/runner/TextFeedbackTest.java
/home/runner/work/junit4/junit4/src/test/java/junit/tests/runner/TextRunnerSingleMethodTest.java
/home/runner/work/junit4/junit4/src/test/java/junit/tests/runner/TextRunnerTest.java
/home/runner/work/junit4/junit4/src/test/java/junit/tests/runner/package-info.java
/home/runner/work/junit4/junit4/src/test/java/junit/tests/framework/ThreeTestCases.java
/home/runner/work/junit4/junit4/src/test/java/junit/tests/framework/package-info.java
/home/runner/work/junit4/junit4/src/test/java/junit/tests/framework/TestImplementorTest.java
/home/runner/work/junit4/junit4/src/test/java/junit/tests/framework/NoArgTestCaseTest.java
/home/runner/work/junit4/junit4/src/test/java/junit/tests/WasRun.java
/home/runner/work/junit4/junit4/src/test/java/junit/tests/extensions/AllTests.java
/home/runner/work/junit4/junit4/src/test/java/junit/tests/extensions/ExtensionTest.java
/home/runner/work/junit4/junit4/src/test/java/junit/tests/extensions/RepeatedTestTest.java
/home/runner/work/junit4/junit4/src/test/java/junit/tests/extensions/package-info.java
/home/runner/work/junit4/junit4/src/test/java/junit/tests/framework/AssertTest.java
/home/runner/work/junit4/junit4/src/test/java/junit/tests/framework/AssertionFailedErrorTest.java
/home/runner/work/junit4/junit4/src/test/java/junit/tests/framework/ComparisonCompactorTest.java
/home/runner/work/junit4/junit4/src/test/java/junit/tests/framework/ComparisonFailureTest.java
/home/runner/work/junit4/junit4/src/test/java/junit/tests/framework/DoublePrecisionAssertTest.java
/home/runner/work/junit4/junit4/src/test/java/junit/tests/framework/Failure.java
/home/runner/work/junit4/junit4/src/test/java/junit/tests/framework/FloatAssertTest.java
/home/runner/work/junit4/junit4/src/test/java/junit/tests/framework/InheritedTestCase.java
/home/runner/work/junit4/junit4/src/test/java/junit/tests/framework/NoTestCaseClass.java
/home/runner/work/junit4/junit4/src/test/java/junit/tests/framework/NotVoidTestCase.java
/home/runner/work/junit4/junit4/src/test/java/junit/tests/framework/TestCaseTest.java
/home/runner/work/junit4/junit4/src/test/java/junit/tests/framework/SuiteTest.java
/home/runner/work/junit4/junit4/src/test/java/junit/tests/framework/Success.java
/home/runner/work/junit4/junit4/src/test/java/junit/tests/framework/OverrideTestCase.java
/home/runner/work/junit4/junit4/src/test/java/junit/tests/framework/OneTestCase.java
/home/runner/work/junit4/junit4/src/test/java/junit/tests/framework/NotPublicTestCase.java
/home/runner/work/junit4/junit4/src/test/java/junit/tests/framework/NoTestCases.java
/home/runner/work/junit4/junit4/src/test/java/junit/samples/money/IMoney.java
/home/runner/work/junit4/junit4/src/site/xhtml/junit-lambda-campaign.xhtml
/home/runner/work/junit4/junit4/src/site/xdoc/index.xml
/home/runner/work/junit4/junit4/src/test/java/junit/tests/extensions/ActiveTestTest.java
/home/runner/work/junit4/junit4/src/main/javadoc/stylesheet.css
/home/runner/work/junit4/junit4/src/main/java/org/junit/validator/AnnotationValidator.java
/home/runner/work/junit4/junit4/src/main/java/org/junit/runners/parameterized/BlockJUnit4ClassRunnerWithParameters.java
/home/runner/work/junit4/junit4/src/main/java/org/junit/runners/model/Annotatable.java
/home/runner/work/junit4/junit4/src/main/java/org/junit/runners/AllTests.java
/home/runner/work/junit4/junit4/src/main/java/org/junit/runner/notification/Failure.java
/home/runner/work/junit4/junit4/src/test/java/junit/tests/AllTests.java
/home/runner/work/junit4/junit4/src/test/java/junit/tests/framework/AllTests.java
/home/runner/work/junit4/junit4/src/main/java/org/junit/runner/Computer.java
/home/runner/work/junit4/junit4/src/test/java/org/junit/runner/AllRunnerTests.java
/home/runner/work/junit4/junit4/src/test/java/org/junit/tests/deprecated/AllDeprecatedTests.java
/home/runner/work/junit4/junit4/src/test/java/org/junit/tests/AllTests.java
/home/runner/work/junit4/junit4/src/test/java/org/junit/samples/money/MoneyTest.java
/home/runner/work/junit4/junit4/src/test/java/org/junit/runners/parameterized/AllParameterizedTests.java
/home/runner/work/junit4/junit4/src/test/java/org/junit/runners/AllRunnersTests.java
/home/runner/work/junit4/junit4/src/test/java/org/junit/runner/notification/AllNotificationTests.java
/home/runner/work/junit4/junit4/src/test/java/org/junit/rules/AllRulesTests.java
/home/runner/work/junit4/junit4/src/test/java/org/junit/AssumptionViolatedExceptionTest.java
/home/runner/work/junit4/junit4/src/test/java/org/junit/internal/runners/statements/ExpectExceptionTest.java
/home/runner/work/junit4/junit4/src/test/java/org/junit/internal/runners/ErrorReportingRunnerTest.java
/home/runner/work/junit4/junit4/src/test/java/org/junit/internal/matchers/StacktracePrintingMatcherTest.java
/home/runner/work/junit4/junit4/src/test/java/org/junit/internal/builders/AnnotatedBuilderTest.java
/home/runner/work/junit4/junit4/src/test/java/org/junit/internal/AllInternalTests.java
/home/runner/work/junit4/junit4/src/test/java/org/junit/experimental/categories/AllCategoriesTests.java
/home/runner/work/junit4/junit4/src/main/java/org/junit/runner/manipulation/Alphanumeric.java
/home/runner/work/junit4/junit4/src/main/java/org/junit/rules/DisableOnDebug.java
/home/runner/work/junit4/junit4/src/main/java/org/junit/After.java
/home/runner/work/junit4/junit4/src/main/java/junit/textui/ResultPrinter.java
/home/runner/work/junit4/junit4/src/main/java/junit/runner/BaseTestRunner.java
/home/runner/work/junit4/junit4/src/main/java/junit/framework/Assert.java
/home/runner/work/junit4/junit4/.mvn/wrapper/maven-wrapper.jar
/home/runner/work/junit4/junit4/src/main/java/org/junit/experimental/categories/Categories.java
/home/runner/work/junit4/junit4/src/main/java/org/junit/experimental/ParallelComputer.java
/home/runner/work/junit4/junit4/src/main/java/org/junit/experimental/max/CouldNotReadCoreException.java
/home/runner/work/junit4/junit4/src/main/java/org/junit/matchers/JUnitMatchers.java
/home/runner/work/junit4/junit4/src/main/java/org/junit/internal/management/FakeRuntimeMXBean.java
/home/runner/work/junit4/junit4/src/main/java/org/junit/internal/runners/statements/ExpectException.java
/home/runner/work/junit4/junit4/src/main/java/org/junit/internal/runners/rules/RuleMemberValidator.java
/home/runner/work/junit4/junit4/src/main/java/org/junit/internal/runners/model/EachTestNotifier.java
/home/runner/work/junit4/junit4/src/main/java/org/junit/internal/runners/ClassRoadie.java
/home/runner/work/junit4/junit4/src/main/java/org/junit/internal/requests/ClassRequest.java
/home/runner/work/junit4/junit4/src/main/java/org/junit/internal/matchers/StacktracePrintingMatcher.java
/home/runner/work/junit4/junit4/src/main/java/org/junit/internal/builders/AllDefaultPossibilitiesBuilder.java
/home/runner/work/junit4/junit4/src/main/java/org/junit/experimental/results/FailureList.java
/home/runner/work/junit4/junit4/src/main/java/org/junit/internal/ArrayComparisonFailure.java
/home/runner/work/junit4/junit4/src/main/java/org/junit/function/ThrowingRunnable.java
/home/runner/work/junit4/junit4/src/main/java/org/junit/experimental/theories/suppliers/TestedOn.java
/home/runner/work/junit4/junit4/src/main/java/org/junit/experimental/theories/internal/AllMembersSupplier.java
/home/runner/work/junit4/junit4/src/main/java/org/junit/experimental/theories/DataPoint.java
/home/runner/work/junit4/junit4/src/main/java/org/junit/experimental/runners/Enclosed.java
/home/runner/work/junit4/junit4/src/test/java/org/junit/tests/experimental/AllExperimentalTests.java
/home/runner/work/junit4/junit4/src/test/java/org/junit/tests/experimental/max/AllMaxTests.java
/home/runner/work/junit4/junit4/src/test/java/org/junit/tests/experimental/parallel/AllParallelTests.java
/home/runner/work/junit4/junit4/src/test/java/org/junit/tests/experimental/theories/extendingwithstubs/Correspondent.java
/home/runner/work/junit4/junit4/src/test/java/org/junit/validator/AllValidatorTests.java
/home/runner/work/junit4/junit4/src/test/java/org/junit/tests/validation/anotherpackage/Sub.java
/home/runner/work/junit4/junit4/src/test/java/org/junit/tests/running/classes/parent/ParentRunnerClassLoaderTest.java
/home/runner/work/junit4/junit4/src/test/java/org/junit/tests/manipulation/AllManipulationTests.java
/home/runner/work/junit4/junit4/src/test/java/org/junit/tests/listening/ListenerTest.java
/home/runner/work/junit4/junit4/src/test/java/org/junit/tests/junit3compatibility/AllJUnit3CompatibilityTests.java
/home/runner/work/junit4/junit4/src/test/java/org/junit/tests/experimental/theories/runner/AllTheoriesRunnerTests.java
/home/runner/work/junit4/junit4/src/test/java/org/junit/tests/experimental/theories/internal/AllMembersSupplierTest.java
